#
# A fatal error has been detected by the Java Runtime Environment:
#
#  EXCEPTION_ACCESS_VIOLATION (0xc0000005) at pc=0x021954bb, pid=140, tid=2600
#
# JRE version: Java(TM) SE Runtime Environment (7.0_79-b15) (build 1.7.0_79-b15)
# Java VM: Java HotSpot(TM) Client VM (24.79-b02 mixed mode, sharing windows-x86 )
# Problematic frame:
# V  [jvm.dll+0xc54bb]
#
# Failed to write core dump. Minidumps are not enabled by default on client versions of Windows
#
# If you would like to submit a bug report, please visit:
#   http://bugreport.java.com/bugreport/crash.jsp
#

---------------  T H R E A D  ---------------

Current thread (0x0077c800):  JavaThread "main" [_thread_in_vm, id=2600, stack(0x01f60000,0x01fb0000)]

siginfo: ExceptionCode=0xc0000005, reading address 0x00000000

Registers:
EAX=0x00000000, EBX=0x10120278, ECX=0x00000000, EDX=0x00000001
ESP=0x01fadbfc, EBP=0x01fadc18, ESI=0x0077c930, EDI=0x0077c800
EIP=0x021954bb, EFLAGS=0x00010246

Top of Stack: (sp=0x01fadbfc)
0x01fadbfc:   00000000 0077c930 10120278 0077c800
0x01fadc0c:   00000000 0077c800 0077c930 01fadc68
0x01fadc1c:   0ffac8d5 0077c930 00000000 00770079
0x01fadc2c:   0077c930 10120278 0ffac8a7 00000001
0x01fadc3c:   0000000f ffff0049 01fadc68 0ffac883
0x01fadc4c:   0077c930 00000001 0000000f 0077c800
0x01fadc5c:   342472f0 342472f0 0077c930 01fadcac
0x01fadc6c:   0246aabd 0077c930 01fadccc 0712650c 

Instructions: (pc=0x021954bb)
0x0219549b:   f3 ff 83 c4 08 83 7f 04 00 89 7d f0 c7 45 f4 00
0x021954ab:   00 00 00 74 08 8d 4d f0 e8 a8 a6 0c 00 8b 45 0c
0x021954bb:   8b 08 8b 51 04 8b 42 40 50 56 e8 26 df 07 00 83
0x021954cb:   c4 08 83 7d f4 00 89 45 08 74 08 8d 4d f0 e8 c2 


Register to memory mapping:

EAX=0x00000000 is an unknown value
EBX=0x10120278 is an unknown value
ECX=0x00000000 is an unknown value
EDX=0x00000001 is an unknown value
ESP=0x01fadbfc is pointing into the stack for thread: 0x0077c800
EBP=0x01fadc18 is pointing into the stack for thread: 0x0077c800
ESI=0x0077c930 is an unknown value
EDI=0x0077c800 is a thread


Stack: [0x01f60000,0x01fb0000],  sp=0x01fadbfc,  free space=310k
Native frames: (J=compiled Java code, j=interpreted, Vv=VM code, C=native code)
V  [jvm.dll+0xc54bb]
C  [bwapi_bridge2_4.dll+0x7c8d5]
j  bwapi.Unit.build_native(JLbwapi/UnitType;Lbwapi/TilePosition;)Z+0
j  bwapi.Unit.build(Lbwapi/UnitType;Lbwapi/TilePosition;)Z+7
j  Orders.BuildOrder.update()V+108
J 51 C1 GameModel.Worker.update(LCraftPlanner/CraftPlannerBlackboard;)V (445 bytes) @ 0x024fdaec [0x024fd580+0x56c]
J 74 C1 Actuators.WorkerActuator.update()V (54 bytes) @ 0x02502d38 [0x02502c90+0xa8]
J 141 C1 CraftPlanner.CraftPlanner.update()V (88 bytes) @ 0x025108f8 [0x02510890+0x68]
J 132 C1 Managers.GameManager.onFrame()V (56 bytes) @ 0x0250f938 [0x0250f710+0x228]
J 131 C1 bwapi.AIModule.onFrame()V (17 bytes) @ 0x0250f4c4 [0x0250f490+0x34]
v  ~StubRoutines::call_stub
V  [jvm.dll+0x14234a]
V  [jvm.dll+0x206ebe]
V  [jvm.dll+0x1423cd]
V  [jvm.dll+0xcb5c2]
V  [jvm.dll+0xcf213]
C  [bwapi_bridge2_4.dll+0x40e6d]
C  [bwapi_bridge2_4.dll+0x699d0]
j  bwapi.Mirror.startGame()V+0
j  Managers.GameManager.<init>()V+30
j  Managers.GameManager.main([Ljava/lang/String;)V+4
v  ~StubRoutines::call_stub
V  [jvm.dll+0x14234a]
V  [jvm.dll+0x206ebe]
V  [jvm.dll+0x1423cd]
V  [jvm.dll+0xcb345]
V  [jvm.dll+0xd5ff7]
C  [javaw.exe+0x2070]
C  [javaw.exe+0xa601]
C  [javaw.exe+0xa68b]
C  [KERNEL32.DLL+0x138f4]
C  [ntdll.dll+0x65de3]
C  [ntdll.dll+0x65dae]

Java frames: (J=compiled Java code, j=interpreted, Vv=VM code)
j  bwapi.Unit.build_native(JLbwapi/UnitType;Lbwapi/TilePosition;)Z+0
j  bwapi.Unit.build(Lbwapi/UnitType;Lbwapi/TilePosition;)Z+7
j  Orders.BuildOrder.update()V+108
J 51 C1 GameModel.Worker.update(LCraftPlanner/CraftPlannerBlackboard;)V (445 bytes) @ 0x024fdaec [0x024fd580+0x56c]
J 74 C1 Actuators.WorkerActuator.update()V (54 bytes) @ 0x02502d38 [0x02502c90+0xa8]
J 141 C1 CraftPlanner.CraftPlanner.update()V (88 bytes) @ 0x025108f8 [0x02510890+0x68]
J 132 C1 Managers.GameManager.onFrame()V (56 bytes) @ 0x0250f938 [0x0250f710+0x228]
J 131 C1 bwapi.AIModule.onFrame()V (17 bytes) @ 0x0250f4c4 [0x0250f490+0x34]
v  ~StubRoutines::call_stub
j  bwapi.Mirror.startGame()V+0
j  Managers.GameManager.<init>()V+30
j  Managers.GameManager.main([Ljava/lang/String;)V+4
v  ~StubRoutines::call_stub

---------------  P R O C E S S  ---------------

Java Threads: ( => current thread )
  0x02050c00 JavaThread "Service Thread" daemon [_thread_blocked, id=4200, stack(0x049a0000,0x049f0000)]
  0x02044800 JavaThread "C1 CompilerThread0" daemon [_thread_blocked, id=8836, stack(0x04910000,0x04960000)]
  0x02043400 JavaThread "Attach Listener" daemon [_thread_blocked, id=6912, stack(0x04880000,0x048d0000)]
  0x02041000 JavaThread "Signal Dispatcher" daemon [_thread_blocked, id=3428, stack(0x047f0000,0x04840000)]
  0x01fd4800 JavaThread "Finalizer" daemon [_thread_blocked, id=7388, stack(0x04760000,0x047b0000)]
  0x01fcf400 JavaThread "Reference Handler" daemon [_thread_blocked, id=9828, stack(0x046d0000,0x04720000)]
=>0x0077c800 JavaThread "main" [_thread_in_vm, id=2600, stack(0x01f60000,0x01fb0000)]

Other Threads:
  0x01fce000 VMThread [stack: 0x04640000,0x04690000] [id=5452]
  0x02062c00 WatcherThread [stack: 0x04a30000,0x04a80000] [id=9756]

VM state:not at safepoint (normal execution)

VM Mutex/Monitor currently owned by a thread: None

Heap
 def new generation   total 4928K, used 2018K [0x24200000, 0x24750000, 0x29750000)
  eden space 4416K,  34% used [0x24200000, 0x24379d40, 0x24650000)
  from space 512K,  98% used [0x246d0000, 0x2474eac8, 0x24750000)
  to   space 512K,   0% used [0x24650000, 0x24650000, 0x246d0000)
 tenured generation   total 10944K, used 0K [0x29750000, 0x2a200000, 0x34200000)
   the space 10944K,   0% used [0x29750000, 0x29750000, 0x29750200, 0x2a200000)
 compacting perm gen  total 12288K, used 714K [0x34200000, 0x34e00000, 0x38200000)
   the space 12288K,   5% used [0x34200000, 0x342b2928, 0x342b2a00, 0x34e00000)
    ro space 10240K,  42% used [0x38200000, 0x38636058, 0x38636200, 0x38c00000)
    rw space 12288K,  51% used [0x38c00000, 0x3923bdb0, 0x3923be00, 0x39800000)

Card table byte_map: [0x044e0000,0x04590000] byte_map_base: 0x043bf000

Polling page: 0x00750000

Code Cache  [0x02460000, 0x02528000, 0x04460000)
 total_blobs=312 nmethods=175 adapters=74 free_code_cache=31975Kb largest_free_block=32742528

Compilation events (10 events):
Event: 14.982 Thread 0x02044800  168             java.lang.Enum::ordinal (5 bytes)
Event: 14.982 Thread 0x02044800 nmethod 168 0x02525108 code [0x02525200, 0x02525280]
Event: 15.151 Thread 0x02044800  169             bwapi.Game::mapWidth (9 bytes)
Event: 15.151 Thread 0x02044800 nmethod 169 0x02525548 code [0x02525640, 0x025256dc]
Event: 15.153 Thread 0x02044800  171             bwapi.Game::mapHeight (9 bytes)
Event: 15.153 Thread 0x02044800 nmethod 171 0x02525c88 code [0x02525d80, 0x02525e1c]
Event: 15.153 Thread 0x02044800  173             GameModel.Base::canBuildHere (27 bytes)
Event: 15.153 Thread 0x02044800 nmethod 173 0x02525e88 code [0x02525fa0, 0x025260b8]
Event: 15.153 Thread 0x02044800  174             bwapi.Game::canBuildHere (12 bytes)
Event: 15.153 Thread 0x02044800 nmethod 174 0x02526188 code [0x02526280, 0x0252632c]

GC Heap History (2 events):
Event: 14.549 GC heap before
{Heap before GC invocations=0 (full 0):
 def new generation   total 4928K, used 4416K [0x24200000, 0x24750000, 0x29750000)
  eden space 4416K, 100% used [0x24200000, 0x24650000, 0x24650000)
  from space 512K,   0% used [0x24650000, 0x24650000, 0x246d0000)
  to   space 512K,   0% used [0x246d0000, 0x246d0000, 0x24750000)
 tenured generation   total 10944K, used 0K [0x29750000, 0x2a200000, 0x34200000)
   the space 10944K,   0% used [0x29750000, 0x29750000, 0x29750200, 0x2a200000)
 compacting perm gen  total 12288K, used 714K [0x34200000, 0x34e00000, 0x38200000)
   the space 12288K,   5% used [0x34200000, 0x342b28f8, 0x342b2a00, 0x34e00000)
    ro space 10240K,  42% used [0x38200000, 0x38636058, 0x38636200, 0x38c00000)
    rw space 12288K,  51% used [0x38c00000, 0x3923bdb0, 0x3923be00, 0x39800000)
Event: 14.551 GC heap after
Heap after GC invocations=1 (full 0):
 def new generation   total 4928K, used 506K [0x24200000, 0x24750000, 0x29750000)
  eden space 4416K,   0% used [0x24200000, 0x24200000, 0x24650000)
  from space 512K,  98% used [0x246d0000, 0x2474eac8, 0x24750000)
  to   space 512K,   0% used [0x24650000, 0x24650000, 0x246d0000)
 tenured generation   total 10944K, used 0K [0x29750000, 0x2a200000, 0x34200000)
   the space 10944K,   0% used [0x29750000, 0x29750000, 0x29750200, 0x2a200000)
 compacting perm gen  total 12288K, used 714K [0x34200000, 0x34e00000, 0x38200000)
   the space 12288K,   5% used [0x34200000, 0x342b28f8, 0x342b2a00, 0x34e00000)
    ro space 10240K,  42% used [0x38200000, 0x38636058, 0x38636200, 0x38c00000)
    rw space 12288K,  51% used [0x38c00000, 0x3923bdb0, 0x3923be00, 0x39800000)
}

Deoptimization events (0 events):
No events

Internal exceptions (10 events):
Event: 14.570 Thread 0x0077c800 Threw 0x24206960 at C:\re\jdk7u79\2331\hotspot\src\share\vm\interpreter\linkResolver.cpp:892
Event: 14.571 Thread 0x0077c800 Threw 0x24206db0 at C:\re\jdk7u79\2331\hotspot\src\share\vm\interpreter\linkResolver.cpp:892
Event: 14.572 Thread 0x0077c800 Threw 0x24207200 at C:\re\jdk7u79\2331\hotspot\src\share\vm\interpreter\linkResolver.cpp:892
Event: 14.573 Thread 0x0077c800 Threw 0x24207650 at C:\re\jdk7u79\2331\hotspot\src\share\vm\interpreter\linkResolver.cpp:892
Event: 14.574 Thread 0x0077c800 Threw 0x24207aa0 at C:\re\jdk7u79\2331\hotspot\src\share\vm\interpreter\linkResolver.cpp:892
Event: 14.574 Thread 0x0077c800 Threw 0x24207ef0 at C:\re\jdk7u79\2331\hotspot\src\share\vm\interpreter\linkResolver.cpp:892
Event: 14.575 Thread 0x0077c800 Threw 0x24208340 at C:\re\jdk7u79\2331\hotspot\src\share\vm\interpreter\linkResolver.cpp:892
Event: 14.576 Thread 0x0077c800 Threw 0x24208790 at C:\re\jdk7u79\2331\hotspot\src\share\vm\interpreter\linkResolver.cpp:892
Event: 14.577 Thread 0x0077c800 Threw 0x24208be0 at C:\re\jdk7u79\2331\hotspot\src\share\vm\interpreter\linkResolver.cpp:892
Event: 14.577 Thread 0x0077c800 Threw 0x24209030 at C:\re\jdk7u79\2331\hotspot\src\share\vm\interpreter\linkResolver.cpp:892

Events (10 events):
Event: 14.552 Executing VM operation: RevokeBias
Event: 14.552 Executing VM operation: RevokeBias done
Event: 14.552 Executing VM operation: RevokeBias
Event: 14.552 Executing VM operation: RevokeBias done
Event: 14.552 Executing VM operation: BulkRevokeBias
Event: 14.552 Executing VM operation: BulkRevokeBias done
Event: 14.552 Executing VM operation: RevokeBias
Event: 14.552 Executing VM operation: RevokeBias done
Event: 14.552 Executing VM operation: BulkRevokeBias
Event: 14.552 Executing VM operation: BulkRevokeBias done


Dynamic libraries:
0x000f0000 - 0x0011f000 	C:\Program Files (x86)\Java\jre7\bin\javaw.exe
0x77960000 - 0x77adb000 	C:\WINDOWS\SYSTEM32\ntdll.dll
0x75040000 - 0x75120000 	C:\WINDOWS\SYSTEM32\KERNEL32.DLL
0x75340000 - 0x754be000 	C:\WINDOWS\SYSTEM32\KERNELBASE.dll
0x747e0000 - 0x7485b000 	C:\WINDOWS\SYSTEM32\ADVAPI32.dll
0x76130000 - 0x761ee000 	C:\WINDOWS\SYSTEM32\msvcrt.dll
0x754d0000 - 0x75514000 	C:\WINDOWS\SYSTEM32\sechost.dll
0x761f0000 - 0x7629d000 	C:\WINDOWS\SYSTEM32\RPCRT4.dll
0x74670000 - 0x7468e000 	C:\WINDOWS\SYSTEM32\SspiCli.dll
0x74660000 - 0x7466a000 	C:\WINDOWS\SYSTEM32\CRYPTBASE.dll
0x763b0000 - 0x76408000 	C:\WINDOWS\SYSTEM32\bcryptPrimitives.dll
0x75ca0000 - 0x75de7000 	C:\WINDOWS\SYSTEM32\USER32.dll
0x77810000 - 0x7795f000 	C:\WINDOWS\SYSTEM32\GDI32.dll
0x73870000 - 0x73a7f000 	C:\WINDOWS\WinSxS\x86_microsoft.windows.common-controls_6595b64144ccf1df_6.0.10586.0_none_d3c2e4e965da4528\COMCTL32.dll
0x75e60000 - 0x7601d000 	C:\WINDOWS\SYSTEM32\combase.dll
0x75010000 - 0x7503b000 	C:\WINDOWS\SYSTEM32\IMM32.DLL
0x78640000 - 0x786ff000 	C:\Program Files (x86)\Java\jre7\bin\msvcr100.dll
0x020d0000 - 0x02459000 	C:\Program Files (x86)\Java\jre7\bin\client\jvm.dll
0x748f0000 - 0x748f6000 	C:\WINDOWS\SYSTEM32\PSAPI.DLL
0x71220000 - 0x71228000 	C:\WINDOWS\SYSTEM32\WSOCK32.dll
0x73790000 - 0x737b4000 	C:\WINDOWS\SYSTEM32\WINMM.dll
0x756a0000 - 0x756ff000 	C:\WINDOWS\SYSTEM32\WS2_32.dll
0x00780000 - 0x007a3000 	C:\WINDOWS\SYSTEM32\WINMMBASE.dll
0x74fd0000 - 0x75007000 	C:\WINDOWS\SYSTEM32\cfgmgr32.dll
0x61e50000 - 0x61e5c000 	C:\Program Files (x86)\Java\jre7\bin\verify.dll
0x60ba0000 - 0x60bc0000 	C:\Program Files (x86)\Java\jre7\bin\java.dll
0x50450000 - 0x50463000 	C:\Program Files (x86)\Java\jre7\bin\zip.dll
0x0ff30000 - 0x10199000 	C:\Users\ShottyMonsta\Desktop\CraftPlannerFinal\LGOAPCraft\bwapi_bridge2_4.dll
0x0f130000 - 0x0f21e000 	C:\WINDOWS\SYSTEM32\MSVCR120.dll
0x0f8d0000 - 0x0f941000 	C:\WINDOWS\SYSTEM32\MSVCP120.dll
0x6acc0000 - 0x6ad27000 	C:\Users\ShottyMonsta\Desktop\CraftPlannerFinal\LGOAPCraft\libgmp-10.dll
0x6f540000 - 0x6f59e000 	C:\Users\ShottyMonsta\Desktop\CraftPlannerFinal\LGOAPCraft\libmpfr-4.dll
0x60a60000 - 0x60b9f000 	C:\WINDOWS\SYSTEM32\dbghelp.dll

VM Arguments:
jvm_args: -Dfile.encoding=Cp1252 
java_command: Managers.GameManager
Launcher Type: SUN_STANDARD

Environment Variables:
PATH=C:/Program Files (x86)/Java/jre7/bin/client;C:/Program Files (x86)/Java/jre7/bin;C:/Program Files (x86)/Java/jre7/lib/i386;C:\WINDOWS\system32;C:\WINDOWS;C:\WINDOWS\system32\wbem;C:\Program Files\Common Files\Microsoft Shared\Windows Live;C:\Program Files (x86)\Common Files\Microsoft Shared\Windows Live;C:\Program Files (x86)\Intel\iCLS Client;C:\Program Files\Intel\iCLS Client;C:\Windows\System32\WindowsPowerShell\v1.0;C:\Program Files\Intel\Intel(R) Management Engine Components\DAL;C:\Program Files\Intel\Intel(R) Management Engine Components\IPT;C:\Program Files (x86)\Intel\Intel(R) Management Engine Components\DAL;C:\Program Files (x86)\Intel\Intel(R) Management Engine Components\IPT;C:\Program Files\Common Files\Autodesk Shared;C:\Program Files\Microsoft SQL Server\110\Tools\Binn;C:\Program Files (x86)\Java\jdk1.7.0_40\bin;C:\Program Files (x86)\nodejs\\bin;C:\Users\ShottyMonsta\AppData\Local\Smartbar\Application;C:\Program Files (x86)\Windows Live\Shared;C:\Program Files (x86)\Autodesk\Backburner;C:\Program Files (x86)\Skype\Phone;C:\Program Files (x86)\Windows Kits\8.1\Windows Performance Toolkit;C:\Program Files\doxygen\bin;C:\WINDOWS\System32\Wbem;C:\WINDOWS\System32\WindowsPowerShell\v1.0\;C:\Program Files (x86)\Skype\Phone\;C:\Program Files\Common Files\Autodesk Shared\;C:\Program Files (x86)\NVIDIA Corporation\PhysX\Common;C:\WINDOWS\system32\config\systemprofile\.dnx\bin;C:\Program Files\Microsoft DNX\Dnvm\;C:\Program Files (x86)\Windows Kits\8.1\Windows Performance Toolkit\;C:\Users\ShottyMonsta\eclipse\java-mars\eclipse;
USERNAME=ShottyMonsta
OS=Windows_NT
PROCESSOR_IDENTIFIER=Intel64 Family 6 Model 58 Stepping 9, GenuineIntel



---------------  S Y S T E M  ---------------

OS: Windows 8.1 , 64 bit Build 9600 

CPU:total 8 (4 cores per cpu, 2 threads per core) family 6 model 58 stepping 9, cmov, cx8, fxsr, mmx, sse, sse2, sse3, ssse3, sse4.1, sse4.2, popcnt, avx, aes, erms, ht, tsc, tscinvbit, tscinv

Memory: 4k page, physical 16720292k(12141784k free), swap 33497508k(28143592k free)

vm_info: Java HotSpot(TM) Client VM (24.79-b02) for windows-x86 JRE (1.7.0_79-b15), built on Apr 10 2015 16:49:13 by "java_re" with unknown MS VC++:1600

time: Sun Apr 24 11:09:38 2016
elapsed time: 15 seconds

