#
# A fatal error has been detected by the Java Runtime Environment:
#
#  EXCEPTION_ACCESS_VIOLATION (0xc0000005) at pc=0x6514538b, pid=7020, tid=6936
#
# JRE version: Java(TM) SE Runtime Environment (8.0_77-b03) (build 1.8.0_77-b03)
# Java VM: Java HotSpot(TM) Client VM (25.77-b03 mixed mode windows-x86 )
# Problematic frame:
# V  [jvm.dll+0xd538b]
#
# Failed to write core dump. Minidumps are not enabled by default on client versions of Windows
#
# If you would like to submit a bug report, please visit:
#   http://bugreport.java.com/bugreport/crash.jsp
#

---------------  T H R E A D  ---------------

Current thread (0x0227d400):  JavaThread "main" [_thread_in_vm, id=6936, stack(0x023c0000,0x02410000)]

siginfo: ExceptionCode=0xc0000005, reading address 0x00000000

Registers:
EAX=0x00000000, EBX=0x0227d400, ECX=0x00000000, EDX=0x00000001
ESP=0x0240dbac, EBP=0x0240dbc8, ESI=0x0227d540, EDI=0x00000000
EIP=0x6514538b, EFLAGS=0x00010246

Top of Stack: (sp=0x0240dbac)
0x0240dbac:   00000000 0227d540 65790278 0227d400
0x0240dbbc:   00000000 0227d400 0227d540 0240dc18
0x0240dbcc:   6561c8d5 0227d540 00000000 02270079
0x0240dbdc:   0227d540 65790278 6561c8a7 00000001
0x0240dbec:   0000000f ffff0049 0240dc18 6561c883
0x0240dbfc:   0227d540 00000001 0000000f 0227d400
0x0240dc0c:   14a46b50 14a46b50 0227d540 0240dc5c
0x0240dc1c:   026ec0c3 0227d540 0240dc7c 17de07c8 

Instructions: (pc=0x6514538b)
0x6514536b:   f3 ff 83 c4 08 83 7b 04 00 89 5d f0 c7 45 f4 00
0x6514537b:   00 00 00 74 08 8d 4d f0 e8 c8 09 0d 00 8b 45 0c
0x6514538b:   8b 08 8b 51 04 8b 42 38 50 56 e8 36 4b 08 00 83
0x6514539b:   c4 08 83 7d f4 00 89 45 08 74 08 8d 4d f0 e8 e2 


Register to memory mapping:

EAX=0x00000000 is an unknown value
EBX=0x0227d400 is a thread
ECX=0x00000000 is an unknown value
EDX=0x00000001 is an unknown value
ESP=0x0240dbac is pointing into the stack for thread: 0x0227d400
EBP=0x0240dbc8 is pointing into the stack for thread: 0x0227d400
ESI=0x0227d540 is an unknown value
EDI=0x00000000 is an unknown value


Stack: [0x023c0000,0x02410000],  sp=0x0240dbac,  free space=310k
Native frames: (J=compiled Java code, j=interpreted, Vv=VM code, C=native code)
V  [jvm.dll+0xd538b]
C  [bwapi_bridge2_4.dll+0x7c8d5]
j  bwapi.Unit.build_native(JLbwapi/UnitType;Lbwapi/TilePosition;)Z+0
j  bwapi.Unit.build(Lbwapi/UnitType;Lbwapi/TilePosition;)Z+7
j  Orders.BuildOrder.update()V+108
J 67 C1 GameModel.Worker.update(LCraftPlanner/CraftPlannerBlackboard;)V (445 bytes) @ 0x0279aa98 [0x0279a530+0x568]
J 79 C1 Actuators.WorkerActuator.update()V (54 bytes) @ 0x0279d8f8 [0x0279d850+0xa8]
J 138 C1 CraftPlanner.CraftPlanner.update()V (88 bytes) @ 0x027a9d08 [0x027a9ca0+0x68]
J 131 C1 Managers.GameManager.onFrame()V (56 bytes) @ 0x027a8f70 [0x027a8d50+0x220]
J 130 C1 bwapi.AIModule.onFrame()V (17 bytes) @ 0x027a8b04 [0x027a8ad0+0x34]
v  ~StubRoutines::call_stub
V  [jvm.dll+0x158f95]
V  [jvm.dll+0x21e54e]
V  [jvm.dll+0x15902e]
V  [jvm.dll+0xdb23b]
V  [jvm.dll+0xde1cc]
C  [bwapi_bridge2_4.dll+0x40e6d]
C  [bwapi_bridge2_4.dll+0x699d0]
j  bwapi.Mirror.startGame()V+0
j  Managers.GameManager.<init>()V+30
j  Managers.GameManager.main([Ljava/lang/String;)V+4
v  ~StubRoutines::call_stub
V  [jvm.dll+0x158f95]
V  [jvm.dll+0x21e54e]
V  [jvm.dll+0x15902e]
V  [jvm.dll+0xdb007]
V  [jvm.dll+0xe359f]
C  [javaw.exe+0x229a]
C  [javaw.exe+0xaebf]
C  [javaw.exe+0xaf49]
C  [kernel32.dll+0x1338a]
C  [ntdll.dll+0x39902]
C  [ntdll.dll+0x398d5]
C  0x00000000

Java frames: (J=compiled Java code, j=interpreted, Vv=VM code)
j  bwapi.Unit.build_native(JLbwapi/UnitType;Lbwapi/TilePosition;)Z+0
j  bwapi.Unit.build(Lbwapi/UnitType;Lbwapi/TilePosition;)Z+7
j  Orders.BuildOrder.update()V+108
J 67 C1 GameModel.Worker.update(LCraftPlanner/CraftPlannerBlackboard;)V (445 bytes) @ 0x0279aa98 [0x0279a530+0x568]
J 79 C1 Actuators.WorkerActuator.update()V (54 bytes) @ 0x0279d8f8 [0x0279d850+0xa8]
J 138 C1 CraftPlanner.CraftPlanner.update()V (88 bytes) @ 0x027a9d08 [0x027a9ca0+0x68]
J 131 C1 Managers.GameManager.onFrame()V (56 bytes) @ 0x027a8f70 [0x027a8d50+0x220]
J 130 C1 bwapi.AIModule.onFrame()V (17 bytes) @ 0x027a8b04 [0x027a8ad0+0x34]
v  ~StubRoutines::call_stub
j  bwapi.Mirror.startGame()V+0
j  Managers.GameManager.<init>()V+30
j  Managers.GameManager.main([Ljava/lang/String;)V+4
v  ~StubRoutines::call_stub

---------------  P R O C E S S  ---------------

Java Threads: ( => current thread )
  0x14eb4400 JavaThread "Service Thread" daemon [_thread_blocked, id=2064, stack(0x152b0000,0x15300000)]
  0x14ead400 JavaThread "C1 CompilerThread0" daemon [_thread_blocked, id=5136, stack(0x14db0000,0x14e00000)]
  0x14eba400 JavaThread "Attach Listener" daemon [_thread_blocked, id=3612, stack(0x15180000,0x151d0000)]
  0x14eb9400 JavaThread "Signal Dispatcher" daemon [_thread_blocked, id=6616, stack(0x151d0000,0x15220000)]
  0x02173c00 JavaThread "Finalizer" daemon [_thread_blocked, id=5928, stack(0x04770000,0x047c0000)]
  0x0216dc00 JavaThread "Reference Handler" daemon [_thread_blocked, id=1096, stack(0x02340000,0x02390000)]
=>0x0227d400 JavaThread "main" [_thread_in_vm, id=6936, stack(0x023c0000,0x02410000)]

Other Threads:
  0x02167000 VMThread [stack: 0x046f0000,0x04740000] [id=2736]
  0x14eb5400 WatcherThread [stack: 0x15530000,0x15580000] [id=2468]

VM state:not at safepoint (normal execution)

VM Mutex/Monitor currently owned by a thread: None

Heap:
 def new generation   total 4928K, used 1742K [0x04800000, 0x04d50000, 0x09d50000)
  eden space 4416K,  27% used [0x04800000, 0x04933bc0, 0x04c50000)
  from space 512K, 100% used [0x04cd0000, 0x04d50000, 0x04d50000)
  to   space 512K,   0% used [0x04c50000, 0x04c50000, 0x04cd0000)
 tenured generation   total 10944K, used 76K [0x09d50000, 0x0a800000, 0x14800000)
   the space 10944K,   0% used [0x09d50000, 0x09d63150, 0x09d63200, 0x0a800000)
 Metaspace       used 2245K, capacity 2728K, committed 2752K, reserved 4480K

Card table byte_map: [0x02280000,0x02310000] byte_map_base: 0x0225c000

Polling page: 0x000c0000

CodeCache: size=32768Kb used=889Kb max_used=889Kb free=31878Kb
 bounds [0x026e0000, 0x027c0000, 0x046e0000]
 total_blobs=316 nmethods=171 adapters=76
 compilation: enabled

Compilation events (10 events):
Event: 13.035 Thread 0x14ead400  164             Actuators.ResourceActuator::update (81 bytes)
Event: 13.035 Thread 0x14ead400 nmethod 164 0x027bce08 code [0x027bcf70, 0x027bd160]
Event: 13.193 Thread 0x14ead400  165             bwapi.Game::mapWidth (9 bytes)
Event: 13.193 Thread 0x14ead400 nmethod 165 0x027bd6c8 code [0x027bd7c0, 0x027bd85c]
Event: 13.195 Thread 0x14ead400  167             GameModel.Base::canBuildHere (27 bytes)
Event: 13.195 Thread 0x14ead400 nmethod 167 0x027bde48 code [0x027bdf60, 0x027be078]
Event: 13.195 Thread 0x14ead400  168             bwapi.Game::mapHeight (9 bytes)
Event: 13.195 Thread 0x14ead400 nmethod 168 0x027be148 code [0x027be240, 0x027be2dc]
Event: 13.195 Thread 0x14ead400  170             bwapi.Game::canBuildHere (12 bytes)
Event: 13.195 Thread 0x14ead400 nmethod 170 0x027be348 code [0x027be440, 0x027be4ec]

GC Heap History (2 events):
Event: 12.869 GC heap before
{Heap before GC invocations=0 (full 0):
 def new generation   total 4928K, used 4416K [0x04800000, 0x04d50000, 0x09d50000)
  eden space 4416K, 100% used [0x04800000, 0x04c50000, 0x04c50000)
  from space 512K,   0% used [0x04c50000, 0x04c50000, 0x04cd0000)
  to   space 512K,   0% used [0x04cd0000, 0x04cd0000, 0x04d50000)
 tenured generation   total 10944K, used 0K [0x09d50000, 0x0a800000, 0x14800000)
   the space 10944K,   0% used [0x09d50000, 0x09d50000, 0x09d50200, 0x0a800000)
 Metaspace       used 2245K, capacity 2728K, committed 2752K, reserved 4480K
Event: 12.870 GC heap after
Heap after GC invocations=1 (full 0):
 def new generation   total 4928K, used 512K [0x04800000, 0x04d50000, 0x09d50000)
  eden space 4416K,   0% used [0x04800000, 0x04800000, 0x04c50000)
  from space 512K, 100% used [0x04cd0000, 0x04d50000, 0x04d50000)
  to   space 512K,   0% used [0x04c50000, 0x04c50000, 0x04cd0000)
 tenured generation   total 10944K, used 76K [0x09d50000, 0x0a800000, 0x14800000)
   the space 10944K,   0% used [0x09d50000, 0x09d63150, 0x09d63200, 0x0a800000)
 Metaspace       used 2245K, capacity 2728K, committed 2752K, reserved 4480K
}

Deoptimization events (0 events):
No events

Internal exceptions (10 events):
Event: 12.858 Thread 0x0227d400 Exception <a 'java/lang/NullPointerException'> (0x04c481c0) thrown at [C:\workspace\8-2-build-windows-i586-cygwin\jdk8u77\6540\hotspot\src\share\vm\interpreter\linkResolver.cpp, line 1178]
Event: 12.859 Thread 0x0227d400 Exception <a 'java/lang/NullPointerException'> (0x04c486e0) thrown at [C:\workspace\8-2-build-windows-i586-cygwin\jdk8u77\6540\hotspot\src\share\vm\interpreter\linkResolver.cpp, line 1178]
Event: 12.859 Thread 0x0227d400 Exception <a 'java/lang/NullPointerException'> (0x04c48c00) thrown at [C:\workspace\8-2-build-windows-i586-cygwin\jdk8u77\6540\hotspot\src\share\vm\interpreter\linkResolver.cpp, line 1178]
Event: 12.860 Thread 0x0227d400 Exception <a 'java/lang/NullPointerException'> (0x04c49120) thrown at [C:\workspace\8-2-build-windows-i586-cygwin\jdk8u77\6540\hotspot\src\share\vm\interpreter\linkResolver.cpp, line 1178]
Event: 12.860 Thread 0x0227d400 Exception <a 'java/lang/NullPointerException'> (0x04c49640) thrown at [C:\workspace\8-2-build-windows-i586-cygwin\jdk8u77\6540\hotspot\src\share\vm\interpreter\linkResolver.cpp, line 1178]
Event: 12.861 Thread 0x0227d400 Exception <a 'java/lang/NullPointerException'> (0x04c49b60) thrown at [C:\workspace\8-2-build-windows-i586-cygwin\jdk8u77\6540\hotspot\src\share\vm\interpreter\linkResolver.cpp, line 1178]
Event: 12.861 Thread 0x0227d400 Exception <a 'java/lang/NullPointerException'> (0x04c4a080) thrown at [C:\workspace\8-2-build-windows-i586-cygwin\jdk8u77\6540\hotspot\src\share\vm\interpreter\linkResolver.cpp, line 1178]
Event: 12.862 Thread 0x0227d400 Exception <a 'java/lang/NullPointerException'> (0x04c4a5a0) thrown at [C:\workspace\8-2-build-windows-i586-cygwin\jdk8u77\6540\hotspot\src\share\vm\interpreter\linkResolver.cpp, line 1178]
Event: 12.862 Thread 0x0227d400 Exception <a 'java/lang/NullPointerException'> (0x04c4aac0) thrown at [C:\workspace\8-2-build-windows-i586-cygwin\jdk8u77\6540\hotspot\src\share\vm\interpreter\linkResolver.cpp, line 1178]
Event: 12.863 Thread 0x0227d400 Exception <a 'java/lang/NullPointerException'> (0x04c4afe0) thrown at [C:\workspace\8-2-build-windows-i586-cygwin\jdk8u77\6540\hotspot\src\share\vm\interpreter\linkResolver.cpp, line 1178]

Events (10 events):
Event: 12.870 Executing VM operation: RevokeBias
Event: 12.870 Executing VM operation: RevokeBias done
Event: 12.870 Executing VM operation: RevokeBias
Event: 12.870 Executing VM operation: RevokeBias done
Event: 12.870 Executing VM operation: RevokeBias
Event: 12.870 Executing VM operation: RevokeBias done
Event: 12.870 Executing VM operation: RevokeBias
Event: 12.871 Executing VM operation: RevokeBias done
Event: 12.871 Executing VM operation: BulkRevokeBias
Event: 12.871 Executing VM operation: BulkRevokeBias done


Dynamic libraries:
0x00210000 - 0x00243000 	C:\Program Files (x86)\Java\jdk1.8.0_77\bin\javaw.exe
0x77a80000 - 0x77c00000 	C:\Windows\SysWOW64\ntdll.dll
0x76630000 - 0x76740000 	C:\Windows\syswow64\kernel32.dll
0x76770000 - 0x767b7000 	C:\Windows\syswow64\KERNELBASE.dll
0x76010000 - 0x760b1000 	C:\Windows\syswow64\ADVAPI32.dll
0x756a0000 - 0x7574c000 	C:\Windows\syswow64\msvcrt.dll
0x75670000 - 0x75689000 	C:\Windows\SysWOW64\sechost.dll
0x76540000 - 0x76630000 	C:\Windows\syswow64\RPCRT4.dll
0x753d0000 - 0x75430000 	C:\Windows\syswow64\SspiCli.dll
0x753c0000 - 0x753cc000 	C:\Windows\syswow64\CRYPTBASE.dll
0x76440000 - 0x76540000 	C:\Windows\syswow64\USER32.dll
0x767e0000 - 0x76870000 	C:\Windows\syswow64\GDI32.dll
0x760c0000 - 0x760ca000 	C:\Windows\syswow64\LPK.dll
0x76180000 - 0x7621d000 	C:\Windows\syswow64\USP10.dll
0x6f5d0000 - 0x6f76e000 	C:\Windows\WinSxS\x86_microsoft.windows.common-controls_6595b64144ccf1df_6.0.7601.18837_none_41e855142bd5705d\COMCTL32.dll
0x76220000 - 0x76277000 	C:\Windows\syswow64\SHLWAPI.dll
0x760e0000 - 0x76140000 	C:\Windows\system32\IMM32.DLL
0x75750000 - 0x7581c000 	C:\Windows\syswow64\MSCTF.dll
0x65dd0000 - 0x65e8f000 	C:\Program Files (x86)\Java\jdk1.8.0_77\jre\bin\msvcr100.dll
0x65070000 - 0x65438000 	C:\Program Files (x86)\Java\jdk1.8.0_77\jre\bin\client\jvm.dll
0x743b0000 - 0x743b7000 	C:\Windows\system32\WSOCK32.dll
0x76880000 - 0x768b5000 	C:\Windows\syswow64\WS2_32.dll
0x767d0000 - 0x767d6000 	C:\Windows\syswow64\NSI.dll
0x744c0000 - 0x744f2000 	C:\Windows\system32\WINMM.dll
0x752f0000 - 0x752f9000 	C:\Windows\system32\VERSION.dll
0x769a0000 - 0x769a5000 	C:\Windows\syswow64\PSAPI.DLL
0x70920000 - 0x7092c000 	C:\Program Files (x86)\Java\jdk1.8.0_77\jre\bin\verify.dll
0x6fa00000 - 0x6fa21000 	C:\Program Files (x86)\Java\jdk1.8.0_77\jre\bin\java.dll
0x70160000 - 0x70173000 	C:\Program Files (x86)\Java\jdk1.8.0_77\jre\bin\zip.dll
0x769b0000 - 0x775fb000 	C:\Windows\syswow64\SHELL32.dll
0x75ea0000 - 0x75ffd000 	C:\Windows\syswow64\ole32.dll
0x76170000 - 0x7617b000 	C:\Windows\syswow64\profapi.dll
0x655a0000 - 0x65809000 	G:\Thomas Cook Thesis\CraftPlannerFinal\LGOAPCraft\bwapi_bridge2_4.dll
0x70930000 - 0x709a1000 	C:\Windows\system32\MSVCP120.dll
0x6f040000 - 0x6f12e000 	C:\Windows\system32\MSVCR120.dll
0x6acc0000 - 0x6ad27000 	G:\Thomas Cook Thesis\CraftPlannerFinal\LGOAPCraft\libgmp-10.dll
0x6f540000 - 0x6f59e000 	G:\Thomas Cook Thesis\CraftPlannerFinal\LGOAPCraft\libmpfr-4.dll
0x654b0000 - 0x6559b000 	C:\Windows\system32\dbghelp.dll

VM Arguments:
jvm_args: -Dfile.encoding=Cp1252 
java_command: Managers.GameManager
java_class_path (initial): G:\Thomas Cook Thesis\CraftPlannerFinal\LGOAPCraft\bin;G:\Thomas Cook Thesis\CraftPlannerFinal\LGOAP\bin;G:\Thomas Cook Thesis\CraftPlannerFinal\LGOAPCraft\lib\bwmirror_v2_4.jar
Launcher Type: SUN_STANDARD

Environment Variables:
PATH=C:/Program Files/Java/jre1.8.0_77/bin/server;C:/Program Files/Java/jre1.8.0_77/bin;C:/Program Files/Java/jre1.8.0_77/lib/amd64;C:\ProgramData\Oracle\Java\javapath;G:\Sony\usr\local\cell\host-win32\spu\bin;G:\Sony\usr\local\cell\host-win32\ppu\bin;G:\Sony\usr\local\cell\host-win32\bin;G:\Sony\usr\local\cell\host-win32\Cg\bin;C:\Program Files (x86)\SN Systems\Common\VSI\bin;C:\Program Files (x86)\SN Systems\PS3\bin;G:\Sony\usr\local\cell\host-win32\sn\bin;C:\Windows\system32;C:\Windows;C:\Windows\System32\Wbem;C:\Program Files (x86)\Microsoft Application Virtualization Client;C:\Windows\System32\WindowsPowerShell\v1.0\;C:\Windows\System32\WindowsPowerShell\v1.0\;c:\Program Files (x86)\Microsoft SQL Server\100\Tools\Binn\;c:\Program Files\Microsoft SQL Server\100\Tools\Binn\;c:\Program Files\Microsoft SQL Server\100\DTS\Binn\;C:\Program Files (x86)\QuickTime\QTSystem\;C:\Program Files (x86)\Windows Kits\8.1\Windows Performance Toolkit\;C:\Program Files\Microsoft SQL Server\110\Tools\Binn\;C:\Program Files (x86)\Microsoft SDKs\TypeScript\1.0\;c:\Program Files (x86)\Microsoft SQL Server\90\Tools\binn\;C:\Program Files (x86)\NVIDIA Corporation\PhysX\Common;G:\Thomas Cook Thesis\eclipse;
USERNAME=cmzero1
OS=Windows_NT
PROCESSOR_IDENTIFIER=Intel64 Family 6 Model 60 Stepping 3, GenuineIntel



---------------  S Y S T E M  ---------------

OS: Windows 7 , 64 bit Build 7601 (6.1.7601.23392)

CPU:total 8 (4 cores per cpu, 2 threads per core) family 6 model 60 stepping 3, cmov, cx8, fxsr, mmx, sse, sse2, sse3, ssse3, sse4.1, sse4.2, popcnt, avx, avx2, aes, clmul, erms, rtm, lzcnt, ht, tsc, tscinvbit, bmi1, bmi2

Memory: 4k page, physical 16686628k(11819916k free), swap 33371400k(27110576k free)

vm_info: Java HotSpot(TM) Client VM (25.77-b03) for windows-x86 JRE (1.8.0_77-b03), built on Mar 20 2016 22:00:03 by "java_re" with MS VC++ 10.0 (VS2010)

time: Fri Apr 22 14:53:10 2016
elapsed time: 13 seconds (0d 0h 0m 13s)

