#
# A fatal error has been detected by the Java Runtime Environment:
#
#  EXCEPTION_ACCESS_VIOLATION (0xc0000005) at pc=0x5e4654bb, pid=9928, tid=6776
#
# JRE version: Java(TM) SE Runtime Environment (7.0_79-b15) (build 1.7.0_79-b15)
# Java VM: Java HotSpot(TM) Client VM (24.79-b02 mixed mode, sharing windows-x86 )
# Problematic frame:
# V  [jvm.dll+0xc54bb]
#
# Failed to write core dump. Minidumps are not enabled by default on client versions of Windows
#
# If you would like to submit a bug report, please visit:
#   http://bugreport.java.com/bugreport/crash.jsp
#

---------------  T H R E A D  ---------------

Current thread (0x0064c800):  JavaThread "main" [_thread_in_vm, id=6776, stack(0x006b0000,0x00700000)]

siginfo: ExceptionCode=0xc0000005, reading address 0x00000000

Registers:
EAX=0x00000000, EBX=0x5c520278, ECX=0x00000000, EDX=0x00000001
ESP=0x006fdecc, EBP=0x006fdee8, ESI=0x0064c930, EDI=0x0064c800
EIP=0x5e4654bb, EFLAGS=0x00010246

Top of Stack: (sp=0x006fdecc)
0x006fdecc:   00000000 0064c930 5c520278 0064c800
0x006fdedc:   00000000 0064c800 0064c930 006fdf38
0x006fdeec:   5c3ac8d5 0064c930 00000000 00640079
0x006fdefc:   0064c930 5c520278 5c3ac8a7 00000001
0x006fdf0c:   0000000f ffff0049 006fdf38 5c3ac883
0x006fdf1c:   0064c930 00000001 0000000f 0064c800
0x006fdf2c:   34257fc0 34257fc0 0064c930 006fdf7c
0x006fdf3c:   021caabd 0064c930 006fdf9c 06d781c4 

Instructions: (pc=0x5e4654bb)
0x5e46549b:   f3 ff 83 c4 08 83 7f 04 00 89 7d f0 c7 45 f4 00
0x5e4654ab:   00 00 00 74 08 8d 4d f0 e8 a8 a6 0c 00 8b 45 0c
0x5e4654bb:   8b 08 8b 51 04 8b 42 40 50 56 e8 26 df 07 00 83
0x5e4654cb:   c4 08 83 7d f4 00 89 45 08 74 08 8d 4d f0 e8 c2 


Register to memory mapping:

EAX=0x00000000 is an unknown value
EBX=0x5c520278 is an unknown value
ECX=0x00000000 is an unknown value
EDX=0x00000001 is an unknown value
ESP=0x006fdecc is pointing into the stack for thread: 0x0064c800
EBP=0x006fdee8 is pointing into the stack for thread: 0x0064c800
ESI=0x0064c930 is an unknown value
EDI=0x0064c800 is a thread


Stack: [0x006b0000,0x00700000],  sp=0x006fdecc,  free space=311k
Native frames: (J=compiled Java code, j=interpreted, Vv=VM code, C=native code)
V  [jvm.dll+0xc54bb]
C  [bwapi_bridge2_4.dll+0x7c8d5]
j  bwapi.Unit.build_native(JLbwapi/UnitType;Lbwapi/TilePosition;)Z+0
J 170 C1 Orders.BuildOrder.update()V (283 bytes) @ 0x02285310 [0x022850d0+0x240]
J 57 C1 GameModel.Worker.update(LCraftPlanner/CraftPlannerBlackboard;)V (445 bytes) @ 0x0225ebec [0x0225e680+0x56c]
J 77 C1 Actuators.WorkerActuator.update()V (54 bytes) @ 0x022632b8 [0x02263210+0xa8]
J 143 C1 CraftPlanner.CraftPlanner.update()V (88 bytes) @ 0x02270b38 [0x02270ad0+0x68]
J 134 C1 Managers.GameManager.onFrame()V (56 bytes) @ 0x0226fb78 [0x0226f950+0x228]
J 133 C1 bwapi.AIModule.onFrame()V (17 bytes) @ 0x0226f704 [0x0226f6d0+0x34]
v  ~StubRoutines::call_stub
V  [jvm.dll+0x14234a]
V  [jvm.dll+0x206ebe]
V  [jvm.dll+0x1423cd]
V  [jvm.dll+0xcb5c2]
V  [jvm.dll+0xcf213]
C  [bwapi_bridge2_4.dll+0x40e6d]
C  [bwapi_bridge2_4.dll+0x699d0]
j  bwapi.Mirror.startGame()V+0
j  Managers.GameManager.<init>()V+30
j  Managers.GameManager.main([Ljava/lang/String;)V+4
v  ~StubRoutines::call_stub
V  [jvm.dll+0x14234a]
V  [jvm.dll+0x206ebe]
V  [jvm.dll+0x1423cd]
V  [jvm.dll+0xcb345]
V  [jvm.dll+0xd5ff7]
C  [javaw.exe+0x2070]
C  [javaw.exe+0xa601]
C  [javaw.exe+0xa68b]
C  [KERNEL32.DLL+0x138f4]
C  [ntdll.dll+0x65de3]
C  [ntdll.dll+0x65dae]

Java frames: (J=compiled Java code, j=interpreted, Vv=VM code)
j  bwapi.Unit.build_native(JLbwapi/UnitType;Lbwapi/TilePosition;)Z+0
J 170 C1 Orders.BuildOrder.update()V (283 bytes) @ 0x02285310 [0x022850d0+0x240]
J 57 C1 GameModel.Worker.update(LCraftPlanner/CraftPlannerBlackboard;)V (445 bytes) @ 0x0225ebec [0x0225e680+0x56c]
J 77 C1 Actuators.WorkerActuator.update()V (54 bytes) @ 0x022632b8 [0x02263210+0xa8]
J 143 C1 CraftPlanner.CraftPlanner.update()V (88 bytes) @ 0x02270b38 [0x02270ad0+0x68]
J 134 C1 Managers.GameManager.onFrame()V (56 bytes) @ 0x0226fb78 [0x0226f950+0x228]
J 133 C1 bwapi.AIModule.onFrame()V (17 bytes) @ 0x0226f704 [0x0226f6d0+0x34]
v  ~StubRoutines::call_stub
j  bwapi.Mirror.startGame()V+0
j  Managers.GameManager.<init>()V+30
j  Managers.GameManager.main([Ljava/lang/String;)V+4
v  ~StubRoutines::call_stub

---------------  P R O C E S S  ---------------

Java Threads: ( => current thread )
  0x00bf0c00 JavaThread "Service Thread" daemon [_thread_blocked, id=7396, stack(0x04610000,0x04660000)]
  0x00be4800 JavaThread "C1 CompilerThread0" daemon [_thread_blocked, id=8180, stack(0x04580000,0x045d0000)]
  0x00be3400 JavaThread "Attach Listener" daemon [_thread_blocked, id=4864, stack(0x044f0000,0x04540000)]
  0x00b77c00 JavaThread "Signal Dispatcher" daemon [_thread_blocked, id=1884, stack(0x04460000,0x044b0000)]
  0x00b74800 JavaThread "Finalizer" daemon [_thread_blocked, id=10476, stack(0x043d0000,0x04420000)]
  0x00b6f400 JavaThread "Reference Handler" daemon [_thread_blocked, id=8536, stack(0x04340000,0x04390000)]
=>0x0064c800 JavaThread "main" [_thread_in_vm, id=6776, stack(0x006b0000,0x00700000)]

Other Threads:
  0x00b6e000 VMThread [stack: 0x042b0000,0x04300000] [id=1180]
  0x00c06c00 WatcherThread [stack: 0x046a0000,0x046f0000] [id=2768]

VM state:not at safepoint (normal execution)

VM Mutex/Monitor currently owned by a thread: None

Heap
 def new generation   total 4928K, used 2328K [0x24200000, 0x24750000, 0x29750000)
  eden space 4416K,  41% used [0x24200000, 0x243c75d0, 0x24650000)
  from space 512K,  99% used [0x246d0000, 0x2474ed98, 0x24750000)
  to   space 512K,   0% used [0x24650000, 0x24650000, 0x246d0000)
 tenured generation   total 10944K, used 0K [0x29750000, 0x2a200000, 0x34200000)
   the space 10944K,   0% used [0x29750000, 0x29750000, 0x29750200, 0x2a200000)
 compacting perm gen  total 12288K, used 719K [0x34200000, 0x34e00000, 0x38200000)
   the space 12288K,   5% used [0x34200000, 0x342b3e80, 0x342b4000, 0x34e00000)
    ro space 10240K,  42% used [0x38200000, 0x38636058, 0x38636200, 0x38c00000)
    rw space 12288K,  51% used [0x38c00000, 0x3923bdb0, 0x3923be00, 0x39800000)

Card table byte_map: [0x041c0000,0x04270000] byte_map_base: 0x0409f000

Polling page: 0x00630000

Code Cache  [0x021c0000, 0x02288000, 0x041c0000)
 total_blobs=315 nmethods=178 adapters=74 free_code_cache=31970Kb largest_free_block=32737280

Compilation events (10 events):
Event: 10.479 Thread 0x00be4800  171   !         Orders.BuildOrder::$SWITCH_TABLE$Orders$BuildOrderStatus (74 bytes)
Event: 10.479 Thread 0x00be4800 nmethod 171 0x02285e48 code [0x02285f80, 0x022862fc]
Event: 10.512 Thread 0x00be4800  172             bwapi.Game::mapWidth (9 bytes)
Event: 10.512 Thread 0x00be4800 nmethod 172 0x022869c8 code [0x02286ac0, 0x02286b5c]
Event: 10.513 Thread 0x00be4800  174             bwapi.Game::mapHeight (9 bytes)
Event: 10.513 Thread 0x00be4800 nmethod 174 0x02286e48 code [0x02286f40, 0x02286fdc]
Event: 10.514 Thread 0x00be4800  176             GameModel.Base::canBuildHere (27 bytes)
Event: 10.514 Thread 0x00be4800 nmethod 176 0x02287308 code [0x02287420, 0x02287538]
Event: 10.514 Thread 0x00be4800  177             bwapi.Game::canBuildHere (12 bytes)
Event: 10.514 Thread 0x00be4800 nmethod 177 0x02287608 code [0x02287700, 0x022877ac]

GC Heap History (2 events):
Event: 9.760 GC heap before
{Heap before GC invocations=0 (full 0):
 def new generation   total 4928K, used 4416K [0x24200000, 0x24750000, 0x29750000)
  eden space 4416K, 100% used [0x24200000, 0x24650000, 0x24650000)
  from space 512K,   0% used [0x24650000, 0x24650000, 0x246d0000)
  to   space 512K,   0% used [0x246d0000, 0x246d0000, 0x24750000)
 tenured generation   total 10944K, used 0K [0x29750000, 0x2a200000, 0x34200000)
   the space 10944K,   0% used [0x29750000, 0x29750000, 0x29750200, 0x2a200000)
 compacting perm gen  total 12288K, used 719K [0x34200000, 0x34e00000, 0x38200000)
   the space 12288K,   5% used [0x34200000, 0x342b3e50, 0x342b4000, 0x34e00000)
    ro space 10240K,  42% used [0x38200000, 0x38636058, 0x38636200, 0x38c00000)
    rw space 12288K,  51% used [0x38c00000, 0x3923bdb0, 0x3923be00, 0x39800000)
Event: 9.762 GC heap after
Heap after GC invocations=1 (full 0):
 def new generation   total 4928K, used 507K [0x24200000, 0x24750000, 0x29750000)
  eden space 4416K,   0% used [0x24200000, 0x24200000, 0x24650000)
  from space 512K,  99% used [0x246d0000, 0x2474ed98, 0x24750000)
  to   space 512K,   0% used [0x24650000, 0x24650000, 0x246d0000)
 tenured generation   total 10944K, used 0K [0x29750000, 0x2a200000, 0x34200000)
   the space 10944K,   0% used [0x29750000, 0x29750000, 0x29750200, 0x2a200000)
 compacting perm gen  total 12288K, used 719K [0x34200000, 0x34e00000, 0x38200000)
   the space 12288K,   5% used [0x34200000, 0x342b3e50, 0x342b4000, 0x34e00000)
    ro space 10240K,  42% used [0x38200000, 0x38636058, 0x38636200, 0x38c00000)
    rw space 12288K,  51% used [0x38c00000, 0x3923bdb0, 0x3923be00, 0x39800000)
}

Deoptimization events (0 events):
No events

Internal exceptions (10 events):
Event: 9.893 Thread 0x0064c800 Threw 0x24246c88 at C:\re\jdk7u79\2331\hotspot\src\share\vm\interpreter\linkResolver.cpp:892
Event: 9.893 Thread 0x0064c800 Threw 0x242470d8 at C:\re\jdk7u79\2331\hotspot\src\share\vm\interpreter\linkResolver.cpp:892
Event: 9.894 Thread 0x0064c800 Threw 0x24247528 at C:\re\jdk7u79\2331\hotspot\src\share\vm\interpreter\linkResolver.cpp:892
Event: 9.895 Thread 0x0064c800 Threw 0x24247978 at C:\re\jdk7u79\2331\hotspot\src\share\vm\interpreter\linkResolver.cpp:892
Event: 9.896 Thread 0x0064c800 Threw 0x24247dc8 at C:\re\jdk7u79\2331\hotspot\src\share\vm\interpreter\linkResolver.cpp:892
Event: 9.897 Thread 0x0064c800 Threw 0x24248218 at C:\re\jdk7u79\2331\hotspot\src\share\vm\interpreter\linkResolver.cpp:892
Event: 9.898 Thread 0x0064c800 Threw 0x24248668 at C:\re\jdk7u79\2331\hotspot\src\share\vm\interpreter\linkResolver.cpp:892
Event: 9.898 Thread 0x0064c800 Threw 0x24248ab8 at C:\re\jdk7u79\2331\hotspot\src\share\vm\interpreter\linkResolver.cpp:892
Event: 9.899 Thread 0x0064c800 Threw 0x24248f08 at C:\re\jdk7u79\2331\hotspot\src\share\vm\interpreter\linkResolver.cpp:892
Event: 9.900 Thread 0x0064c800 Threw 0x24249358 at C:\re\jdk7u79\2331\hotspot\src\share\vm\interpreter\linkResolver.cpp:892

Events (10 events):
Event: 9.763 Executing VM operation: RevokeBias
Event: 9.763 Executing VM operation: RevokeBias done
Event: 9.763 Executing VM operation: RevokeBias
Event: 9.763 Executing VM operation: RevokeBias done
Event: 9.763 Executing VM operation: BulkRevokeBias
Event: 9.763 Executing VM operation: BulkRevokeBias done
Event: 9.763 Executing VM operation: RevokeBias
Event: 9.763 Executing VM operation: RevokeBias done
Event: 9.763 Executing VM operation: BulkRevokeBias
Event: 9.763 Executing VM operation: BulkRevokeBias done


Dynamic libraries:
0x00d90000 - 0x00dbf000 	C:\Program Files (x86)\Java\jre7\bin\javaw.exe
0x77ac0000 - 0x77c3b000 	C:\WINDOWS\SYSTEM32\ntdll.dll
0x77670000 - 0x77750000 	C:\WINDOWS\SYSTEM32\KERNEL32.DLL
0x76250000 - 0x763ce000 	C:\WINDOWS\SYSTEM32\KERNELBASE.dll
0x748e0000 - 0x7495b000 	C:\WINDOWS\SYSTEM32\ADVAPI32.dll
0x774f0000 - 0x775ae000 	C:\WINDOWS\SYSTEM32\msvcrt.dll
0x75ff0000 - 0x76034000 	C:\WINDOWS\SYSTEM32\sechost.dll
0x765e0000 - 0x7668d000 	C:\WINDOWS\SYSTEM32\RPCRT4.dll
0x747d0000 - 0x747ee000 	C:\WINDOWS\SYSTEM32\SspiCli.dll
0x747c0000 - 0x747ca000 	C:\WINDOWS\SYSTEM32\CRYPTBASE.dll
0x76d60000 - 0x76db8000 	C:\WINDOWS\SYSTEM32\bcryptPrimitives.dll
0x77750000 - 0x77897000 	C:\WINDOWS\SYSTEM32\USER32.dll
0x766b0000 - 0x767ff000 	C:\WINDOWS\SYSTEM32\GDI32.dll
0x73870000 - 0x73a7f000 	C:\WINDOWS\WinSxS\x86_microsoft.windows.common-controls_6595b64144ccf1df_6.0.10586.0_none_d3c2e4e965da4528\COMCTL32.dll
0x778a0000 - 0x77a5d000 	C:\WINDOWS\SYSTEM32\combase.dll
0x74b70000 - 0x74b9b000 	C:\WINDOWS\SYSTEM32\IMM32.DLL
0x61af0000 - 0x61baf000 	C:\Program Files (x86)\Java\jre7\bin\msvcr100.dll
0x5e3a0000 - 0x5e729000 	C:\Program Files (x86)\Java\jre7\bin\client\jvm.dll
0x74960000 - 0x74966000 	C:\WINDOWS\SYSTEM32\PSAPI.DLL
0x733a0000 - 0x733c4000 	C:\WINDOWS\SYSTEM32\WINMM.dll
0x73fe0000 - 0x73fe8000 	C:\WINDOWS\SYSTEM32\WSOCK32.dll
0x77260000 - 0x772bf000 	C:\WINDOWS\SYSTEM32\WS2_32.dll
0x005e0000 - 0x00603000 	C:\WINDOWS\SYSTEM32\WINMMBASE.dll
0x77200000 - 0x77237000 	C:\WINDOWS\SYSTEM32\cfgmgr32.dll
0x6aee0000 - 0x6aeec000 	C:\Program Files (x86)\Java\jre7\bin\verify.dll
0x627b0000 - 0x627d0000 	C:\Program Files (x86)\Java\jre7\bin\java.dll
0x62210000 - 0x62223000 	C:\Program Files (x86)\Java\jre7\bin\zip.dll
0x5c330000 - 0x5c599000 	C:\Users\ShottyMonsta\Desktop\CraftPlannerFinal\LGOAPCraft\bwapi_bridge2_4.dll
0x61e10000 - 0x61e81000 	C:\WINDOWS\SYSTEM32\MSVCP120.dll
0x61d20000 - 0x61e0e000 	C:\WINDOWS\SYSTEM32\MSVCR120.dll
0x6acc0000 - 0x6ad27000 	C:\Users\ShottyMonsta\Desktop\CraftPlannerFinal\LGOAPCraft\libgmp-10.dll
0x6f540000 - 0x6f59e000 	C:\Users\ShottyMonsta\Desktop\CraftPlannerFinal\LGOAPCraft\libmpfr-4.dll
0x69bd0000 - 0x69d0f000 	C:\WINDOWS\SYSTEM32\dbghelp.dll

VM Arguments:
jvm_args: -Dfile.encoding=Cp1252 
java_command: Managers.GameManager
Launcher Type: SUN_STANDARD

Environment Variables:
PATH=C:/Program Files (x86)/Java/jre7/bin/client;C:/Program Files (x86)/Java/jre7/bin;C:/Program Files (x86)/Java/jre7/lib/i386;C:\WINDOWS\system32;C:\WINDOWS;C:\WINDOWS\system32\wbem;C:\Program Files\Common Files\Microsoft Shared\Windows Live;C:\Program Files (x86)\Common Files\Microsoft Shared\Windows Live;C:\Program Files (x86)\Intel\iCLS Client;C:\Program Files\Intel\iCLS Client;C:\Windows\System32\WindowsPowerShell\v1.0;C:\Program Files\Intel\Intel(R) Management Engine Components\DAL;C:\Program Files\Intel\Intel(R) Management Engine Components\IPT;C:\Program Files (x86)\Intel\Intel(R) Management Engine Components\DAL;C:\Program Files (x86)\Intel\Intel(R) Management Engine Components\IPT;C:\Program Files\Common Files\Autodesk Shared;C:\Program Files\Microsoft SQL Server\110\Tools\Binn;C:\Program Files (x86)\Java\jdk1.7.0_40\bin;C:\Program Files (x86)\nodejs\\bin;C:\Users\ShottyMonsta\AppData\Local\Smartbar\Application;C:\Program Files (x86)\Windows Live\Shared;C:\Program Files (x86)\Autodesk\Backburner;C:\Program Files (x86)\Skype\Phone;C:\Program Files (x86)\Windows Kits\8.1\Windows Performance Toolkit;C:\Program Files\doxygen\bin;C:\WINDOWS\System32\Wbem;C:\WINDOWS\System32\WindowsPowerShell\v1.0\;C:\Program Files (x86)\Skype\Phone\;C:\Program Files\Common Files\Autodesk Shared\;C:\Program Files (x86)\NVIDIA Corporation\PhysX\Common;C:\WINDOWS\system32\config\systemprofile\.dnx\bin;C:\Program Files\Microsoft DNX\Dnvm\;C:\Program Files (x86)\Windows Kits\8.1\Windows Performance Toolkit\;C:\Users\ShottyMonsta\eclipse\java-mars\eclipse;
USERNAME=ShottyMonsta
OS=Windows_NT
PROCESSOR_IDENTIFIER=Intel64 Family 6 Model 58 Stepping 9, GenuineIntel



---------------  S Y S T E M  ---------------

OS: Windows 8.1 , 64 bit Build 9600 

CPU:total 8 (4 cores per cpu, 2 threads per core) family 6 model 58 stepping 9, cmov, cx8, fxsr, mmx, sse, sse2, sse3, ssse3, sse4.1, sse4.2, popcnt, avx, aes, erms, ht, tsc, tscinvbit, tscinv

Memory: 4k page, physical 16720292k(11900336k free), swap 33497508k(27403052k free)

vm_info: Java HotSpot(TM) Client VM (24.79-b02) for windows-x86 JRE (1.7.0_79-b15), built on Apr 10 2015 16:49:13 by "java_re" with unknown MS VC++:1600

time: Sat Apr 23 11:43:35 2016
elapsed time: 10 seconds

