#
# A fatal error has been detected by the Java Runtime Environment:
#
#  EXCEPTION_ACCESS_VIOLATION (0xc0000005) at pc=0x5ed254bb, pid=8340, tid=9864
#
# JRE version: Java(TM) SE Runtime Environment (7.0_79-b15) (build 1.7.0_79-b15)
# Java VM: Java HotSpot(TM) Client VM (24.79-b02 mixed mode, sharing windows-x86 )
# Problematic frame:
# V  [jvm.dll+0xc54bb]
#
# Failed to write core dump. Minidumps are not enabled by default on client versions of Windows
#
# If you would like to submit a bug report, please visit:
#   http://bugreport.java.com/bugreport/crash.jsp
#

---------------  T H R E A D  ---------------

Current thread (0x00e7c800):  JavaThread "main" [_thread_in_vm, id=9864, stack(0x00a90000,0x00ae0000)]

siginfo: ExceptionCode=0xc0000005, reading address 0x00000000

Registers:
EAX=0x00000000, EBX=0x5b220278, ECX=0x00000000, EDX=0x00000001
ESP=0x00addccc, EBP=0x00addce8, ESI=0x00e7c930, EDI=0x00e7c800
EIP=0x5ed254bb, EFLAGS=0x00010246

Top of Stack: (sp=0x00addccc)
0x00addccc:   00000000 00e7c930 5b220278 00e7c800
0x00addcdc:   00000000 00e7c800 00e7c930 00addd38
0x00addcec:   5b0ac8d5 00e7c930 00000000 00e70079
0x00addcfc:   00e7c930 5b220278 5b0ac8a7 00000001
0x00addd0c:   0000000f ffff0049 00addd38 5b0ac883
0x00addd1c:   00e7c930 00000001 0000000f 00e7c800
0x00addd2c:   34256310 34256310 00e7c930 00addd7c
0x00addd3c:   0253aabd 00e7c930 00addd9c 06d74480 

Instructions: (pc=0x5ed254bb)
0x5ed2549b:   f3 ff 83 c4 08 83 7f 04 00 89 7d f0 c7 45 f4 00
0x5ed254ab:   00 00 00 74 08 8d 4d f0 e8 a8 a6 0c 00 8b 45 0c
0x5ed254bb:   8b 08 8b 51 04 8b 42 40 50 56 e8 26 df 07 00 83
0x5ed254cb:   c4 08 83 7d f4 00 89 45 08 74 08 8d 4d f0 e8 c2 


Register to memory mapping:

EAX=0x00000000 is an unknown value
EBX=0x5b220278 is an unknown value
ECX=0x00000000 is an unknown value
EDX=0x00000001 is an unknown value
ESP=0x00addccc is pointing into the stack for thread: 0x00e7c800
EBP=0x00addce8 is pointing into the stack for thread: 0x00e7c800
ESI=0x00e7c930 is an unknown value
EDI=0x00e7c800 is a thread


Stack: [0x00a90000,0x00ae0000],  sp=0x00addccc,  free space=311k
Native frames: (J=compiled Java code, j=interpreted, Vv=VM code, C=native code)
V  [jvm.dll+0xc54bb]
C  [bwapi_bridge2_4.dll+0x7c8d5]
j  bwapi.Unit.build_native(JLbwapi/UnitType;Lbwapi/TilePosition;)Z+0
j  bwapi.Unit.build(Lbwapi/UnitType;Lbwapi/TilePosition;)Z+7
j  Orders.BuildOrder.update()V+108
J 50 C1 GameModel.Worker.update(LCraftPlanner/CraftPlannerBlackboard;)V (445 bytes) @ 0x025cd8ec [0x025cd380+0x56c]
J 74 C1 Actuators.WorkerActuator.update()V (54 bytes) @ 0x025d2e78 [0x025d2dd0+0xa8]
J 142 C1 CraftPlanner.CraftPlanner.update()V (88 bytes) @ 0x025e0ab8 [0x025e0a50+0x68]
J 133 C1 Managers.GameManager.onFrame()V (56 bytes) @ 0x025dfaf8 [0x025df8d0+0x228]
J 132 C1 bwapi.AIModule.onFrame()V (17 bytes) @ 0x025df684 [0x025df650+0x34]
v  ~StubRoutines::call_stub
V  [jvm.dll+0x14234a]
V  [jvm.dll+0x206ebe]
V  [jvm.dll+0x1423cd]
V  [jvm.dll+0xcb5c2]
V  [jvm.dll+0xcf213]
C  [bwapi_bridge2_4.dll+0x40e6d]
C  [bwapi_bridge2_4.dll+0x699d0]
j  bwapi.Mirror.startGame()V+0
j  Managers.GameManager.<init>()V+30
j  Managers.GameManager.main([Ljava/lang/String;)V+4
v  ~StubRoutines::call_stub
V  [jvm.dll+0x14234a]
V  [jvm.dll+0x206ebe]
V  [jvm.dll+0x1423cd]
V  [jvm.dll+0xcb345]
V  [jvm.dll+0xd5ff7]
C  [javaw.exe+0x2070]
C  [javaw.exe+0xa601]
C  [javaw.exe+0xa68b]
C  [KERNEL32.DLL+0x138f4]
C  [ntdll.dll+0x65de3]
C  [ntdll.dll+0x65dae]

Java frames: (J=compiled Java code, j=interpreted, Vv=VM code)
j  bwapi.Unit.build_native(JLbwapi/UnitType;Lbwapi/TilePosition;)Z+0
j  bwapi.Unit.build(Lbwapi/UnitType;Lbwapi/TilePosition;)Z+7
j  Orders.BuildOrder.update()V+108
J 50 C1 GameModel.Worker.update(LCraftPlanner/CraftPlannerBlackboard;)V (445 bytes) @ 0x025cd8ec [0x025cd380+0x56c]
J 74 C1 Actuators.WorkerActuator.update()V (54 bytes) @ 0x025d2e78 [0x025d2dd0+0xa8]
J 142 C1 CraftPlanner.CraftPlanner.update()V (88 bytes) @ 0x025e0ab8 [0x025e0a50+0x68]
J 133 C1 Managers.GameManager.onFrame()V (56 bytes) @ 0x025dfaf8 [0x025df8d0+0x228]
J 132 C1 bwapi.AIModule.onFrame()V (17 bytes) @ 0x025df684 [0x025df650+0x34]
v  ~StubRoutines::call_stub
j  bwapi.Mirror.startGame()V+0
j  Managers.GameManager.<init>()V+30
j  Managers.GameManager.main([Ljava/lang/String;)V+4
v  ~StubRoutines::call_stub

---------------  P R O C E S S  ---------------

Java Threads: ( => current thread )
  0x00bc1000 JavaThread "Service Thread" daemon [_thread_blocked, id=9928, stack(0x04610000,0x04660000)]
  0x00bb4c00 JavaThread "C1 CompilerThread0" daemon [_thread_blocked, id=10352, stack(0x04580000,0x045d0000)]
  0x00bb3800 JavaThread "Attach Listener" daemon [_thread_blocked, id=9908, stack(0x04530000,0x04580000)]
  0x00bb1800 JavaThread "Signal Dispatcher" daemon [_thread_blocked, id=11796, stack(0x01030000,0x01080000)]
  0x00b44800 JavaThread "Finalizer" daemon [_thread_blocked, id=10564, stack(0x00fa0000,0x00ff0000)]
  0x00b3f800 JavaThread "Reference Handler" daemon [_thread_blocked, id=5584, stack(0x00f10000,0x00f60000)]
=>0x00e7c800 JavaThread "main" [_thread_in_vm, id=9864, stack(0x00a90000,0x00ae0000)]

Other Threads:
  0x00b3e400 VMThread [stack: 0x00e80000,0x00ed0000] [id=6128]
  0x00bd1400 WatcherThread [stack: 0x046a0000,0x046f0000] [id=8020]

VM state:not at safepoint (normal execution)

VM Mutex/Monitor currently owned by a thread: None

Heap
 def new generation   total 4928K, used 2046K [0x24200000, 0x24750000, 0x29750000)
  eden space 4416K,  34% used [0x24200000, 0x243809f0, 0x24650000)
  from space 512K,  99% used [0x246d0000, 0x2474ef30, 0x24750000)
  to   space 512K,   0% used [0x24650000, 0x24650000, 0x246d0000)
 tenured generation   total 10944K, used 0K [0x29750000, 0x2a200000, 0x34200000)
   the space 10944K,   0% used [0x29750000, 0x29750000, 0x29750200, 0x2a200000)
 compacting perm gen  total 12288K, used 716K [0x34200000, 0x34e00000, 0x38200000)
   the space 12288K,   5% used [0x34200000, 0x342b30d0, 0x342b3200, 0x34e00000)
    ro space 10240K,  42% used [0x38200000, 0x38636058, 0x38636200, 0x38c00000)
    rw space 12288K,  51% used [0x38c00000, 0x3923bdb0, 0x3923be00, 0x39800000)

Card table byte_map: [0x00d20000,0x00dd0000] byte_map_base: 0x00bff000

Polling page: 0x00ae0000

Code Cache  [0x02530000, 0x02600000, 0x04530000)
 total_blobs=312 nmethods=175 adapters=74 free_code_cache=31956Kb largest_free_block=32723328

Compilation events (10 events):
Event: 8.143 Thread 0x00bb4c00  168             java.lang.Enum::ordinal (5 bytes)
Event: 8.143 Thread 0x00bb4c00 nmethod 168 0x025f9c08 code [0x025f9d00, 0x025f9d80]
Event: 8.289 Thread 0x00bb4c00  169             bwapi.Game::mapWidth (9 bytes)
Event: 8.289 Thread 0x00bb4c00 nmethod 169 0x025fa048 code [0x025fa140, 0x025fa1dc]
Event: 8.291 Thread 0x00bb4c00  171             bwapi.Game::mapHeight (9 bytes)
Event: 8.291 Thread 0x00bb4c00 nmethod 171 0x025fa788 code [0x025fa880, 0x025fa91c]
Event: 8.291 Thread 0x00bb4c00  173             GameModel.Base::canBuildHere (27 bytes)
Event: 8.291 Thread 0x00bb4c00 nmethod 173 0x025fa988 code [0x025faaa0, 0x025fabb8]
Event: 8.291 Thread 0x00bb4c00  174             bwapi.Game::canBuildHere (12 bytes)
Event: 8.291 Thread 0x00bb4c00 nmethod 174 0x025fac88 code [0x025fad80, 0x025fae2c]

GC Heap History (2 events):
Event: 7.656 GC heap before
{Heap before GC invocations=0 (full 0):
 def new generation   total 4928K, used 4416K [0x24200000, 0x24750000, 0x29750000)
  eden space 4416K, 100% used [0x24200000, 0x24650000, 0x24650000)
  from space 512K,   0% used [0x24650000, 0x24650000, 0x246d0000)
  to   space 512K,   0% used [0x246d0000, 0x246d0000, 0x24750000)
 tenured generation   total 10944K, used 0K [0x29750000, 0x2a200000, 0x34200000)
   the space 10944K,   0% used [0x29750000, 0x29750000, 0x29750200, 0x2a200000)
 compacting perm gen  total 12288K, used 716K [0x34200000, 0x34e00000, 0x38200000)
   the space 12288K,   5% used [0x34200000, 0x342b3090, 0x342b3200, 0x34e00000)
    ro space 10240K,  42% used [0x38200000, 0x38636058, 0x38636200, 0x38c00000)
    rw space 12288K,  51% used [0x38c00000, 0x3923bdb0, 0x3923be00, 0x39800000)
Event: 7.657 GC heap after
Heap after GC invocations=1 (full 0):
 def new generation   total 4928K, used 507K [0x24200000, 0x24750000, 0x29750000)
  eden space 4416K,   0% used [0x24200000, 0x24200000, 0x24650000)
  from space 512K,  99% used [0x246d0000, 0x2474ef30, 0x24750000)
  to   space 512K,   0% used [0x24650000, 0x24650000, 0x246d0000)
 tenured generation   total 10944K, used 0K [0x29750000, 0x2a200000, 0x34200000)
   the space 10944K,   0% used [0x29750000, 0x29750000, 0x29750200, 0x2a200000)
 compacting perm gen  total 12288K, used 716K [0x34200000, 0x34e00000, 0x38200000)
   the space 12288K,   5% used [0x34200000, 0x342b3090, 0x342b3200, 0x34e00000)
    ro space 10240K,  42% used [0x38200000, 0x38636058, 0x38636200, 0x38c00000)
    rw space 12288K,  51% used [0x38c00000, 0x3923bdb0, 0x3923be00, 0x39800000)
}

Deoptimization events (0 events):
No events

Internal exceptions (10 events):
Event: 7.697 Thread 0x00e7c800 Threw 0x2420bee0 at C:\re\jdk7u79\2331\hotspot\src\share\vm\interpreter\linkResolver.cpp:892
Event: 7.698 Thread 0x00e7c800 Threw 0x2420c330 at C:\re\jdk7u79\2331\hotspot\src\share\vm\interpreter\linkResolver.cpp:892
Event: 7.698 Thread 0x00e7c800 Threw 0x2420c780 at C:\re\jdk7u79\2331\hotspot\src\share\vm\interpreter\linkResolver.cpp:892
Event: 7.699 Thread 0x00e7c800 Threw 0x2420cbd0 at C:\re\jdk7u79\2331\hotspot\src\share\vm\interpreter\linkResolver.cpp:892
Event: 7.700 Thread 0x00e7c800 Threw 0x2420d020 at C:\re\jdk7u79\2331\hotspot\src\share\vm\interpreter\linkResolver.cpp:892
Event: 7.701 Thread 0x00e7c800 Threw 0x2420d470 at C:\re\jdk7u79\2331\hotspot\src\share\vm\interpreter\linkResolver.cpp:892
Event: 7.702 Thread 0x00e7c800 Threw 0x2420d8c0 at C:\re\jdk7u79\2331\hotspot\src\share\vm\interpreter\linkResolver.cpp:892
Event: 7.703 Thread 0x00e7c800 Threw 0x2420dd10 at C:\re\jdk7u79\2331\hotspot\src\share\vm\interpreter\linkResolver.cpp:892
Event: 7.704 Thread 0x00e7c800 Threw 0x2420e160 at C:\re\jdk7u79\2331\hotspot\src\share\vm\interpreter\linkResolver.cpp:892
Event: 7.705 Thread 0x00e7c800 Threw 0x2420e6b8 at C:\re\jdk7u79\2331\hotspot\src\share\vm\interpreter\linkResolver.cpp:892

Events (10 events):
Event: 7.659 Executing VM operation: RevokeBias
Event: 7.659 Executing VM operation: RevokeBias done
Event: 7.659 Executing VM operation: RevokeBias
Event: 7.659 Executing VM operation: RevokeBias done
Event: 7.659 Executing VM operation: BulkRevokeBias
Event: 7.659 Executing VM operation: BulkRevokeBias done
Event: 7.659 Executing VM operation: RevokeBias
Event: 7.659 Executing VM operation: RevokeBias done
Event: 7.659 Executing VM operation: BulkRevokeBias
Event: 7.659 Executing VM operation: BulkRevokeBias done


Dynamic libraries:
0x01100000 - 0x0112f000 	C:\Program Files (x86)\Java\jre7\bin\javaw.exe
0x77320000 - 0x7749b000 	C:\WINDOWS\SYSTEM32\ntdll.dll
0x76160000 - 0x76240000 	C:\WINDOWS\SYSTEM32\KERNEL32.DLL
0x771a0000 - 0x7731e000 	C:\WINDOWS\SYSTEM32\KERNELBASE.dll
0x75f40000 - 0x75fbb000 	C:\WINDOWS\SYSTEM32\ADVAPI32.dll
0x76f60000 - 0x7701e000 	C:\WINDOWS\SYSTEM32\msvcrt.dll
0x76080000 - 0x760c4000 	C:\WINDOWS\SYSTEM32\sechost.dll
0x75e90000 - 0x75f3d000 	C:\WINDOWS\SYSTEM32\RPCRT4.dll
0x75430000 - 0x7544e000 	C:\WINDOWS\SYSTEM32\SspiCli.dll
0x75420000 - 0x7542a000 	C:\WINDOWS\SYSTEM32\CRYPTBASE.dll
0x75840000 - 0x75898000 	C:\WINDOWS\SYSTEM32\bcryptPrimitives.dll
0x76380000 - 0x764c7000 	C:\WINDOWS\SYSTEM32\USER32.dll
0x758c0000 - 0x75a0f000 	C:\WINDOWS\SYSTEM32\GDI32.dll
0x72e20000 - 0x7302f000 	C:\WINDOWS\WinSxS\x86_microsoft.windows.common-controls_6595b64144ccf1df_6.0.10586.0_none_d3c2e4e965da4528\COMCTL32.dll
0x754a0000 - 0x7565d000 	C:\WINDOWS\SYSTEM32\combase.dll
0x76630000 - 0x7665b000 	C:\WINDOWS\SYSTEM32\IMM32.DLL
0x5fdc0000 - 0x5fe7f000 	C:\Program Files (x86)\Java\jre7\bin\msvcr100.dll
0x5ec60000 - 0x5efe9000 	C:\Program Files (x86)\Java\jre7\bin\client\jvm.dll
0x76780000 - 0x76786000 	C:\WINDOWS\SYSTEM32\PSAPI.DLL
0x723d0000 - 0x723d8000 	C:\WINDOWS\SYSTEM32\WSOCK32.dll
0x72260000 - 0x72284000 	C:\WINDOWS\SYSTEM32\WINMM.dll
0x765d0000 - 0x7662f000 	C:\WINDOWS\SYSTEM32\WS2_32.dll
0x00a00000 - 0x00a23000 	C:\WINDOWS\SYSTEM32\WINMMBASE.dll
0x77110000 - 0x77147000 	C:\WINDOWS\SYSTEM32\cfgmgr32.dll
0x727c0000 - 0x727cc000 	C:\Program Files (x86)\Java\jre7\bin\verify.dll
0x6a700000 - 0x6a720000 	C:\Program Files (x86)\Java\jre7\bin\java.dll
0x60b70000 - 0x60b83000 	C:\Program Files (x86)\Java\jre7\bin\zip.dll
0x5b030000 - 0x5b299000 	C:\Users\ShottyMonsta\Desktop\CraftPlanner\LGOAPCraft\bwapi_bridge2_4.dll
0x601b0000 - 0x60221000 	C:\WINDOWS\SYSTEM32\MSVCP120.dll
0x5eb70000 - 0x5ec5e000 	C:\WINDOWS\SYSTEM32\MSVCR120.dll
0x6acc0000 - 0x6ad27000 	C:\Users\ShottyMonsta\Desktop\CraftPlanner\LGOAPCraft\libgmp-10.dll
0x6f540000 - 0x6f59e000 	C:\Users\ShottyMonsta\Desktop\CraftPlanner\LGOAPCraft\libmpfr-4.dll
0x5f8f0000 - 0x5fa2f000 	C:\WINDOWS\SYSTEM32\dbghelp.dll

VM Arguments:
jvm_args: -Dfile.encoding=Cp1252 
java_command: Managers.GameManager
Launcher Type: SUN_STANDARD

Environment Variables:
PATH=C:/Program Files (x86)/Java/jre7/bin/client;C:/Program Files (x86)/Java/jre7/bin;C:/Program Files (x86)/Java/jre7/lib/i386;C:\WINDOWS\system32;C:\WINDOWS;C:\WINDOWS\system32\wbem;C:\Program Files\Common Files\Microsoft Shared\Windows Live;C:\Program Files (x86)\Common Files\Microsoft Shared\Windows Live;C:\Program Files (x86)\Intel\iCLS Client;C:\Program Files\Intel\iCLS Client;C:\Windows\System32\WindowsPowerShell\v1.0;C:\Program Files\Intel\Intel(R) Management Engine Components\DAL;C:\Program Files\Intel\Intel(R) Management Engine Components\IPT;C:\Program Files (x86)\Intel\Intel(R) Management Engine Components\DAL;C:\Program Files (x86)\Intel\Intel(R) Management Engine Components\IPT;C:\Program Files\Common Files\Autodesk Shared;C:\Program Files\Microsoft SQL Server\110\Tools\Binn;C:\Program Files (x86)\Java\jdk1.7.0_40\bin;C:\Program Files (x86)\nodejs\\bin;C:\Users\ShottyMonsta\AppData\Local\Smartbar\Application;C:\Program Files (x86)\Windows Live\Shared;C:\Program Files (x86)\Autodesk\Backburner;C:\Program Files (x86)\Skype\Phone;C:\Program Files (x86)\Windows Kits\8.1\Windows Performance Toolkit;C:\Program Files\doxygen\bin;C:\WINDOWS\System32\Wbem;C:\WINDOWS\System32\WindowsPowerShell\v1.0\;C:\Program Files (x86)\Skype\Phone\;C:\Program Files\Common Files\Autodesk Shared\;C:\Program Files (x86)\NVIDIA Corporation\PhysX\Common;C:\WINDOWS\system32\config\systemprofile\.dnx\bin;C:\Program Files\Microsoft DNX\Dnvm\;C:\Program Files (x86)\Windows Kits\8.1\Windows Performance Toolkit\;C:\Program Files (x86)\nodejs\;C:\Program Files (x86)\MySQL\MySQL Fabric 1.5 & MySQL Utilities 1.5\;C:\Program Files (x86)\MySQL\MySQL Fabric 1.5 & MySQL Utilities 1.5\Doctrine extensions for PHP\;C:\Users\ShottyMonsta\AppData\Roaming\npm;C:\Users\ShottyMonsta\eclipse\java-mars\eclipse;
USERNAME=ShottyMonsta
OS=Windows_NT
PROCESSOR_IDENTIFIER=Intel64 Family 6 Model 58 Stepping 9, GenuineIntel



---------------  S Y S T E M  ---------------

OS: Windows 8.1 , 64 bit Build 9600 

CPU:total 8 (4 cores per cpu, 2 threads per core) family 6 model 58 stepping 9, cmov, cx8, fxsr, mmx, sse, sse2, sse3, ssse3, sse4.1, sse4.2, popcnt, avx, aes, erms, ht, tsc, tscinvbit, tscinv

Memory: 4k page, physical 16720292k(11736196k free), swap 33497508k(26475480k free)

vm_info: Java HotSpot(TM) Client VM (24.79-b02) for windows-x86 JRE (1.7.0_79-b15), built on Apr 10 2015 16:49:13 by "java_re" with unknown MS VC++:1600

time: Tue May 03 12:37:09 2016
elapsed time: 8 seconds

