#
# A fatal error has been detected by the Java Runtime Environment:
#
#  EXCEPTION_ACCESS_VIOLATION (0xc0000005) at pc=0x5e6354bb, pid=4568, tid=8760
#
# JRE version: Java(TM) SE Runtime Environment (7.0_79-b15) (build 1.7.0_79-b15)
# Java VM: Java HotSpot(TM) Client VM (24.79-b02 mixed mode, sharing windows-x86 )
# Problematic frame:
# V  [jvm.dll+0xc54bb]
#
# Failed to write core dump. Minidumps are not enabled by default on client versions of Windows
#
# If you would like to submit a bug report, please visit:
#   http://bugreport.java.com/bugreport/crash.jsp
#

---------------  T H R E A D  ---------------

Current thread (0x00c8c800):  JavaThread "main" [_thread_in_vm, id=8760, stack(0x00980000,0x009d0000)]

siginfo: ExceptionCode=0xc0000005, reading address 0x00000000

Registers:
EAX=0x00000000, EBX=0x680c0278, ECX=0x00000000, EDX=0x00000001
ESP=0x009cdb7c, EBP=0x009cdb98, ESI=0x00c8c930, EDI=0x00c8c800
EIP=0x5e6354bb, EFLAGS=0x00010246

Top of Stack: (sp=0x009cdb7c)
0x009cdb7c:   00000000 00c8c930 680c0278 00c8c800
0x009cdb8c:   00000000 00c8c800 00c8c930 009cdbe8
0x009cdb9c:   67f4c8d5 00c8c930 00000000 00c80079
0x009cdbac:   00c8c930 680c0278 67f4c8a7 00000001
0x009cdbbc:   0000000f ffff0049 009cdbe8 67f4c883
0x009cdbcc:   00c8c930 00000001 0000000f 00c8c800
0x009cdbdc:   342468f0 342468f0 00c8c930 009cdc2c
0x009cdbec:   0242aabd 00c8c930 009cdc4c 06dfc8e0 

Instructions: (pc=0x5e6354bb)
0x5e63549b:   f3 ff 83 c4 08 83 7f 04 00 89 7d f0 c7 45 f4 00
0x5e6354ab:   00 00 00 74 08 8d 4d f0 e8 a8 a6 0c 00 8b 45 0c
0x5e6354bb:   8b 08 8b 51 04 8b 42 40 50 56 e8 26 df 07 00 83
0x5e6354cb:   c4 08 83 7d f4 00 89 45 08 74 08 8d 4d f0 e8 c2 


Register to memory mapping:

EAX=0x00000000 is an unknown value
EBX=0x680c0278 is an unknown value
ECX=0x00000000 is an unknown value
EDX=0x00000001 is an unknown value
ESP=0x009cdb7c is pointing into the stack for thread: 0x00c8c800
EBP=0x009cdb98 is pointing into the stack for thread: 0x00c8c800
ESI=0x00c8c930 is an unknown value
EDI=0x00c8c800 is a thread


Stack: [0x00980000,0x009d0000],  sp=0x009cdb7c,  free space=310k
Native frames: (J=compiled Java code, j=interpreted, Vv=VM code, C=native code)
V  [jvm.dll+0xc54bb]
C  [bwapi_bridge2_4.dll+0x7c8d5]
j  bwapi.Unit.build_native(JLbwapi/UnitType;Lbwapi/TilePosition;)Z+0
j  bwapi.Unit.build(Lbwapi/UnitType;Lbwapi/TilePosition;)Z+7
j  Orders.BuildOrder.update()V+387
J 52 C1 GameModel.Worker.update(LCraftPlanner/CraftPlannerBlackboard;)V (403 bytes) @ 0x024bd758 [0x024bd2e0+0x478]
J 63 C1 Actuators.WorkerActuator.update()V (54 bytes) @ 0x024c0b38 [0x024c0a90+0xa8]
J 121 C1 CraftPlanner.CraftPlanner.update()V (78 bytes) @ 0x024d0ff0 [0x024d0f90+0x60]
J 112 C1 Managers.GameManager.onFrame()V (56 bytes) @ 0x024d0078 [0x024cfe50+0x228]
J 111 C1 bwapi.AIModule.onFrame()V (17 bytes) @ 0x024cfc04 [0x024cfbd0+0x34]
v  ~StubRoutines::call_stub
V  [jvm.dll+0x14234a]
V  [jvm.dll+0x206ebe]
V  [jvm.dll+0x1423cd]
V  [jvm.dll+0xcb5c2]
V  [jvm.dll+0xcf213]
C  [bwapi_bridge2_4.dll+0x40e6d]
C  [bwapi_bridge2_4.dll+0x699d0]
j  bwapi.Mirror.startGame()V+0
j  Managers.GameManager.<init>()V+30
j  Managers.GameManager.main([Ljava/lang/String;)V+4
v  ~StubRoutines::call_stub
V  [jvm.dll+0x14234a]
V  [jvm.dll+0x206ebe]
V  [jvm.dll+0x1423cd]
V  [jvm.dll+0xcb345]
V  [jvm.dll+0xd5ff7]
C  [javaw.exe+0x2070]
C  [javaw.exe+0xa601]
C  [javaw.exe+0xa68b]
C  [KERNEL32.DLL+0x138f4]
C  [ntdll.dll+0x65de3]
C  [ntdll.dll+0x65dae]

Java frames: (J=compiled Java code, j=interpreted, Vv=VM code)
j  bwapi.Unit.build_native(JLbwapi/UnitType;Lbwapi/TilePosition;)Z+0
j  bwapi.Unit.build(Lbwapi/UnitType;Lbwapi/TilePosition;)Z+7
j  Orders.BuildOrder.update()V+387
J 52 C1 GameModel.Worker.update(LCraftPlanner/CraftPlannerBlackboard;)V (403 bytes) @ 0x024bd758 [0x024bd2e0+0x478]
J 63 C1 Actuators.WorkerActuator.update()V (54 bytes) @ 0x024c0b38 [0x024c0a90+0xa8]
J 121 C1 CraftPlanner.CraftPlanner.update()V (78 bytes) @ 0x024d0ff0 [0x024d0f90+0x60]
J 112 C1 Managers.GameManager.onFrame()V (56 bytes) @ 0x024d0078 [0x024cfe50+0x228]
J 111 C1 bwapi.AIModule.onFrame()V (17 bytes) @ 0x024cfc04 [0x024cfbd0+0x34]
v  ~StubRoutines::call_stub
j  bwapi.Mirror.startGame()V+0
j  Managers.GameManager.<init>()V+30
j  Managers.GameManager.main([Ljava/lang/String;)V+4
v  ~StubRoutines::call_stub

---------------  P R O C E S S  ---------------

Java Threads: ( => current thread )
  0x00f20000 JavaThread "Service Thread" daemon [_thread_blocked, id=5616, stack(0x04690000,0x046e0000)]
  0x00f14800 JavaThread "C1 CompilerThread0" daemon [_thread_blocked, id=5400, stack(0x04600000,0x04650000)]
  0x00f13800 JavaThread "Attach Listener" daemon [_thread_blocked, id=4460, stack(0x04570000,0x045c0000)]
  0x00ea7c00 JavaThread "Signal Dispatcher" daemon [_thread_blocked, id=5832, stack(0x00bc0000,0x00c10000)]
  0x00ea4800 JavaThread "Finalizer" daemon [_thread_blocked, id=9656, stack(0x00b30000,0x00b80000)]
  0x00e9f400 JavaThread "Reference Handler" daemon [_thread_blocked, id=812, stack(0x00aa0000,0x00af0000)]
=>0x00c8c800 JavaThread "main" [_thread_in_vm, id=8760, stack(0x00980000,0x009d0000)]

Other Threads:
  0x00e9e000 VMThread [stack: 0x00a10000,0x00a60000] [id=10024]
  0x00f32400 WatcherThread [stack: 0x04720000,0x04770000] [id=7684]

VM state:not at safepoint (normal execution)

VM Mutex/Monitor currently owned by a thread: None

Heap
 def new generation   total 4928K, used 1348K [0x24200000, 0x24750000, 0x29750000)
  eden space 4416K,  19% used [0x24200000, 0x242daff8, 0x24650000)
  from space 512K,  92% used [0x246d0000, 0x247461b8, 0x24750000)
  to   space 512K,   0% used [0x24650000, 0x24650000, 0x246d0000)
 tenured generation   total 10944K, used 0K [0x29750000, 0x2a200000, 0x34200000)
   the space 10944K,   0% used [0x29750000, 0x29750000, 0x29750200, 0x2a200000)
 compacting perm gen  total 12288K, used 711K [0x34200000, 0x34e00000, 0x38200000)
   the space 12288K,   5% used [0x34200000, 0x342b1ee8, 0x342b2000, 0x34e00000)
    ro space 10240K,  42% used [0x38200000, 0x38636058, 0x38636200, 0x38c00000)
    rw space 12288K,  51% used [0x38c00000, 0x3923bdb0, 0x3923be00, 0x39800000)

Card table byte_map: [0x04420000,0x044d0000] byte_map_base: 0x042ff000

Polling page: 0x00c70000

Code Cache  [0x02420000, 0x024e8000, 0x04420000)
 total_blobs=298 nmethods=161 adapters=74 free_code_cache=31984Kb largest_free_block=32752384

Compilation events (10 events):
Event: 22.743 Thread 0x00f14800  155             bwapi.AbstractPoint::<init> (5 bytes)
Event: 22.743 Thread 0x00f14800 nmethod 155 0x024e2d48 code [0x024e2e40, 0x024e2ec0]
Event: 22.743 Thread 0x00f14800  156             bwapi.TilePosition::<init> (15 bytes)
Event: 22.743 Thread 0x00f14800 nmethod 156 0x024e2f08 code [0x024e3000, 0x024e3080]
Event: 22.744 Thread 0x00f14800  157             bwapi.Game::mapHeight (9 bytes)
Event: 22.744 Thread 0x00f14800 nmethod 157 0x024e3608 code [0x024e3700, 0x024e379c]
Event: 22.744 Thread 0x00f14800  159             GameModel.Base::canBuildHere (27 bytes)
Event: 22.744 Thread 0x00f14800 nmethod 159 0x024e3808 code [0x024e3920, 0x024e3a38]
Event: 22.744 Thread 0x00f14800  160             bwapi.Game::canBuildHere (12 bytes)
Event: 22.744 Thread 0x00f14800 nmethod 160 0x024e3b08 code [0x024e3c00, 0x024e3cac]

GC Heap History (2 events):
Event: 20.257 GC heap before
{Heap before GC invocations=0 (full 0):
 def new generation   total 4928K, used 4416K [0x24200000, 0x24750000, 0x29750000)
  eden space 4416K, 100% used [0x24200000, 0x24650000, 0x24650000)
  from space 512K,   0% used [0x24650000, 0x24650000, 0x246d0000)
  to   space 512K,   0% used [0x246d0000, 0x246d0000, 0x24750000)
 tenured generation   total 10944K, used 0K [0x29750000, 0x2a200000, 0x34200000)
   the space 10944K,   0% used [0x29750000, 0x29750000, 0x29750200, 0x2a200000)
 compacting perm gen  total 12288K, used 711K [0x34200000, 0x34e00000, 0x38200000)
   the space 12288K,   5% used [0x34200000, 0x342b1ed8, 0x342b2000, 0x34e00000)
    ro space 10240K,  42% used [0x38200000, 0x38636058, 0x38636200, 0x38c00000)
    rw space 12288K,  51% used [0x38c00000, 0x3923bdb0, 0x3923be00, 0x39800000)
Event: 20.258 GC heap after
Heap after GC invocations=1 (full 0):
 def new generation   total 4928K, used 472K [0x24200000, 0x24750000, 0x29750000)
  eden space 4416K,   0% used [0x24200000, 0x24200000, 0x24650000)
  from space 512K,  92% used [0x246d0000, 0x247461b8, 0x24750000)
  to   space 512K,   0% used [0x24650000, 0x24650000, 0x246d0000)
 tenured generation   total 10944K, used 0K [0x29750000, 0x2a200000, 0x34200000)
   the space 10944K,   0% used [0x29750000, 0x29750000, 0x29750200, 0x2a200000)
 compacting perm gen  total 12288K, used 711K [0x34200000, 0x34e00000, 0x38200000)
   the space 12288K,   5% used [0x34200000, 0x342b1ed8, 0x342b2000, 0x34e00000)
    ro space 10240K,  42% used [0x38200000, 0x38636058, 0x38636200, 0x38c00000)
    rw space 12288K,  51% used [0x38c00000, 0x3923bdb0, 0x3923be00, 0x39800000)
}

Deoptimization events (0 events):
No events

Internal exceptions (10 events):
Event: 5.501 Thread 0x00c8c800 Threw 0x243af278 at C:\re\jdk7u79\2331\hotspot\src\share\vm\prims\jvm.cpp:1304
Event: 5.501 Thread 0x00c8c800 Threw 0x243b1200 at C:\re\jdk7u79\2331\hotspot\src\share\vm\prims\jvm.cpp:1304
Event: 5.502 Thread 0x00c8c800 Threw 0x243b4478 at C:\re\jdk7u79\2331\hotspot\src\share\vm\prims\jvm.cpp:1304
Event: 5.503 Thread 0x00c8c800 Threw 0x243b9e50 at C:\re\jdk7u79\2331\hotspot\src\share\vm\prims\jvm.cpp:1304
Event: 5.505 Thread 0x00c8c800 Threw 0x243c2b90 at C:\re\jdk7u79\2331\hotspot\src\share\vm\prims\jvm.cpp:1304
Event: 5.505 Thread 0x00c8c800 Threw 0x243c5ee0 at C:\re\jdk7u79\2331\hotspot\src\share\vm\prims\jvm.cpp:1304
Event: 5.507 Thread 0x00c8c800 Threw 0x243c82e8 at C:\re\jdk7u79\2331\hotspot\src\share\vm\prims\jvm.cpp:1304
Event: 5.508 Thread 0x00c8c800 Threw 0x243cb2f0 at C:\re\jdk7u79\2331\hotspot\src\share\vm\prims\jvm.cpp:1304
Event: 5.508 Thread 0x00c8c800 Threw 0x243ce550 at C:\re\jdk7u79\2331\hotspot\src\share\vm\prims\jvm.cpp:1304
Event: 5.509 Thread 0x00c8c800 Threw 0x243d05a0 at C:\re\jdk7u79\2331\hotspot\src\share\vm\prims\jvm.cpp:1304

Events (10 events):
Event: 20.259 Executing VM operation: RevokeBias
Event: 20.259 Executing VM operation: RevokeBias done
Event: 20.259 Executing VM operation: BulkRevokeBias
Event: 20.259 Executing VM operation: BulkRevokeBias done
Event: 20.260 Executing VM operation: RevokeBias
Event: 20.260 Executing VM operation: RevokeBias done
Event: 20.260 Executing VM operation: RevokeBias
Event: 20.260 Executing VM operation: RevokeBias done
Event: 20.260 Executing VM operation: BulkRevokeBias
Event: 20.260 Executing VM operation: BulkRevokeBias done


Dynamic libraries:
0x000d0000 - 0x000ff000 	C:\Program Files (x86)\Java\jre7\bin\javaw.exe
0x76e90000 - 0x7700b000 	C:\WINDOWS\SYSTEM32\ntdll.dll
0x741f0000 - 0x742d0000 	C:\WINDOWS\SYSTEM32\KERNEL32.DLL
0x743e0000 - 0x7455e000 	C:\WINDOWS\SYSTEM32\KERNELBASE.dll
0x76e10000 - 0x76e8b000 	C:\WINDOWS\SYSTEM32\ADVAPI32.dll
0x73bc0000 - 0x73c7e000 	C:\WINDOWS\SYSTEM32\msvcrt.dll
0x74610000 - 0x74654000 	C:\WINDOWS\SYSTEM32\sechost.dll
0x747c0000 - 0x7486d000 	C:\WINDOWS\SYSTEM32\RPCRT4.dll
0x73ba0000 - 0x73bbe000 	C:\WINDOWS\SYSTEM32\SspiCli.dll
0x73b90000 - 0x73b9a000 	C:\WINDOWS\SYSTEM32\CRYPTBASE.dll
0x74080000 - 0x740d8000 	C:\WINDOWS\SYSTEM32\bcryptPrimitives.dll
0x74670000 - 0x747b7000 	C:\WINDOWS\SYSTEM32\USER32.dll
0x74870000 - 0x749bf000 	C:\WINDOWS\SYSTEM32\GDI32.dll
0x72d00000 - 0x72f0f000 	C:\WINDOWS\WinSxS\x86_microsoft.windows.common-controls_6595b64144ccf1df_6.0.10586.0_none_d3c2e4e965da4528\COMCTL32.dll
0x73e60000 - 0x7401d000 	C:\WINDOWS\SYSTEM32\combase.dll
0x73ca0000 - 0x73ccb000 	C:\WINDOWS\SYSTEM32\IMM32.DLL
0x65c00000 - 0x65cbf000 	C:\Program Files (x86)\Java\jre7\bin\msvcr100.dll
0x5e570000 - 0x5e8f9000 	C:\Program Files (x86)\Java\jre7\bin\client\jvm.dll
0x742d0000 - 0x742d6000 	C:\WINDOWS\SYSTEM32\PSAPI.DLL
0x710e0000 - 0x710e8000 	C:\WINDOWS\SYSTEM32\WSOCK32.dll
0x72cc0000 - 0x72ce4000 	C:\WINDOWS\SYSTEM32\WINMM.dll
0x74190000 - 0x741ef000 	C:\WINDOWS\SYSTEM32\WS2_32.dll
0x00c40000 - 0x00c63000 	C:\WINDOWS\SYSTEM32\WINMMBASE.dll
0x73cd0000 - 0x73d07000 	C:\WINDOWS\SYSTEM32\cfgmgr32.dll
0x690e0000 - 0x690ec000 	C:\Program Files (x86)\Java\jre7\bin\verify.dll
0x65d70000 - 0x65d90000 	C:\Program Files (x86)\Java\jre7\bin\java.dll
0x65be0000 - 0x65bf3000 	C:\Program Files (x86)\Java\jre7\bin\zip.dll
0x67ed0000 - 0x68139000 	C:\Users\ShottyMonsta\Desktop\CraftPlannerFinal\LGOAPCraft\bwapi_bridge2_4.dll
0x68c90000 - 0x68d7e000 	C:\WINDOWS\SYSTEM32\MSVCR120.dll
0x69160000 - 0x691d1000 	C:\WINDOWS\SYSTEM32\MSVCP120.dll
0x6acc0000 - 0x6ad27000 	C:\Users\ShottyMonsta\Desktop\CraftPlannerFinal\LGOAPCraft\libgmp-10.dll
0x6f540000 - 0x6f59e000 	C:\Users\ShottyMonsta\Desktop\CraftPlannerFinal\LGOAPCraft\libmpfr-4.dll
0x5e100000 - 0x5e23f000 	C:\WINDOWS\SYSTEM32\dbghelp.dll

VM Arguments:
jvm_args: -Dfile.encoding=Cp1252 
java_command: Managers.GameManager
Launcher Type: SUN_STANDARD

Environment Variables:
PATH=C:/Program Files (x86)/Java/jre7/bin/client;C:/Program Files (x86)/Java/jre7/bin;C:/Program Files (x86)/Java/jre7/lib/i386;C:\WINDOWS\system32;C:\WINDOWS;C:\WINDOWS\system32\wbem;C:\Program Files\Common Files\Microsoft Shared\Windows Live;C:\Program Files (x86)\Common Files\Microsoft Shared\Windows Live;C:\Program Files (x86)\Intel\iCLS Client;C:\Program Files\Intel\iCLS Client;C:\Windows\System32\WindowsPowerShell\v1.0;C:\Program Files\Intel\Intel(R) Management Engine Components\DAL;C:\Program Files\Intel\Intel(R) Management Engine Components\IPT;C:\Program Files (x86)\Intel\Intel(R) Management Engine Components\DAL;C:\Program Files (x86)\Intel\Intel(R) Management Engine Components\IPT;C:\Program Files\Common Files\Autodesk Shared;C:\Program Files\Microsoft SQL Server\110\Tools\Binn;C:\Program Files (x86)\Java\jdk1.7.0_40\bin;C:\Program Files (x86)\nodejs\\bin;C:\Users\ShottyMonsta\AppData\Local\Smartbar\Application;C:\Program Files (x86)\Windows Live\Shared;C:\Program Files (x86)\Autodesk\Backburner;C:\Program Files (x86)\Skype\Phone;C:\Program Files (x86)\Windows Kits\8.1\Windows Performance Toolkit;C:\Program Files\doxygen\bin;C:\WINDOWS\System32\Wbem;C:\WINDOWS\System32\WindowsPowerShell\v1.0\;C:\Program Files (x86)\Skype\Phone\;C:\Program Files\Common Files\Autodesk Shared\;C:\Program Files (x86)\NVIDIA Corporation\PhysX\Common;C:\WINDOWS\system32\config\systemprofile\.dnx\bin;C:\Program Files\Microsoft DNX\Dnvm\;C:\Program Files (x86)\Windows Kits\8.1\Windows Performance Toolkit\;C:\Users\ShottyMonsta\eclipse\java-mars\eclipse;
USERNAME=ShottyMonsta
OS=Windows_NT
PROCESSOR_IDENTIFIER=Intel64 Family 6 Model 58 Stepping 9, GenuineIntel



---------------  S Y S T E M  ---------------

OS: Windows 8.1 , 64 bit Build 9600 

CPU:total 8 (4 cores per cpu, 2 threads per core) family 6 model 58 stepping 9, cmov, cx8, fxsr, mmx, sse, sse2, sse3, ssse3, sse4.1, sse4.2, popcnt, avx, aes, erms, ht, tsc, tscinvbit, tscinv

Memory: 4k page, physical 16720292k(11375008k free), swap 33497508k(26976432k free)

vm_info: Java HotSpot(TM) Client VM (24.79-b02) for windows-x86 JRE (1.7.0_79-b15), built on Apr 10 2015 16:49:13 by "java_re" with unknown MS VC++:1600

time: Wed Apr 13 16:33:08 2016
elapsed time: 22 seconds

