#
# A fatal error has been detected by the Java Runtime Environment:
#
#  EXCEPTION_ACCESS_VIOLATION (0xc0000005) at pc=0x62cd538b, pid=2924, tid=1652
#
# JRE version: Java(TM) SE Runtime Environment (8.0_77-b03) (build 1.8.0_77-b03)
# Java VM: Java HotSpot(TM) Client VM (25.77-b03 mixed mode windows-x86 )
# Problematic frame:
# V  [jvm.dll+0xd538b]
#
# Failed to write core dump. Minidumps are not enabled by default on client versions of Windows
#
# If you would like to submit a bug report, please visit:
#   http://bugreport.java.com/bugreport/crash.jsp
#

---------------  T H R E A D  ---------------

Current thread (0x0008d400):  JavaThread "main" [_thread_in_vm, id=1652, stack(0x001b0000,0x00200000)]

siginfo: ExceptionCode=0xc0000005, reading address 0x00000000

Registers:
EAX=0x00000000, EBX=0x0008d400, ECX=0x00000000, EDX=0x00000001
ESP=0x001fdd4c, EBP=0x001fdd68, ESI=0x0008d540, EDI=0x00000000
EIP=0x62cd538b, EFLAGS=0x00010246

Top of Stack: (sp=0x001fdd4c)
0x001fdd4c:   00000000 0008d540 63320278 0008d400
0x001fdd5c:   00000000 0008d400 0008d540 001fddb8
0x001fdd6c:   631ac8d5 0008d540 00000000 00080079
0x001fdd7c:   0008d540 63320278 631ac8a7 00000001
0x001fdd8c:   0000000f ffff0049 001fddb8 631ac883
0x001fdd9c:   0008d540 00000001 0000000f 0008d400
0x001fddac:   14a55d58 14a55d58 0008d540 001fddfc
0x001fddbc:   0275c0c3 0008d540 001fde1c 17d807c8 

Instructions: (pc=0x62cd538b)
0x62cd536b:   f3 ff 83 c4 08 83 7b 04 00 89 5d f0 c7 45 f4 00
0x62cd537b:   00 00 00 74 08 8d 4d f0 e8 c8 09 0d 00 8b 45 0c
0x62cd538b:   8b 08 8b 51 04 8b 42 38 50 56 e8 36 4b 08 00 83
0x62cd539b:   c4 08 83 7d f4 00 89 45 08 74 08 8d 4d f0 e8 e2 


Register to memory mapping:

EAX=0x00000000 is an unknown value
EBX=0x0008d400 is a thread
ECX=0x00000000 is an unknown value
EDX=0x00000001 is an unknown value
ESP=0x001fdd4c is pointing into the stack for thread: 0x0008d400
EBP=0x001fdd68 is pointing into the stack for thread: 0x0008d400
ESI=0x0008d540 is an unknown value
EDI=0x00000000 is an unknown value


Stack: [0x001b0000,0x00200000],  sp=0x001fdd4c,  free space=311k
Native frames: (J=compiled Java code, j=interpreted, Vv=VM code, C=native code)
V  [jvm.dll+0xd538b]
C  [bwapi_bridge2_4.dll+0x7c8d5]
j  bwapi.Unit.build_native(JLbwapi/UnitType;Lbwapi/TilePosition;)Z+0
J 136 C1 Orders.BuildOrder.update()V (283 bytes) @ 0x02829cd0 [0x02829a90+0x240]
J 62 C1 GameModel.Worker.update(LCraftPlanner/CraftPlannerBlackboard;)V (445 bytes) @ 0x02809dd8 [0x02809870+0x568]
J 70 C1 Actuators.WorkerActuator.update()V (54 bytes) @ 0x0280c438 [0x0280c390+0xa8]
J 114 C1 CraftPlanner.CraftPlanner.update()V (77 bytes) @ 0x02816428 [0x028163c0+0x68]
J 105 C1 Managers.GameManager.onFrame()V (56 bytes) @ 0x028154b0 [0x02815290+0x220]
J 104 C1 bwapi.AIModule.onFrame()V (17 bytes) @ 0x02815044 [0x02815010+0x34]
v  ~StubRoutines::call_stub
V  [jvm.dll+0x158f95]
V  [jvm.dll+0x21e54e]
V  [jvm.dll+0x15902e]
V  [jvm.dll+0xdb23b]
V  [jvm.dll+0xde1cc]
C  [bwapi_bridge2_4.dll+0x40e6d]
C  [bwapi_bridge2_4.dll+0x699d0]
j  bwapi.Mirror.startGame()V+0
j  Managers.GameManager.<init>()V+30
j  Managers.GameManager.main([Ljava/lang/String;)V+4
v  ~StubRoutines::call_stub
V  [jvm.dll+0x158f95]
V  [jvm.dll+0x21e54e]
V  [jvm.dll+0x15902e]
V  [jvm.dll+0xdb007]
V  [jvm.dll+0xe359f]
C  [javaw.exe+0x229a]
C  [javaw.exe+0xaebf]
C  [javaw.exe+0xaf49]
C  [kernel32.dll+0x1338a]
C  [ntdll.dll+0x39902]
C  [ntdll.dll+0x398d5]
C  0x00000000

Java frames: (J=compiled Java code, j=interpreted, Vv=VM code)
j  bwapi.Unit.build_native(JLbwapi/UnitType;Lbwapi/TilePosition;)Z+0
J 136 C1 Orders.BuildOrder.update()V (283 bytes) @ 0x02829cd0 [0x02829a90+0x240]
J 62 C1 GameModel.Worker.update(LCraftPlanner/CraftPlannerBlackboard;)V (445 bytes) @ 0x02809dd8 [0x02809870+0x568]
J 70 C1 Actuators.WorkerActuator.update()V (54 bytes) @ 0x0280c438 [0x0280c390+0xa8]
J 114 C1 CraftPlanner.CraftPlanner.update()V (77 bytes) @ 0x02816428 [0x028163c0+0x68]
J 105 C1 Managers.GameManager.onFrame()V (56 bytes) @ 0x028154b0 [0x02815290+0x220]
J 104 C1 bwapi.AIModule.onFrame()V (17 bytes) @ 0x02815044 [0x02815010+0x34]
v  ~StubRoutines::call_stub
j  bwapi.Mirror.startGame()V+0
j  Managers.GameManager.<init>()V+30
j  Managers.GameManager.main([Ljava/lang/String;)V+4
v  ~StubRoutines::call_stub

---------------  P R O C E S S  ---------------

Java Threads: ( => current thread )
  0x14eb6000 JavaThread "Service Thread" daemon [_thread_blocked, id=6576, stack(0x15440000,0x15490000)]
  0x14ead400 JavaThread "C1 CompilerThread0" daemon [_thread_blocked, id=3300, stack(0x150b0000,0x15100000)]
  0x14eba400 JavaThread "Attach Listener" daemon [_thread_blocked, id=5888, stack(0x152d0000,0x15320000)]
  0x14eb9400 JavaThread "Signal Dispatcher" daemon [_thread_blocked, id=6460, stack(0x15180000,0x151d0000)]
  0x00f13c00 JavaThread "Finalizer" daemon [_thread_blocked, id=6396, stack(0x14dc0000,0x14e10000)]
  0x00f0dc00 JavaThread "Reference Handler" daemon [_thread_blocked, id=3932, stack(0x14d50000,0x14da0000)]
=>0x0008d400 JavaThread "main" [_thread_in_vm, id=1652, stack(0x001b0000,0x00200000)]

Other Threads:
  0x00f07000 VMThread [stack: 0x01230000,0x01280000] [id=5004]
  0x00f19000 WatcherThread [stack: 0x155d0000,0x15620000] [id=2376]

VM state:not at safepoint (normal execution)

VM Mutex/Monitor currently owned by a thread: None

Heap:
 def new generation   total 4928K, used 4226K [0x04800000, 0x04d50000, 0x09d50000)
  eden space 4416K,  95% used [0x04800000, 0x04c209a0, 0x04c50000)
  from space 512K,   0% used [0x04c50000, 0x04c50000, 0x04cd0000)
  to   space 512K,   0% used [0x04cd0000, 0x04cd0000, 0x04d50000)
 tenured generation   total 10944K, used 0K [0x09d50000, 0x0a800000, 0x14800000)
   the space 10944K,   0% used [0x09d50000, 0x09d50000, 0x09d50200, 0x0a800000)
 Metaspace       used 2244K, capacity 2728K, committed 2752K, reserved 4480K

Card table byte_map: [0x00380000,0x00410000] byte_map_base: 0x0035c000

Polling page: 0x00190000

CodeCache: size=32768Kb used=881Kb max_used=881Kb free=31886Kb
 bounds [0x02750000, 0x02830000, 0x04750000]
 total_blobs=291 nmethods=146 adapters=76
 compilation: enabled

Compilation events (10 events):
Event: 9.241 Thread 0x14ead400  140             bwapi.AbstractPoint::<init> (5 bytes)
Event: 9.241 Thread 0x14ead400 nmethod 140 0x0282b588 code [0x0282b680, 0x0282b700]
Event: 9.241 Thread 0x14ead400  141             bwapi.TilePosition::<init> (15 bytes)
Event: 9.241 Thread 0x14ead400 nmethod 141 0x0282b748 code [0x0282b840, 0x0282b8c0]
Event: 9.241 Thread 0x14ead400  142             bwapi.Game::mapHeight (9 bytes)
Event: 9.241 Thread 0x14ead400 nmethod 142 0x0282be88 code [0x0282bf80, 0x0282c01c]
Event: 9.241 Thread 0x14ead400  144             GameModel.Base::canBuildHere (27 bytes)
Event: 9.242 Thread 0x14ead400 nmethod 144 0x0282c088 code [0x0282c1a0, 0x0282c2b8]
Event: 9.242 Thread 0x14ead400  145             bwapi.Game::canBuildHere (12 bytes)
Event: 9.242 Thread 0x14ead400 nmethod 145 0x0282c388 code [0x0282c480, 0x0282c52c]

GC Heap History (0 events):
No events

Deoptimization events (0 events):
No events

Internal exceptions (10 events):
Event: 8.906 Thread 0x0008d400 Exception <a 'java/lang/NullPointerException'> (0x04b5ba00) thrown at [C:\workspace\8-2-build-windows-i586-cygwin\jdk8u77\6540\hotspot\src\share\vm\interpreter\linkResolver.cpp, line 1178]
Event: 8.907 Thread 0x0008d400 Exception <a 'java/lang/NullPointerException'> (0x04b5bf20) thrown at [C:\workspace\8-2-build-windows-i586-cygwin\jdk8u77\6540\hotspot\src\share\vm\interpreter\linkResolver.cpp, line 1178]
Event: 8.907 Thread 0x0008d400 Exception <a 'java/lang/NullPointerException'> (0x04b5c440) thrown at [C:\workspace\8-2-build-windows-i586-cygwin\jdk8u77\6540\hotspot\src\share\vm\interpreter\linkResolver.cpp, line 1178]
Event: 8.908 Thread 0x0008d400 Exception <a 'java/lang/NullPointerException'> (0x04b5c960) thrown at [C:\workspace\8-2-build-windows-i586-cygwin\jdk8u77\6540\hotspot\src\share\vm\interpreter\linkResolver.cpp, line 1178]
Event: 8.908 Thread 0x0008d400 Exception <a 'java/lang/NullPointerException'> (0x04b5ce80) thrown at [C:\workspace\8-2-build-windows-i586-cygwin\jdk8u77\6540\hotspot\src\share\vm\interpreter\linkResolver.cpp, line 1178]
Event: 8.909 Thread 0x0008d400 Exception <a 'java/lang/NullPointerException'> (0x04b5d3a0) thrown at [C:\workspace\8-2-build-windows-i586-cygwin\jdk8u77\6540\hotspot\src\share\vm\interpreter\linkResolver.cpp, line 1178]
Event: 8.909 Thread 0x0008d400 Exception <a 'java/lang/NullPointerException'> (0x04b5d8c0) thrown at [C:\workspace\8-2-build-windows-i586-cygwin\jdk8u77\6540\hotspot\src\share\vm\interpreter\linkResolver.cpp, line 1178]
Event: 8.910 Thread 0x0008d400 Exception <a 'java/lang/NullPointerException'> (0x04b5dde0) thrown at [C:\workspace\8-2-build-windows-i586-cygwin\jdk8u77\6540\hotspot\src\share\vm\interpreter\linkResolver.cpp, line 1178]
Event: 8.910 Thread 0x0008d400 Exception <a 'java/lang/NullPointerException'> (0x04b5e300) thrown at [C:\workspace\8-2-build-windows-i586-cygwin\jdk8u77\6540\hotspot\src\share\vm\interpreter\linkResolver.cpp, line 1178]
Event: 8.911 Thread 0x0008d400 Exception <a 'java/lang/NullPointerException'> (0x04b5e820) thrown at [C:\workspace\8-2-build-windows-i586-cygwin\jdk8u77\6540\hotspot\src\share\vm\interpreter\linkResolver.cpp, line 1178]

Events (10 events):
Event: 5.940 loading class Orders/BuildOrderStatus
Event: 5.940 loading class Orders/BuildOrderStatus done
Event: 5.941 loading class GameModel/Worker
Event: 5.941 loading class GameModel/Worker done
Event: 5.941 loading class GameModel/WorkerStatus
Event: 5.941 loading class GameModel/WorkerStatus done
Event: 5.942 loading class GameModel/Building
Event: 5.942 loading class GameModel/Building done
Event: 5.942 loading class GameModel/BuildingStatus
Event: 5.942 loading class GameModel/BuildingStatus done


Dynamic libraries:
0x01310000 - 0x01343000 	C:\Program Files (x86)\Java\jdk1.8.0_77\bin\javaw.exe
0x77a80000 - 0x77c00000 	C:\Windows\SysWOW64\ntdll.dll
0x76630000 - 0x76740000 	C:\Windows\syswow64\kernel32.dll
0x76770000 - 0x767b7000 	C:\Windows\syswow64\KERNELBASE.dll
0x76010000 - 0x760b1000 	C:\Windows\syswow64\ADVAPI32.dll
0x756a0000 - 0x7574c000 	C:\Windows\syswow64\msvcrt.dll
0x75670000 - 0x75689000 	C:\Windows\SysWOW64\sechost.dll
0x76540000 - 0x76630000 	C:\Windows\syswow64\RPCRT4.dll
0x753d0000 - 0x75430000 	C:\Windows\syswow64\SspiCli.dll
0x753c0000 - 0x753cc000 	C:\Windows\syswow64\CRYPTBASE.dll
0x76440000 - 0x76540000 	C:\Windows\syswow64\USER32.dll
0x767e0000 - 0x76870000 	C:\Windows\syswow64\GDI32.dll
0x760c0000 - 0x760ca000 	C:\Windows\syswow64\LPK.dll
0x76180000 - 0x7621d000 	C:\Windows\syswow64\USP10.dll
0x6f5d0000 - 0x6f76e000 	C:\Windows\WinSxS\x86_microsoft.windows.common-controls_6595b64144ccf1df_6.0.7601.18837_none_41e855142bd5705d\COMCTL32.dll
0x76220000 - 0x76277000 	C:\Windows\syswow64\SHLWAPI.dll
0x760e0000 - 0x76140000 	C:\Windows\system32\IMM32.DLL
0x75750000 - 0x7581c000 	C:\Windows\syswow64\MSCTF.dll
0x70090000 - 0x7014f000 	C:\Program Files (x86)\Java\jdk1.8.0_77\jre\bin\msvcr100.dll
0x62c00000 - 0x62fc8000 	C:\Program Files (x86)\Java\jdk1.8.0_77\jre\bin\client\jvm.dll
0x743b0000 - 0x743b7000 	C:\Windows\system32\WSOCK32.dll
0x76880000 - 0x768b5000 	C:\Windows\syswow64\WS2_32.dll
0x767d0000 - 0x767d6000 	C:\Windows\syswow64\NSI.dll
0x744c0000 - 0x744f2000 	C:\Windows\system32\WINMM.dll
0x752f0000 - 0x752f9000 	C:\Windows\system32\VERSION.dll
0x769a0000 - 0x769a5000 	C:\Windows\syswow64\PSAPI.DLL
0x70d30000 - 0x70d3c000 	C:\Program Files (x86)\Java\jdk1.8.0_77\jre\bin\verify.dll
0x70950000 - 0x70971000 	C:\Program Files (x86)\Java\jdk1.8.0_77\jre\bin\java.dll
0x70d10000 - 0x70d23000 	C:\Program Files (x86)\Java\jdk1.8.0_77\jre\bin\zip.dll
0x769b0000 - 0x775fb000 	C:\Windows\syswow64\SHELL32.dll
0x75ea0000 - 0x75ffd000 	C:\Windows\syswow64\ole32.dll
0x76170000 - 0x7617b000 	C:\Windows\syswow64\profapi.dll
0x63130000 - 0x63399000 	G:\Thomas Cook Thesis\CraftPlannerFinal\LGOAPCraft\bwapi_bridge2_4.dll
0x70190000 - 0x70201000 	C:\Windows\system32\MSVCP120.dll
0x64f90000 - 0x6507e000 	C:\Windows\system32\MSVCR120.dll
0x6acc0000 - 0x6ad27000 	G:\Thomas Cook Thesis\CraftPlannerFinal\LGOAPCraft\libgmp-10.dll
0x6f540000 - 0x6f59e000 	G:\Thomas Cook Thesis\CraftPlannerFinal\LGOAPCraft\libmpfr-4.dll
0x64b60000 - 0x64c4b000 	C:\Windows\system32\dbghelp.dll

VM Arguments:
jvm_args: -Dfile.encoding=Cp1252 
java_command: Managers.GameManager
java_class_path (initial): G:\Thomas Cook Thesis\CraftPlannerFinal\LGOAPCraft\bin;G:\Thomas Cook Thesis\CraftPlannerFinal\LGOAP\bin;G:\Thomas Cook Thesis\CraftPlannerFinal\LGOAPCraft\lib\bwmirror_v2_4.jar
Launcher Type: SUN_STANDARD

Environment Variables:
PATH=C:/Program Files/Java/jre1.8.0_77/bin/server;C:/Program Files/Java/jre1.8.0_77/bin;C:/Program Files/Java/jre1.8.0_77/lib/amd64;C:\ProgramData\Oracle\Java\javapath;G:\Sony\usr\local\cell\host-win32\spu\bin;G:\Sony\usr\local\cell\host-win32\ppu\bin;G:\Sony\usr\local\cell\host-win32\bin;G:\Sony\usr\local\cell\host-win32\Cg\bin;C:\Program Files (x86)\SN Systems\Common\VSI\bin;C:\Program Files (x86)\SN Systems\PS3\bin;G:\Sony\usr\local\cell\host-win32\sn\bin;C:\Windows\system32;C:\Windows;C:\Windows\System32\Wbem;C:\Program Files (x86)\Microsoft Application Virtualization Client;C:\Windows\System32\WindowsPowerShell\v1.0\;C:\Windows\System32\WindowsPowerShell\v1.0\;c:\Program Files (x86)\Microsoft SQL Server\100\Tools\Binn\;c:\Program Files\Microsoft SQL Server\100\Tools\Binn\;c:\Program Files\Microsoft SQL Server\100\DTS\Binn\;C:\Program Files (x86)\QuickTime\QTSystem\;C:\Program Files (x86)\Windows Kits\8.1\Windows Performance Toolkit\;C:\Program Files\Microsoft SQL Server\110\Tools\Binn\;C:\Program Files (x86)\Microsoft SDKs\TypeScript\1.0\;c:\Program Files (x86)\Microsoft SQL Server\90\Tools\binn\;C:\Program Files (x86)\NVIDIA Corporation\PhysX\Common;G:\Thomas Cook Thesis\eclipse;
USERNAME=cmzero1
OS=Windows_NT
PROCESSOR_IDENTIFIER=Intel64 Family 6 Model 60 Stepping 3, GenuineIntel



---------------  S Y S T E M  ---------------

OS: Windows 7 , 64 bit Build 7601 (6.1.7601.23392)

CPU:total 8 (4 cores per cpu, 2 threads per core) family 6 model 60 stepping 3, cmov, cx8, fxsr, mmx, sse, sse2, sse3, ssse3, sse4.1, sse4.2, popcnt, avx, avx2, aes, clmul, erms, rtm, lzcnt, ht, tsc, tscinvbit, bmi1, bmi2

Memory: 4k page, physical 16686628k(12300924k free), swap 33371400k(27414300k free)

vm_info: Java HotSpot(TM) Client VM (25.77-b03) for windows-x86 JRE (1.8.0_77-b03), built on Mar 20 2016 22:00:03 by "java_re" with MS VC++ 10.0 (VS2010)

time: Thu Apr 21 13:58:36 2016
elapsed time: 9 seconds (0d 0h 0m 9s)

