#
# A fatal error has been detected by the Java Runtime Environment:
#
#  EXCEPTION_ACCESS_VIOLATION (0xc0000005) at pc=0x6514538b, pid=1028, tid=6264
#
# JRE version: Java(TM) SE Runtime Environment (8.0_77-b03) (build 1.8.0_77-b03)
# Java VM: Java HotSpot(TM) Client VM (25.77-b03 mixed mode windows-x86 )
# Problematic frame:
# V  [jvm.dll+0xd538b]
#
# Failed to write core dump. Minidumps are not enabled by default on client versions of Windows
#
# If you would like to submit a bug report, please visit:
#   http://bugreport.java.com/bugreport/crash.jsp
#

---------------  T H R E A D  ---------------

Current thread (0x023dd400):  JavaThread "main" [_thread_in_vm, id=6264, stack(0x02210000,0x02260000)]

siginfo: ExceptionCode=0xc0000005, reading address 0x00000000

Registers:
EAX=0x00000000, EBX=0x023dd400, ECX=0x00000000, EDX=0x00000001
ESP=0x0225df2c, EBP=0x0225df48, ESI=0x023dd540, EDI=0x00000000
EIP=0x6514538b, EFLAGS=0x00010246

Top of Stack: (sp=0x0225df2c)
0x0225df2c:   00000000 023dd540 65790278 023dd400
0x0225df3c:   00000000 023dd400 023dd540 0225df98
0x0225df4c:   6561c8d5 023dd540 00000000 023d0079
0x0225df5c:   023dd540 65790278 6561c8a7 00000001
0x0225df6c:   0000000f ffff0049 0225df98 6561c883
0x0225df7c:   023dd540 00000001 0000000f 023dd400
0x0225df8c:   14a46b50 14a46b50 023dd540 0225dfdc
0x0225df9c:   026bc0c3 023dd540 0225dffc 17d909f8 

Instructions: (pc=0x6514538b)
0x6514536b:   f3 ff 83 c4 08 83 7b 04 00 89 5d f0 c7 45 f4 00
0x6514537b:   00 00 00 74 08 8d 4d f0 e8 c8 09 0d 00 8b 45 0c
0x6514538b:   8b 08 8b 51 04 8b 42 38 50 56 e8 36 4b 08 00 83
0x6514539b:   c4 08 83 7d f4 00 89 45 08 74 08 8d 4d f0 e8 e2 


Register to memory mapping:

EAX=0x00000000 is an unknown value
EBX=0x023dd400 is a thread
ECX=0x00000000 is an unknown value
EDX=0x00000001 is an unknown value
ESP=0x0225df2c is pointing into the stack for thread: 0x023dd400
EBP=0x0225df48 is pointing into the stack for thread: 0x023dd400
ESI=0x023dd540 is an unknown value
EDI=0x00000000 is an unknown value


Stack: [0x02210000,0x02260000],  sp=0x0225df2c,  free space=311k
Native frames: (J=compiled Java code, j=interpreted, Vv=VM code, C=native code)
V  [jvm.dll+0xd538b]
C  [bwapi_bridge2_4.dll+0x7c8d5]
j  bwapi.Unit.build_native(JLbwapi/UnitType;Lbwapi/TilePosition;)Z+0
J 169 C1 Orders.BuildOrder.update()V (283 bytes) @ 0x0278e1d0 [0x0278df90+0x240]
J 68 C1 GameModel.Worker.update(LCraftPlanner/CraftPlannerBlackboard;)V (445 bytes) @ 0x0276ad18 [0x0276a7b0+0x568]
J 79 C1 Actuators.WorkerActuator.update()V (54 bytes) @ 0x0276d8f8 [0x0276d850+0xa8]
J 143 C1 CraftPlanner.CraftPlanner.update()V (88 bytes) @ 0x0277a9c8 [0x0277a960+0x68]
J 134 C1 Managers.GameManager.onFrame()V (56 bytes) @ 0x02779a30 [0x02779810+0x220]
J 133 C1 bwapi.AIModule.onFrame()V (17 bytes) @ 0x027795c4 [0x02779590+0x34]
v  ~StubRoutines::call_stub
V  [jvm.dll+0x158f95]
V  [jvm.dll+0x21e54e]
V  [jvm.dll+0x15902e]
V  [jvm.dll+0xdb23b]
V  [jvm.dll+0xde1cc]
C  [bwapi_bridge2_4.dll+0x40e6d]
C  [bwapi_bridge2_4.dll+0x699d0]
j  bwapi.Mirror.startGame()V+0
j  Managers.GameManager.<init>()V+30
j  Managers.GameManager.main([Ljava/lang/String;)V+4
v  ~StubRoutines::call_stub
V  [jvm.dll+0x158f95]
V  [jvm.dll+0x21e54e]
V  [jvm.dll+0x15902e]
V  [jvm.dll+0xdb007]
V  [jvm.dll+0xe359f]
C  [javaw.exe+0x229a]
C  [javaw.exe+0xaebf]
C  [javaw.exe+0xaf49]
C  [kernel32.dll+0x1338a]
C  [ntdll.dll+0x39902]
C  [ntdll.dll+0x398d5]
C  0x00000000

Java frames: (J=compiled Java code, j=interpreted, Vv=VM code)
j  bwapi.Unit.build_native(JLbwapi/UnitType;Lbwapi/TilePosition;)Z+0
J 169 C1 Orders.BuildOrder.update()V (283 bytes) @ 0x0278e1d0 [0x0278df90+0x240]
J 68 C1 GameModel.Worker.update(LCraftPlanner/CraftPlannerBlackboard;)V (445 bytes) @ 0x0276ad18 [0x0276a7b0+0x568]
J 79 C1 Actuators.WorkerActuator.update()V (54 bytes) @ 0x0276d8f8 [0x0276d850+0xa8]
J 143 C1 CraftPlanner.CraftPlanner.update()V (88 bytes) @ 0x0277a9c8 [0x0277a960+0x68]
J 134 C1 Managers.GameManager.onFrame()V (56 bytes) @ 0x02779a30 [0x02779810+0x220]
J 133 C1 bwapi.AIModule.onFrame()V (17 bytes) @ 0x027795c4 [0x02779590+0x34]
v  ~StubRoutines::call_stub
j  bwapi.Mirror.startGame()V+0
j  Managers.GameManager.<init>()V+30
j  Managers.GameManager.main([Ljava/lang/String;)V+4
v  ~StubRoutines::call_stub

---------------  P R O C E S S  ---------------

Java Threads: ( => current thread )
  0x14ed4800 JavaThread "Service Thread" daemon [_thread_blocked, id=5632, stack(0x15410000,0x15460000)]
  0x14ead400 JavaThread "C1 CompilerThread0" daemon [_thread_blocked, id=4428, stack(0x15340000,0x15390000)]
  0x14eba800 JavaThread "Attach Listener" daemon [_thread_blocked, id=4480, stack(0x15180000,0x151d0000)]
  0x14eb9400 JavaThread "Signal Dispatcher" daemon [_thread_blocked, id=4264, stack(0x150e0000,0x15130000)]
  0x00993c00 JavaThread "Finalizer" daemon [_thread_blocked, id=5828, stack(0x14d60000,0x14db0000)]
  0x0098dc00 JavaThread "Reference Handler" daemon [_thread_blocked, id=6152, stack(0x14cf0000,0x14d40000)]
=>0x023dd400 JavaThread "main" [_thread_in_vm, id=6264, stack(0x02210000,0x02260000)]

Other Threads:
  0x00987000 VMThread [stack: 0x047a0000,0x047f0000] [id=5584]
  0x14eb4000 WatcherThread [stack: 0x154e0000,0x15530000] [id=6292]

VM state:not at safepoint (normal execution)

VM Mutex/Monitor currently owned by a thread: None

Heap:
 def new generation   total 4928K, used 594K [0x04800000, 0x04d50000, 0x09d50000)
  eden space 4416K,  12% used [0x04800000, 0x048847c8, 0x04c50000)
  from space 512K,  12% used [0x04c50000, 0x04c60068, 0x04cd0000)
  to   space 512K,   0% used [0x04cd0000, 0x04cd0000, 0x04d50000)
 tenured generation   total 10944K, used 506K [0x09d50000, 0x0a800000, 0x14800000)
   the space 10944K,   4% used [0x09d50000, 0x09dcea58, 0x09dcec00, 0x0a800000)
 Metaspace       used 2260K, capacity 2728K, committed 2752K, reserved 4480K

Card table byte_map: [0x02260000,0x022f0000] byte_map_base: 0x0223c000

Polling page: 0x00350000

CodeCache: size=32768Kb used=968Kb max_used=968Kb free=31799Kb
 bounds [0x026b0000, 0x027a8000, 0x046b0000]
 total_blobs=366 nmethods=221 adapters=76
 compilation: enabled

Compilation events (10 events):
Event: 15.553 Thread 0x14ead400  216             java.lang.Exception::<init> (5 bytes)
Event: 15.554 Thread 0x14ead400 nmethod 216 0x027a0ec8 code [0x027a0fd0, 0x027a124c]
Event: 15.563 Thread 0x14ead400  217             java.lang.NullPointerException::<init> (5 bytes)
Event: 15.563 Thread 0x14ead400 nmethod 217 0x027a1348 code [0x027a1440, 0x027a14cc]
Event: 15.843 Thread 0x14ead400  218  s          java.lang.Throwable::fillInStackTrace (29 bytes)
Event: 15.844 Thread 0x14ead400 nmethod 218 0x027a17c8 code [0x027a18d0, 0x027a1adc]
Event: 15.889 Thread 0x14ead400  220             java.lang.Throwable::<init> (29 bytes)
Event: 15.890 Thread 0x14ead400 nmethod 220 0x027a1b88 code [0x027a1c90, 0x027a1f0c]
Event: 23.604 Thread 0x14ead400  221             java.util.HashMap$HashIterator::hasNext (13 bytes)
Event: 23.604 Thread 0x14ead400 nmethod 221 0x027a1fc8 code [0x027a20c0, 0x027a2150]

GC Heap History (10 events):
Event: 12.181 GC heap before
{Heap before GC invocations=3 (full 0):
 def new generation   total 4928K, used 4421K [0x04800000, 0x04d50000, 0x09d50000)
  eden space 4416K, 100% used [0x04800000, 0x04c50000, 0x04c50000)
  from space 512K,   1% used [0x04cd0000, 0x04cd1620, 0x04d50000)
  to   space 512K,   0% used [0x04c50000, 0x04c50000, 0x04cd0000)
 tenured generation   total 10944K, used 506K [0x09d50000, 0x0a800000, 0x14800000)
   the space 10944K,   4% used [0x09d50000, 0x09dcea58, 0x09dcec00, 0x0a800000)
 Metaspace       used 2259K, capacity 2728K, committed 2752K, reserved 4480K
Event: 12.181 GC heap after
Heap after GC invocations=4 (full 0):
 def new generation   total 4928K, used 11K [0x04800000, 0x04d50000, 0x09d50000)
  eden space 4416K,   0% used [0x04800000, 0x04800000, 0x04c50000)
  from space 512K,   2% used [0x04c50000, 0x04c52ef8, 0x04cd0000)
  to   space 512K,   0% used [0x04cd0000, 0x04cd0000, 0x04d50000)
 tenured generation   total 10944K, used 506K [0x09d50000, 0x0a800000, 0x14800000)
   the space 10944K,   4% used [0x09d50000, 0x09dcea58, 0x09dcec00, 0x0a800000)
 Metaspace       used 2259K, capacity 2728K, committed 2752K, reserved 4480K
}
Event: 13.553 GC heap before
{Heap before GC invocations=4 (full 0):
 def new generation   total 4928K, used 4427K [0x04800000, 0x04d50000, 0x09d50000)
  eden space 4416K, 100% used [0x04800000, 0x04c50000, 0x04c50000)
  from space 512K,   2% used [0x04c50000, 0x04c52ef8, 0x04cd0000)
  to   space 512K,   0% used [0x04cd0000, 0x04cd0000, 0x04d50000)
 tenured generation   total 10944K, used 506K [0x09d50000, 0x0a800000, 0x14800000)
   the space 10944K,   4% used [0x09d50000, 0x09dcea58, 0x09dcec00, 0x0a800000)
 Metaspace       used 2260K, capacity 2728K, committed 2752K, reserved 4480K
Event: 13.553 GC heap after
Heap after GC invocations=5 (full 0):
 def new generation   total 4928K, used 13K [0x04800000, 0x04d50000, 0x09d50000)
  eden space 4416K,   0% used [0x04800000, 0x04800000, 0x04c50000)
  from space 512K,   2% used [0x04cd0000, 0x04cd3668, 0x04d50000)
  to   space 512K,   0% used [0x04c50000, 0x04c50000, 0x04cd0000)
 tenured generation   total 10944K, used 506K [0x09d50000, 0x0a800000, 0x14800000)
   the space 10944K,   4% used [0x09d50000, 0x09dcea58, 0x09dcec00, 0x0a800000)
 Metaspace       used 2260K, capacity 2728K, committed 2752K, reserved 4480K
}
Event: 14.901 GC heap before
{Heap before GC invocations=5 (full 0):
 def new generation   total 4928K, used 4429K [0x04800000, 0x04d50000, 0x09d50000)
  eden space 4416K, 100% used [0x04800000, 0x04c50000, 0x04c50000)
  from space 512K,   2% used [0x04cd0000, 0x04cd3668, 0x04d50000)
  to   space 512K,   0% used [0x04c50000, 0x04c50000, 0x04cd0000)
 tenured generation   total 10944K, used 506K [0x09d50000, 0x0a800000, 0x14800000)
   the space 10944K,   4% used [0x09d50000, 0x09dcea58, 0x09dcec00, 0x0a800000)
 Metaspace       used 2260K, capacity 2728K, committed 2752K, reserved 4480K
Event: 14.901 GC heap after
Heap after GC invocations=6 (full 0):
 def new generation   total 4928K, used 15K [0x04800000, 0x04d50000, 0x09d50000)
  eden space 4416K,   0% used [0x04800000, 0x04800000, 0x04c50000)
  from space 512K,   2% used [0x04c50000, 0x04c53c38, 0x04cd0000)
  to   space 512K,   0% used [0x04cd0000, 0x04cd0000, 0x04d50000)
 tenured generation   total 10944K, used 506K [0x09d50000, 0x0a800000, 0x14800000)
   the space 10944K,   4% used [0x09d50000, 0x09dcea58, 0x09dcec00, 0x0a800000)
 Metaspace       used 2260K, capacity 2728K, committed 2752K, reserved 4480K
}
Event: 16.159 GC heap before
{Heap before GC invocations=6 (full 0):
 def new generation   total 4928K, used 4431K [0x04800000, 0x04d50000, 0x09d50000)
  eden space 4416K, 100% used [0x04800000, 0x04c50000, 0x04c50000)
  from space 512K,   2% used [0x04c50000, 0x04c53c38, 0x04cd0000)
  to   space 512K,   0% used [0x04cd0000, 0x04cd0000, 0x04d50000)
 tenured generation   total 10944K, used 506K [0x09d50000, 0x0a800000, 0x14800000)
   the space 10944K,   4% used [0x09d50000, 0x09dcea58, 0x09dcec00, 0x0a800000)
 Metaspace       used 2260K, capacity 2728K, committed 2752K, reserved 4480K
Event: 16.159 GC heap after
Heap after GC invocations=7 (full 0):
 def new generation   total 4928K, used 17K [0x04800000, 0x04d50000, 0x09d50000)
  eden space 4416K,   0% used [0x04800000, 0x04800000, 0x04c50000)
  from space 512K,   3% used [0x04cd0000, 0x04cd4488, 0x04d50000)
  to   space 512K,   0% used [0x04c50000, 0x04c50000, 0x04cd0000)
 tenured generation   total 10944K, used 506K [0x09d50000, 0x0a800000, 0x14800000)
   the space 10944K,   4% used [0x09d50000, 0x09dcea58, 0x09dcec00, 0x0a800000)
 Metaspace       used 2260K, capacity 2728K, committed 2752K, reserved 4480K
}
Event: 26.121 GC heap before
{Heap before GC invocations=7 (full 0):
 def new generation   total 4928K, used 4433K [0x04800000, 0x04d50000, 0x09d50000)
  eden space 4416K, 100% used [0x04800000, 0x04c50000, 0x04c50000)
  from space 512K,   3% used [0x04cd0000, 0x04cd4488, 0x04d50000)
  to   space 512K,   0% used [0x04c50000, 0x04c50000, 0x04cd0000)
 tenured generation   total 10944K, used 506K [0x09d50000, 0x0a800000, 0x14800000)
   the space 10944K,   4% used [0x09d50000, 0x09dcea58, 0x09dcec00, 0x0a800000)
 Metaspace       used 2260K, capacity 2728K, committed 2752K, reserved 4480K
Event: 26.122 GC heap after
Heap after GC invocations=8 (full 0):
 def new generation   total 4928K, used 64K [0x04800000, 0x04d50000, 0x09d50000)
  eden space 4416K,   0% used [0x04800000, 0x04800000, 0x04c50000)
  from space 512K,  12% used [0x04c50000, 0x04c60068, 0x04cd0000)
  to   space 512K,   0% used [0x04cd0000, 0x04cd0000, 0x04d50000)
 tenured generation   total 10944K, used 506K [0x09d50000, 0x0a800000, 0x14800000)
   the space 10944K,   4% used [0x09d50000, 0x09dcea58, 0x09dcec00, 0x0a800000)
 Metaspace       used 2260K, capacity 2728K, committed 2752K, reserved 4480K
}

Deoptimization events (0 events):
No events

Internal exceptions (10 events):
Event: 25.852 Thread 0x023dd400 Implicit null exception at 0x0278e084 to 0x0278e37b
Event: 25.852 Thread 0x023dd400 Exception <a 'java/lang/NullPointerException'> (0x04b60938) thrown at [C:\workspace\8-2-build-windows-i586-cygwin\jdk8u77\6540\hotspot\src\share\vm\runtime\sharedRuntime.cpp, line 605]
Event: 25.853 Thread 0x023dd400 Implicit null exception at 0x0278e084 to 0x0278e37b
Event: 25.853 Thread 0x023dd400 Exception <a 'java/lang/NullPointerException'> (0x04b60e58) thrown at [C:\workspace\8-2-build-windows-i586-cygwin\jdk8u77\6540\hotspot\src\share\vm\runtime\sharedRuntime.cpp, line 605]
Event: 25.853 Thread 0x023dd400 Implicit null exception at 0x0278e084 to 0x0278e37b
Event: 25.853 Thread 0x023dd400 Exception <a 'java/lang/NullPointerException'> (0x04b61378) thrown at [C:\workspace\8-2-build-windows-i586-cygwin\jdk8u77\6540\hotspot\src\share\vm\runtime\sharedRuntime.cpp, line 605]
Event: 25.854 Thread 0x023dd400 Implicit null exception at 0x0278e084 to 0x0278e37b
Event: 25.854 Thread 0x023dd400 Exception <a 'java/lang/NullPointerException'> (0x04b61898) thrown at [C:\workspace\8-2-build-windows-i586-cygwin\jdk8u77\6540\hotspot\src\share\vm\runtime\sharedRuntime.cpp, line 605]
Event: 25.854 Thread 0x023dd400 Implicit null exception at 0x0278e084 to 0x0278e37b
Event: 25.854 Thread 0x023dd400 Exception <a 'java/lang/NullPointerException'> (0x04b61db8) thrown at [C:\workspace\8-2-build-windows-i586-cygwin\jdk8u77\6540\hotspot\src\share\vm\runtime\sharedRuntime.cpp, line 605]

Events (10 events):
Event: 13.473 loading class java/util/ConcurrentModificationException
Event: 13.473 loading class java/util/ConcurrentModificationException done
Event: 13.553 Executing VM operation: GenCollectForAllocation
Event: 13.553 Executing VM operation: GenCollectForAllocation done
Event: 14.901 Executing VM operation: GenCollectForAllocation
Event: 14.901 Executing VM operation: GenCollectForAllocation done
Event: 16.159 Executing VM operation: GenCollectForAllocation
Event: 16.159 Executing VM operation: GenCollectForAllocation done
Event: 26.121 Executing VM operation: GenCollectForAllocation
Event: 26.122 Executing VM operation: GenCollectForAllocation done


Dynamic libraries:
0x00ad0000 - 0x00b03000 	C:\Program Files (x86)\Java\jdk1.8.0_77\bin\javaw.exe
0x77a80000 - 0x77c00000 	C:\Windows\SysWOW64\ntdll.dll
0x76630000 - 0x76740000 	C:\Windows\syswow64\kernel32.dll
0x76770000 - 0x767b7000 	C:\Windows\syswow64\KERNELBASE.dll
0x76010000 - 0x760b1000 	C:\Windows\syswow64\ADVAPI32.dll
0x756a0000 - 0x7574c000 	C:\Windows\syswow64\msvcrt.dll
0x75670000 - 0x75689000 	C:\Windows\SysWOW64\sechost.dll
0x76540000 - 0x76630000 	C:\Windows\syswow64\RPCRT4.dll
0x753d0000 - 0x75430000 	C:\Windows\syswow64\SspiCli.dll
0x753c0000 - 0x753cc000 	C:\Windows\syswow64\CRYPTBASE.dll
0x76440000 - 0x76540000 	C:\Windows\syswow64\USER32.dll
0x767e0000 - 0x76870000 	C:\Windows\syswow64\GDI32.dll
0x760c0000 - 0x760ca000 	C:\Windows\syswow64\LPK.dll
0x76180000 - 0x7621d000 	C:\Windows\syswow64\USP10.dll
0x6f5d0000 - 0x6f76e000 	C:\Windows\WinSxS\x86_microsoft.windows.common-controls_6595b64144ccf1df_6.0.7601.18837_none_41e855142bd5705d\COMCTL32.dll
0x76220000 - 0x76277000 	C:\Windows\syswow64\SHLWAPI.dll
0x760e0000 - 0x76140000 	C:\Windows\system32\IMM32.DLL
0x75750000 - 0x7581c000 	C:\Windows\syswow64\MSCTF.dll
0x65dd0000 - 0x65e8f000 	C:\Program Files (x86)\Java\jdk1.8.0_77\jre\bin\msvcr100.dll
0x65070000 - 0x65438000 	C:\Program Files (x86)\Java\jdk1.8.0_77\jre\bin\client\jvm.dll
0x743b0000 - 0x743b7000 	C:\Windows\system32\WSOCK32.dll
0x76880000 - 0x768b5000 	C:\Windows\syswow64\WS2_32.dll
0x767d0000 - 0x767d6000 	C:\Windows\syswow64\NSI.dll
0x744c0000 - 0x744f2000 	C:\Windows\system32\WINMM.dll
0x752f0000 - 0x752f9000 	C:\Windows\system32\VERSION.dll
0x769a0000 - 0x769a5000 	C:\Windows\syswow64\PSAPI.DLL
0x70920000 - 0x7092c000 	C:\Program Files (x86)\Java\jdk1.8.0_77\jre\bin\verify.dll
0x6fa00000 - 0x6fa21000 	C:\Program Files (x86)\Java\jdk1.8.0_77\jre\bin\java.dll
0x70160000 - 0x70173000 	C:\Program Files (x86)\Java\jdk1.8.0_77\jre\bin\zip.dll
0x769b0000 - 0x775fb000 	C:\Windows\syswow64\SHELL32.dll
0x75ea0000 - 0x75ffd000 	C:\Windows\syswow64\ole32.dll
0x76170000 - 0x7617b000 	C:\Windows\syswow64\profapi.dll
0x655a0000 - 0x65809000 	G:\Thomas Cook Thesis\CraftPlannerFinal\LGOAPCraft\bwapi_bridge2_4.dll
0x70930000 - 0x709a1000 	C:\Windows\system32\MSVCP120.dll
0x6f040000 - 0x6f12e000 	C:\Windows\system32\MSVCR120.dll
0x6acc0000 - 0x6ad27000 	G:\Thomas Cook Thesis\CraftPlannerFinal\LGOAPCraft\libgmp-10.dll
0x6f540000 - 0x6f59e000 	G:\Thomas Cook Thesis\CraftPlannerFinal\LGOAPCraft\libmpfr-4.dll
0x654b0000 - 0x6559b000 	C:\Windows\system32\dbghelp.dll

VM Arguments:
jvm_args: -Dfile.encoding=Cp1252 
java_command: Managers.GameManager
java_class_path (initial): G:\Thomas Cook Thesis\CraftPlannerFinal\LGOAPCraft\bin;G:\Thomas Cook Thesis\CraftPlannerFinal\LGOAP\bin;G:\Thomas Cook Thesis\CraftPlannerFinal\LGOAPCraft\lib\bwmirror_v2_4.jar
Launcher Type: SUN_STANDARD

Environment Variables:
PATH=C:/Program Files/Java/jre1.8.0_77/bin/server;C:/Program Files/Java/jre1.8.0_77/bin;C:/Program Files/Java/jre1.8.0_77/lib/amd64;C:\ProgramData\Oracle\Java\javapath;G:\Sony\usr\local\cell\host-win32\spu\bin;G:\Sony\usr\local\cell\host-win32\ppu\bin;G:\Sony\usr\local\cell\host-win32\bin;G:\Sony\usr\local\cell\host-win32\Cg\bin;C:\Program Files (x86)\SN Systems\Common\VSI\bin;C:\Program Files (x86)\SN Systems\PS3\bin;G:\Sony\usr\local\cell\host-win32\sn\bin;C:\Windows\system32;C:\Windows;C:\Windows\System32\Wbem;C:\Program Files (x86)\Microsoft Application Virtualization Client;C:\Windows\System32\WindowsPowerShell\v1.0\;C:\Windows\System32\WindowsPowerShell\v1.0\;c:\Program Files (x86)\Microsoft SQL Server\100\Tools\Binn\;c:\Program Files\Microsoft SQL Server\100\Tools\Binn\;c:\Program Files\Microsoft SQL Server\100\DTS\Binn\;C:\Program Files (x86)\QuickTime\QTSystem\;C:\Program Files (x86)\Windows Kits\8.1\Windows Performance Toolkit\;C:\Program Files\Microsoft SQL Server\110\Tools\Binn\;C:\Program Files (x86)\Microsoft SDKs\TypeScript\1.0\;c:\Program Files (x86)\Microsoft SQL Server\90\Tools\binn\;C:\Program Files (x86)\NVIDIA Corporation\PhysX\Common;G:\Thomas Cook Thesis\eclipse;
USERNAME=cmzero1
OS=Windows_NT
PROCESSOR_IDENTIFIER=Intel64 Family 6 Model 60 Stepping 3, GenuineIntel



---------------  S Y S T E M  ---------------

OS: Windows 7 , 64 bit Build 7601 (6.1.7601.23392)

CPU:total 8 (4 cores per cpu, 2 threads per core) family 6 model 60 stepping 3, cmov, cx8, fxsr, mmx, sse, sse2, sse3, ssse3, sse4.1, sse4.2, popcnt, avx, avx2, aes, clmul, erms, rtm, lzcnt, ht, tsc, tscinvbit, bmi1, bmi2

Memory: 4k page, physical 16686628k(11916776k free), swap 33371400k(27222248k free)

vm_info: Java HotSpot(TM) Client VM (25.77-b03) for windows-x86 JRE (1.8.0_77-b03), built on Mar 20 2016 22:00:03 by "java_re" with MS VC++ 10.0 (VS2010)

time: Fri Apr 22 14:24:57 2016
elapsed time: 26 seconds (0d 0h 0m 26s)

