#
# A fatal error has been detected by the Java Runtime Environment:
#
#  EXCEPTION_ACCESS_VIOLATION (0xc0000005) at pc=0x648b538b, pid=2400, tid=3888
#
# JRE version: Java(TM) SE Runtime Environment (8.0_77-b03) (build 1.8.0_77-b03)
# Java VM: Java HotSpot(TM) Client VM (25.77-b03 mixed mode windows-x86 )
# Problematic frame:
# V  [jvm.dll+0xd538b]
#
# Failed to write core dump. Minidumps are not enabled by default on client versions of Windows
#
# If you would like to submit a bug report, please visit:
#   http://bugreport.java.com/bugreport/crash.jsp
#

---------------  T H R E A D  ---------------

Current thread (0x0093d400):  JavaThread "main" [_thread_in_vm, id=3888, stack(0x005e0000,0x00630000)]

siginfo: ExceptionCode=0xc0000005, reading address 0x00000000

Registers:
EAX=0x00000000, EBX=0x0093d400, ECX=0x00000000, EDX=0x00000001
ESP=0x0062d96c, EBP=0x0062d988, ESI=0x0093d540, EDI=0x00000000
EIP=0x648b538b, EFLAGS=0x00010246

Top of Stack: (sp=0x0062d96c)
0x0062d96c:   00000000 0093d540 64760278 0093d400
0x0062d97c:   00000000 0093d400 0093d540 0062d9d8
0x0062d98c:   645ec8d5 0093d540 00000000 00930079
0x0062d99c:   0093d540 64760278 645ec8a7 00000001
0x0062d9ac:   0000000f ffff0049 0062d9d8 645ec883
0x0062d9bc:   0093d540 00000001 0000000f 0093d400
0x0062d9cc:   14a46b50 14a46b50 0093d540 0062da1c
0x0062d9dc:   0262c0c3 0093d540 0062da3c 17c907c8 

Instructions: (pc=0x648b538b)
0x648b536b:   f3 ff 83 c4 08 83 7b 04 00 89 5d f0 c7 45 f4 00
0x648b537b:   00 00 00 74 08 8d 4d f0 e8 c8 09 0d 00 8b 45 0c
0x648b538b:   8b 08 8b 51 04 8b 42 38 50 56 e8 36 4b 08 00 83
0x648b539b:   c4 08 83 7d f4 00 89 45 08 74 08 8d 4d f0 e8 e2 


Register to memory mapping:

EAX=0x00000000 is an unknown value
EBX=0x0093d400 is a thread
ECX=0x00000000 is an unknown value
EDX=0x00000001 is an unknown value
ESP=0x0062d96c is pointing into the stack for thread: 0x0093d400
EBP=0x0062d988 is pointing into the stack for thread: 0x0093d400
ESI=0x0093d540 is an unknown value
EDI=0x00000000 is an unknown value


Stack: [0x005e0000,0x00630000],  sp=0x0062d96c,  free space=310k
Native frames: (J=compiled Java code, j=interpreted, Vv=VM code, C=native code)
V  [jvm.dll+0xd538b]
C  [bwapi_bridge2_4.dll+0x7c8d5]
j  bwapi.Unit.build_native(JLbwapi/UnitType;Lbwapi/TilePosition;)Z+0
J 145 C1 Orders.BuildOrder.update()V (283 bytes) @ 0x026f4a90 [0x026f4850+0x240]
J 55 C1 GameModel.Worker.update(LCraftPlanner/CraftPlannerBlackboard;)V (445 bytes) @ 0x026d8518 [0x026d7fb0+0x568]
J 73 C1 Actuators.WorkerActuator.update()V (54 bytes) @ 0x026dc678 [0x026dc5d0+0xa8]
J 126 C1 CraftPlanner.CraftPlanner.update()V (78 bytes) @ 0x026e9bb0 [0x026e9b50+0x60]
J 117 C1 Managers.GameManager.onFrame()V (56 bytes) @ 0x026e8c30 [0x026e8a10+0x220]
J 116 C1 bwapi.AIModule.onFrame()V (17 bytes) @ 0x026e87c4 [0x026e8790+0x34]
v  ~StubRoutines::call_stub
V  [jvm.dll+0x158f95]
V  [jvm.dll+0x21e54e]
V  [jvm.dll+0x15902e]
V  [jvm.dll+0xdb23b]
V  [jvm.dll+0xde1cc]
C  [bwapi_bridge2_4.dll+0x40e6d]
C  [bwapi_bridge2_4.dll+0x699d0]
j  bwapi.Mirror.startGame()V+0
j  Managers.GameManager.<init>()V+30
j  Managers.GameManager.main([Ljava/lang/String;)V+4
v  ~StubRoutines::call_stub
V  [jvm.dll+0x158f95]
V  [jvm.dll+0x21e54e]
V  [jvm.dll+0x15902e]
V  [jvm.dll+0xdb007]
V  [jvm.dll+0xe359f]
C  [javaw.exe+0x229a]
C  [javaw.exe+0xaebf]
C  [javaw.exe+0xaf49]
C  [kernel32.dll+0x1338a]
C  [ntdll.dll+0x39902]
C  [ntdll.dll+0x398d5]
C  0x00000000

Java frames: (J=compiled Java code, j=interpreted, Vv=VM code)
j  bwapi.Unit.build_native(JLbwapi/UnitType;Lbwapi/TilePosition;)Z+0
J 145 C1 Orders.BuildOrder.update()V (283 bytes) @ 0x026f4a90 [0x026f4850+0x240]
J 55 C1 GameModel.Worker.update(LCraftPlanner/CraftPlannerBlackboard;)V (445 bytes) @ 0x026d8518 [0x026d7fb0+0x568]
J 73 C1 Actuators.WorkerActuator.update()V (54 bytes) @ 0x026dc678 [0x026dc5d0+0xa8]
J 126 C1 CraftPlanner.CraftPlanner.update()V (78 bytes) @ 0x026e9bb0 [0x026e9b50+0x60]
J 117 C1 Managers.GameManager.onFrame()V (56 bytes) @ 0x026e8c30 [0x026e8a10+0x220]
J 116 C1 bwapi.AIModule.onFrame()V (17 bytes) @ 0x026e87c4 [0x026e8790+0x34]
v  ~StubRoutines::call_stub
j  bwapi.Mirror.startGame()V+0
j  Managers.GameManager.<init>()V+30
j  Managers.GameManager.main([Ljava/lang/String;)V+4
v  ~StubRoutines::call_stub

---------------  P R O C E S S  ---------------

Java Threads: ( => current thread )
  0x14eb4400 JavaThread "Service Thread" daemon [_thread_blocked, id=6820, stack(0x00950000,0x009a0000)]
  0x14ebbc00 JavaThread "C1 CompilerThread0" daemon [_thread_blocked, id=5804, stack(0x00290000,0x002e0000)]
  0x14eba400 JavaThread "Attach Listener" daemon [_thread_blocked, id=6460, stack(0x152d0000,0x15320000)]
  0x14eb9400 JavaThread "Signal Dispatcher" daemon [_thread_blocked, id=2584, stack(0x15170000,0x151c0000)]
  0x00e83c00 JavaThread "Finalizer" daemon [_thread_blocked, id=2764, stack(0x14d90000,0x14de0000)]
  0x00e7dc00 JavaThread "Reference Handler" daemon [_thread_blocked, id=6980, stack(0x04750000,0x047a0000)]
=>0x0093d400 JavaThread "main" [_thread_in_vm, id=3888, stack(0x005e0000,0x00630000)]

Other Threads:
  0x00e77000 VMThread [stack: 0x14cd0000,0x14d20000] [id=7112]
  0x14eb5000 WatcherThread [stack: 0x154a0000,0x154f0000] [id=2120]

VM state:not at safepoint (normal execution)

VM Mutex/Monitor currently owned by a thread: None

Heap:
 def new generation   total 4928K, used 559K [0x04800000, 0x04d50000, 0x09d50000)
  eden space 4416K,   1% used [0x04800000, 0x0480bd18, 0x04c50000)
  from space 512K, 100% used [0x04cd0000, 0x04d50000, 0x04d50000)
  to   space 512K,   0% used [0x04c50000, 0x04c50000, 0x04cd0000)
 tenured generation   total 10944K, used 61K [0x09d50000, 0x0a800000, 0x14800000)
   the space 10944K,   0% used [0x09d50000, 0x09d5f778, 0x09d5f800, 0x0a800000)
 Metaspace       used 2229K, capacity 2696K, committed 2752K, reserved 4480K

Card table byte_map: [0x04620000,0x046b0000] byte_map_base: 0x045fc000

Polling page: 0x000c0000

CodeCache: size=32768Kb used=860Kb max_used=860Kb free=31907Kb
 bounds [0x02620000, 0x026f8000, 0x04620000]
 total_blobs=300 nmethods=155 adapters=76
 compilation: enabled

Compilation events (10 events):
Event: 10.524 Thread 0x14ebbc00  149             bwapi.AbstractPoint::<init> (5 bytes)
Event: 10.524 Thread 0x14ebbc00 nmethod 149 0x026f6348 code [0x026f6440, 0x026f64c0]
Event: 10.525 Thread 0x14ebbc00  150             bwapi.TilePosition::<init> (15 bytes)
Event: 10.525 Thread 0x14ebbc00 nmethod 150 0x026f6508 code [0x026f6600, 0x026f6680]
Event: 10.525 Thread 0x14ebbc00  151             bwapi.Game::mapHeight (9 bytes)
Event: 10.525 Thread 0x14ebbc00 nmethod 151 0x026f6c48 code [0x026f6d40, 0x026f6ddc]
Event: 10.525 Thread 0x14ebbc00  153             GameModel.Base::canBuildHere (27 bytes)
Event: 10.525 Thread 0x14ebbc00 nmethod 153 0x026f6e48 code [0x026f6f60, 0x026f7078]
Event: 10.525 Thread 0x14ebbc00  154             bwapi.Game::canBuildHere (12 bytes)
Event: 10.525 Thread 0x14ebbc00 nmethod 154 0x026f7148 code [0x026f7240, 0x026f72ec]

GC Heap History (2 events):
Event: 10.522 GC heap before
{Heap before GC invocations=0 (full 0):
 def new generation   total 4928K, used 4416K [0x04800000, 0x04d50000, 0x09d50000)
  eden space 4416K, 100% used [0x04800000, 0x04c50000, 0x04c50000)
  from space 512K,   0% used [0x04c50000, 0x04c50000, 0x04cd0000)
  to   space 512K,   0% used [0x04cd0000, 0x04cd0000, 0x04d50000)
 tenured generation   total 10944K, used 0K [0x09d50000, 0x0a800000, 0x14800000)
   the space 10944K,   0% used [0x09d50000, 0x09d50000, 0x09d50200, 0x0a800000)
 Metaspace       used 2229K, capacity 2696K, committed 2752K, reserved 4480K
Event: 10.523 GC heap after
Heap after GC invocations=1 (full 0):
 def new generation   total 4928K, used 512K [0x04800000, 0x04d50000, 0x09d50000)
  eden space 4416K,   0% used [0x04800000, 0x04800000, 0x04c50000)
  from space 512K, 100% used [0x04cd0000, 0x04d50000, 0x04d50000)
  to   space 512K,   0% used [0x04c50000, 0x04c50000, 0x04cd0000)
 tenured generation   total 10944K, used 61K [0x09d50000, 0x0a800000, 0x14800000)
   the space 10944K,   0% used [0x09d50000, 0x09d5f778, 0x09d5f800, 0x0a800000)
 Metaspace       used 2229K, capacity 2696K, committed 2752K, reserved 4480K
}

Deoptimization events (0 events):
No events

Internal exceptions (10 events):
Event: 10.206 Thread 0x0093d400 Exception <a 'java/lang/NullPointerException'> (0x04b8c740) thrown at [C:\workspace\8-2-build-windows-i586-cygwin\jdk8u77\6540\hotspot\src\share\vm\interpreter\linkResolver.cpp, line 1178]
Event: 10.207 Thread 0x0093d400 Exception <a 'java/lang/NullPointerException'> (0x04b8ccc8) thrown at [C:\workspace\8-2-build-windows-i586-cygwin\jdk8u77\6540\hotspot\src\share\vm\interpreter\linkResolver.cpp, line 1178]
Event: 10.207 Thread 0x0093d400 Exception <a 'java/lang/NullPointerException'> (0x04b8d250) thrown at [C:\workspace\8-2-build-windows-i586-cygwin\jdk8u77\6540\hotspot\src\share\vm\interpreter\linkResolver.cpp, line 1178]
Event: 10.208 Thread 0x0093d400 Exception <a 'java/lang/NullPointerException'> (0x04b8d7d8) thrown at [C:\workspace\8-2-build-windows-i586-cygwin\jdk8u77\6540\hotspot\src\share\vm\interpreter\linkResolver.cpp, line 1178]
Event: 10.208 Thread 0x0093d400 Exception <a 'java/lang/NullPointerException'> (0x04b8dd60) thrown at [C:\workspace\8-2-build-windows-i586-cygwin\jdk8u77\6540\hotspot\src\share\vm\interpreter\linkResolver.cpp, line 1178]
Event: 10.209 Thread 0x0093d400 Exception <a 'java/lang/NullPointerException'> (0x04b8e2e8) thrown at [C:\workspace\8-2-build-windows-i586-cygwin\jdk8u77\6540\hotspot\src\share\vm\interpreter\linkResolver.cpp, line 1178]
Event: 10.209 Thread 0x0093d400 Exception <a 'java/lang/NullPointerException'> (0x04b8e870) thrown at [C:\workspace\8-2-build-windows-i586-cygwin\jdk8u77\6540\hotspot\src\share\vm\interpreter\linkResolver.cpp, line 1178]
Event: 10.210 Thread 0x0093d400 Exception <a 'java/lang/NullPointerException'> (0x04b8edf8) thrown at [C:\workspace\8-2-build-windows-i586-cygwin\jdk8u77\6540\hotspot\src\share\vm\interpreter\linkResolver.cpp, line 1178]
Event: 10.210 Thread 0x0093d400 Exception <a 'java/lang/NullPointerException'> (0x04b8f380) thrown at [C:\workspace\8-2-build-windows-i586-cygwin\jdk8u77\6540\hotspot\src\share\vm\interpreter\linkResolver.cpp, line 1178]
Event: 10.211 Thread 0x0093d400 Exception <a 'java/lang/NullPointerException'> (0x04b8f908) thrown at [C:\workspace\8-2-build-windows-i586-cygwin\jdk8u77\6540\hotspot\src\share\vm\interpreter\linkResolver.cpp, line 1178]

Events (10 events):
Event: 10.524 Executing VM operation: RevokeBias
Event: 10.524 Executing VM operation: RevokeBias done
Event: 10.524 Executing VM operation: RevokeBias
Event: 10.524 Executing VM operation: RevokeBias done
Event: 10.524 Executing VM operation: RevokeBias
Event: 10.524 Executing VM operation: RevokeBias done
Event: 10.524 Executing VM operation: RevokeBias
Event: 10.524 Executing VM operation: RevokeBias done
Event: 10.524 Executing VM operation: BulkRevokeBias
Event: 10.524 Executing VM operation: BulkRevokeBias done


Dynamic libraries:
0x011e0000 - 0x01213000 	C:\Program Files (x86)\Java\jdk1.8.0_77\bin\javaw.exe
0x77a80000 - 0x77c00000 	C:\Windows\SysWOW64\ntdll.dll
0x76630000 - 0x76740000 	C:\Windows\syswow64\kernel32.dll
0x76770000 - 0x767b7000 	C:\Windows\syswow64\KERNELBASE.dll
0x76010000 - 0x760b1000 	C:\Windows\syswow64\ADVAPI32.dll
0x756a0000 - 0x7574c000 	C:\Windows\syswow64\msvcrt.dll
0x75670000 - 0x75689000 	C:\Windows\SysWOW64\sechost.dll
0x76540000 - 0x76630000 	C:\Windows\syswow64\RPCRT4.dll
0x753d0000 - 0x75430000 	C:\Windows\syswow64\SspiCli.dll
0x753c0000 - 0x753cc000 	C:\Windows\syswow64\CRYPTBASE.dll
0x76440000 - 0x76540000 	C:\Windows\syswow64\USER32.dll
0x767e0000 - 0x76870000 	C:\Windows\syswow64\GDI32.dll
0x760c0000 - 0x760ca000 	C:\Windows\syswow64\LPK.dll
0x76180000 - 0x7621d000 	C:\Windows\syswow64\USP10.dll
0x6e240000 - 0x6e3de000 	C:\Windows\WinSxS\x86_microsoft.windows.common-controls_6595b64144ccf1df_6.0.7601.18837_none_41e855142bd5705d\COMCTL32.dll
0x76220000 - 0x76277000 	C:\Windows\syswow64\SHLWAPI.dll
0x760e0000 - 0x76140000 	C:\Windows\system32\IMM32.DLL
0x75750000 - 0x7581c000 	C:\Windows\syswow64\MSCTF.dll
0x6e130000 - 0x6e1ef000 	C:\Program Files (x86)\Java\jdk1.8.0_77\jre\bin\msvcr100.dll
0x647e0000 - 0x64ba8000 	C:\Program Files (x86)\Java\jdk1.8.0_77\jre\bin\client\jvm.dll
0x743b0000 - 0x743b7000 	C:\Windows\system32\WSOCK32.dll
0x76880000 - 0x768b5000 	C:\Windows\syswow64\WS2_32.dll
0x767d0000 - 0x767d6000 	C:\Windows\syswow64\NSI.dll
0x744c0000 - 0x744f2000 	C:\Windows\system32\WINMM.dll
0x752f0000 - 0x752f9000 	C:\Windows\system32\VERSION.dll
0x769a0000 - 0x769a5000 	C:\Windows\syswow64\PSAPI.DLL
0x6e120000 - 0x6e12c000 	C:\Program Files (x86)\Java\jdk1.8.0_77\jre\bin\verify.dll
0x6e0f0000 - 0x6e111000 	C:\Program Files (x86)\Java\jdk1.8.0_77\jre\bin\java.dll
0x6e0d0000 - 0x6e0e3000 	C:\Program Files (x86)\Java\jdk1.8.0_77\jre\bin\zip.dll
0x769b0000 - 0x775fb000 	C:\Windows\syswow64\SHELL32.dll
0x75ea0000 - 0x75ffd000 	C:\Windows\syswow64\ole32.dll
0x76170000 - 0x7617b000 	C:\Windows\syswow64\profapi.dll
0x64570000 - 0x647d9000 	G:\Thomas Cook Thesis\CraftPlannerFinal\LGOAPCraft\bwapi_bridge2_4.dll
0x61470000 - 0x614e1000 	C:\Windows\system32\MSVCP120.dll
0x61380000 - 0x6146e000 	C:\Windows\system32\MSVCR120.dll
0x6acc0000 - 0x6ad27000 	G:\Thomas Cook Thesis\CraftPlannerFinal\LGOAPCraft\libgmp-10.dll
0x6f540000 - 0x6f59e000 	G:\Thomas Cook Thesis\CraftPlannerFinal\LGOAPCraft\libmpfr-4.dll
0x631c0000 - 0x632ab000 	C:\Windows\system32\dbghelp.dll

VM Arguments:
jvm_args: -Dfile.encoding=Cp1252 
java_command: Managers.GameManager
java_class_path (initial): G:\Thomas Cook Thesis\CraftPlannerFinal\LGOAPCraft\bin;G:\Thomas Cook Thesis\CraftPlannerFinal\LGOAP\bin;G:\Thomas Cook Thesis\CraftPlannerFinal\LGOAPCraft\lib\bwmirror_v2_4.jar
Launcher Type: SUN_STANDARD

Environment Variables:
PATH=C:/Program Files/Java/jre1.8.0_77/bin/server;C:/Program Files/Java/jre1.8.0_77/bin;C:/Program Files/Java/jre1.8.0_77/lib/amd64;C:\ProgramData\Oracle\Java\javapath;G:\Sony\usr\local\cell\host-win32\spu\bin;G:\Sony\usr\local\cell\host-win32\ppu\bin;G:\Sony\usr\local\cell\host-win32\bin;G:\Sony\usr\local\cell\host-win32\Cg\bin;C:\Program Files (x86)\SN Systems\Common\VSI\bin;C:\Program Files (x86)\SN Systems\PS3\bin;G:\Sony\usr\local\cell\host-win32\sn\bin;C:\Windows\system32;C:\Windows;C:\Windows\System32\Wbem;C:\Program Files (x86)\Microsoft Application Virtualization Client;C:\Windows\System32\WindowsPowerShell\v1.0\;C:\Windows\System32\WindowsPowerShell\v1.0\;c:\Program Files (x86)\Microsoft SQL Server\100\Tools\Binn\;c:\Program Files\Microsoft SQL Server\100\Tools\Binn\;c:\Program Files\Microsoft SQL Server\100\DTS\Binn\;C:\Program Files (x86)\QuickTime\QTSystem\;C:\Program Files (x86)\Windows Kits\8.1\Windows Performance Toolkit\;C:\Program Files\Microsoft SQL Server\110\Tools\Binn\;C:\Program Files (x86)\Microsoft SDKs\TypeScript\1.0\;c:\Program Files (x86)\Microsoft SQL Server\90\Tools\binn\;C:\Program Files (x86)\NVIDIA Corporation\PhysX\Common;G:\Thomas Cook Thesis\eclipse;
USERNAME=cmzero1
OS=Windows_NT
PROCESSOR_IDENTIFIER=Intel64 Family 6 Model 60 Stepping 3, GenuineIntel



---------------  S Y S T E M  ---------------

OS: Windows 7 , 64 bit Build 7601 (6.1.7601.23392)

CPU:total 8 (4 cores per cpu, 2 threads per core) family 6 model 60 stepping 3, cmov, cx8, fxsr, mmx, sse, sse2, sse3, ssse3, sse4.1, sse4.2, popcnt, avx, avx2, aes, clmul, erms, rtm, lzcnt, ht, tsc, tscinvbit, bmi1, bmi2

Memory: 4k page, physical 16686628k(11778992k free), swap 33371400k(27587452k free)

vm_info: Java HotSpot(TM) Client VM (25.77-b03) for windows-x86 JRE (1.8.0_77-b03), built on Mar 20 2016 22:00:03 by "java_re" with MS VC++ 10.0 (VS2010)

time: Mon Apr 18 14:08:34 2016
elapsed time: 10 seconds (0d 0h 0m 10s)

