#
# A fatal error has been detected by the Java Runtime Environment:
#
#  EXCEPTION_ACCESS_VIOLATION (0xc0000005) at pc=0x697b54bb, pid=9560, tid=7184
#
# JRE version: Java(TM) SE Runtime Environment (7.0_79-b15) (build 1.7.0_79-b15)
# Java VM: Java HotSpot(TM) Client VM (24.79-b02 mixed mode, sharing windows-x86 )
# Problematic frame:
# V  [jvm.dll+0xc54bb]
#
# Failed to write core dump. Minidumps are not enabled by default on client versions of Windows
#
# If you would like to submit a bug report, please visit:
#   http://bugreport.java.com/bugreport/crash.jsp
#

---------------  T H R E A D  ---------------

Current thread (0x0214c800):  JavaThread "main" [_thread_in_vm, id=7184, stack(0x00640000,0x00690000)]

siginfo: ExceptionCode=0xc0000005, reading address 0x00000000

Registers:
EAX=0x00000000, EBX=0x695b0278, ECX=0x00000000, EDX=0x00000001
ESP=0x0068dd5c, EBP=0x0068dd78, ESI=0x0214c930, EDI=0x0214c800
EIP=0x697b54bb, EFLAGS=0x00010246

Top of Stack: (sp=0x0068dd5c)
0x0068dd5c:   00000000 0214c930 695b0278 0214c800
0x0068dd6c:   00000000 0214c800 0214c930 0068ddc8
0x0068dd7c:   6943c8d5 0214c930 00000000 02140079
0x0068dd8c:   0214c930 695b0278 6943c8a7 00000001
0x0068dd9c:   0000000f ffff0049 0068ddc8 6943c883
0x0068ddac:   0214c930 00000001 0000000f 0214c800
0x0068ddbc:   34247480 34247480 0214c930 0068de0c
0x0068ddcc:   0216aabd 0214c930 0068de2c 06da873c 

Instructions: (pc=0x697b54bb)
0x697b549b:   f3 ff 83 c4 08 83 7f 04 00 89 7d f0 c7 45 f4 00
0x697b54ab:   00 00 00 74 08 8d 4d f0 e8 a8 a6 0c 00 8b 45 0c
0x697b54bb:   8b 08 8b 51 04 8b 42 40 50 56 e8 26 df 07 00 83
0x697b54cb:   c4 08 83 7d f4 00 89 45 08 74 08 8d 4d f0 e8 c2 


Register to memory mapping:

EAX=0x00000000 is an unknown value
EBX=0x695b0278 is an unknown value
ECX=0x00000000 is an unknown value
EDX=0x00000001 is an unknown value
ESP=0x0068dd5c is pointing into the stack for thread: 0x0214c800
EBP=0x0068dd78 is pointing into the stack for thread: 0x0214c800
ESI=0x0214c930 is an unknown value
EDI=0x0214c800 is a thread


Stack: [0x00640000,0x00690000],  sp=0x0068dd5c,  free space=311k
Native frames: (J=compiled Java code, j=interpreted, Vv=VM code, C=native code)
V  [jvm.dll+0xc54bb]
C  [bwapi_bridge2_4.dll+0x7c8d5]
j  bwapi.Unit.build_native(JLbwapi/UnitType;Lbwapi/TilePosition;)Z+0
j  bwapi.Unit.build(Lbwapi/UnitType;Lbwapi/TilePosition;)Z+7
j  Orders.BuildOrder.update()V+108
J 107 C1 GameModel.Worker.update(LCraftPlanner/CraftPlannerBlackboard;)V (445 bytes) @ 0x022172ac [0x02216d40+0x56c]
J 152 C1 Actuators.WorkerActuator.update()V (54 bytes) @ 0x02222bf8 [0x02222b50+0xa8]
J 320 C1 CraftPlanner.CraftPlanner.update()V (88 bytes) @ 0x02262238 [0x022621d0+0x68]
J 313 C1 Managers.GameManager.onFrame()V (56 bytes) @ 0x02261478 [0x02261250+0x228]
J 312 C1 bwapi.AIModule.onFrame()V (17 bytes) @ 0x02261004 [0x02260fd0+0x34]
v  ~StubRoutines::call_stub
V  [jvm.dll+0x14234a]
V  [jvm.dll+0x206ebe]
V  [jvm.dll+0x1423cd]
V  [jvm.dll+0xcb5c2]
V  [jvm.dll+0xcf213]
C  [bwapi_bridge2_4.dll+0x40e6d]
C  [bwapi_bridge2_4.dll+0x699d0]
j  bwapi.Mirror.startGame()V+0
j  Managers.GameManager.<init>()V+30
j  Managers.GameManager.main([Ljava/lang/String;)V+4
v  ~StubRoutines::call_stub
V  [jvm.dll+0x14234a]
V  [jvm.dll+0x206ebe]
V  [jvm.dll+0x1423cd]
V  [jvm.dll+0xcb345]
V  [jvm.dll+0xd5ff7]
C  [javaw.exe+0x2070]
C  [javaw.exe+0xa601]
C  [javaw.exe+0xa68b]
C  [KERNEL32.DLL+0x138f4]
C  [ntdll.dll+0x65de3]
C  [ntdll.dll+0x65dae]

Java frames: (J=compiled Java code, j=interpreted, Vv=VM code)
j  bwapi.Unit.build_native(JLbwapi/UnitType;Lbwapi/TilePosition;)Z+0
j  bwapi.Unit.build(Lbwapi/UnitType;Lbwapi/TilePosition;)Z+7
j  Orders.BuildOrder.update()V+108
J 107 C1 GameModel.Worker.update(LCraftPlanner/CraftPlannerBlackboard;)V (445 bytes) @ 0x022172ac [0x02216d40+0x56c]
J 152 C1 Actuators.WorkerActuator.update()V (54 bytes) @ 0x02222bf8 [0x02222b50+0xa8]
J 320 C1 CraftPlanner.CraftPlanner.update()V (88 bytes) @ 0x02262238 [0x022621d0+0x68]
J 313 C1 Managers.GameManager.onFrame()V (56 bytes) @ 0x02261478 [0x02261250+0x228]
J 312 C1 bwapi.AIModule.onFrame()V (17 bytes) @ 0x02261004 [0x02260fd0+0x34]
v  ~StubRoutines::call_stub
j  bwapi.Mirror.startGame()V+0
j  Managers.GameManager.<init>()V+30
j  Managers.GameManager.main([Ljava/lang/String;)V+4
v  ~StubRoutines::call_stub

---------------  P R O C E S S  ---------------

Java Threads: ( => current thread )
  0x020bb000 JavaThread "D3D Screen Updater" daemon [_thread_blocked, id=11116, stack(0x0d6c0000,0x0d710000)]
  0x04779c00 JavaThread "AWT-EventQueue-0" [_thread_blocked, id=6244, stack(0x0b890000,0x0b8e0000)]
  0x0475a000 JavaThread "AWT-Windows" daemon [_thread_in_native, id=11056, stack(0x07620000,0x07670000)]
  0x04759800 JavaThread "AWT-Shutdown" [_thread_blocked, id=10652, stack(0x07590000,0x075e0000)]
  0x04759400 JavaThread "Java2D Disposer" daemon [_thread_blocked, id=5224, stack(0x07500000,0x07550000)]
  0x020aa000 JavaThread "Service Thread" daemon [_thread_blocked, id=10844, stack(0x04650000,0x046a0000)]
  0x020a4c00 JavaThread "C1 CompilerThread0" daemon [_thread_blocked, id=9088, stack(0x045c0000,0x04610000)]
  0x020a3800 JavaThread "Attach Listener" daemon [_thread_blocked, id=9460, stack(0x04530000,0x04580000)]
  0x020a1400 JavaThread "Signal Dispatcher" daemon [_thread_blocked, id=1692, stack(0x044a0000,0x044f0000)]
  0x02034800 JavaThread "Finalizer" daemon [_thread_blocked, id=7996, stack(0x04410000,0x04460000)]
  0x0202f800 JavaThread "Reference Handler" daemon [_thread_blocked, id=10740, stack(0x04380000,0x043d0000)]
=>0x0214c800 JavaThread "main" [_thread_in_vm, id=7184, stack(0x00640000,0x00690000)]

Other Threads:
  0x0202e400 VMThread [stack: 0x042f0000,0x04340000] [id=10324]
  0x020bf400 WatcherThread [stack: 0x046e0000,0x04730000] [id=8076]

VM state:not at safepoint (normal execution)

VM Mutex/Monitor currently owned by a thread: None

Heap
 def new generation   total 4928K, used 1667K [0x24200000, 0x24750000, 0x29750000)
  eden space 4416K,  37% used [0x24200000, 0x243a0368, 0x24650000)
  from space 512K,   0% used [0x24650000, 0x24650b10, 0x246d0000)
  to   space 512K,   0% used [0x246d0000, 0x246d0000, 0x24750000)
 tenured generation   total 10944K, used 803K [0x29750000, 0x2a200000, 0x34200000)
   the space 10944K,   7% used [0x29750000, 0x29818e48, 0x29819000, 0x2a200000)
 compacting perm gen  total 12288K, used 1304K [0x34200000, 0x34e00000, 0x38200000)
   the space 12288K,  10% used [0x34200000, 0x34346288, 0x34346400, 0x34e00000)
    ro space 10240K,  42% used [0x38200000, 0x38636058, 0x38636200, 0x38c00000)
    rw space 12288K,  51% used [0x38c00000, 0x3923bdb0, 0x3923be00, 0x39800000)

Card table byte_map: [0x041e0000,0x04290000] byte_map_base: 0x040bf000

Polling page: 0x006f0000

Code Cache  [0x02160000, 0x02288000, 0x04160000)
 total_blobs=611 nmethods=409 adapters=139 free_code_cache=31594Kb largest_free_block=32353088

Compilation events (10 events):
Event: 16.289 Thread 0x020a4c00  401             sun.awt.windows.WComponentPeer::getGraphics (188 bytes)
Event: 16.290 Thread 0x020a4c00 nmethod 401 0x02283788 code [0x02283920, 0x02283d14]
Event: 16.546 Thread 0x020a4c00  403             bwapi.Game::mapWidth (9 bytes)
Event: 16.546 Thread 0x020a4c00 nmethod 403 0x02284688 code [0x02284780, 0x0228481c]
Event: 16.548 Thread 0x020a4c00  405             bwapi.Game::mapHeight (9 bytes)
Event: 16.548 Thread 0x020a4c00 nmethod 405 0x02284dc8 code [0x02284ec0, 0x02284f5c]
Event: 16.548 Thread 0x020a4c00  407             GameModel.Base::canBuildHere (27 bytes)
Event: 16.548 Thread 0x020a4c00 nmethod 407 0x02284fc8 code [0x022850e0, 0x022851f8]
Event: 16.548 Thread 0x020a4c00  408             bwapi.Game::canBuildHere (12 bytes)
Event: 16.548 Thread 0x020a4c00 nmethod 408 0x022852c8 code [0x022853c0, 0x0228546c]

GC Heap History (4 events):
Event: 15.062 GC heap before
{Heap before GC invocations=0 (full 0):
 def new generation   total 4928K, used 4416K [0x24200000, 0x24750000, 0x29750000)
  eden space 4416K, 100% used [0x24200000, 0x24650000, 0x24650000)
  from space 512K,   0% used [0x24650000, 0x24650000, 0x246d0000)
  to   space 512K,   0% used [0x246d0000, 0x246d0000, 0x24750000)
 tenured generation   total 10944K, used 0K [0x29750000, 0x2a200000, 0x34200000)
   the space 10944K,   0% used [0x29750000, 0x29750000, 0x29750200, 0x2a200000)
 compacting perm gen  total 12288K, used 1304K [0x34200000, 0x34e00000, 0x38200000)
   the space 12288K,  10% used [0x34200000, 0x34346198, 0x34346200, 0x34e00000)
    ro space 10240K,  42% used [0x38200000, 0x38636058, 0x38636200, 0x38c00000)
    rw space 12288K,  51% used [0x38c00000, 0x3923bdb0, 0x3923be00, 0x39800000)
Event: 15.064 GC heap after
Heap after GC invocations=1 (full 0):
 def new generation   total 4928K, used 512K [0x24200000, 0x24750000, 0x29750000)
  eden space 4416K,   0% used [0x24200000, 0x24200000, 0x24650000)
  from space 512K, 100% used [0x246d0000, 0x24750000, 0x24750000)
  to   space 512K,   0% used [0x24650000, 0x24650000, 0x246d0000)
 tenured generation   total 10944K, used 294K [0x29750000, 0x2a200000, 0x34200000)
   the space 10944K,   2% used [0x29750000, 0x297999c0, 0x29799a00, 0x2a200000)
 compacting perm gen  total 12288K, used 1304K [0x34200000, 0x34e00000, 0x38200000)
   the space 12288K,  10% used [0x34200000, 0x34346198, 0x34346200, 0x34e00000)
    ro space 10240K,  42% used [0x38200000, 0x38636058, 0x38636200, 0x38c00000)
    rw space 12288K,  51% used [0x38c00000, 0x3923bdb0, 0x3923be00, 0x39800000)
}
Event: 16.163 GC heap before
{Heap before GC invocations=1 (full 0):
 def new generation   total 4928K, used 4928K [0x24200000, 0x24750000, 0x29750000)
  eden space 4416K, 100% used [0x24200000, 0x24650000, 0x24650000)
  from space 512K, 100% used [0x246d0000, 0x24750000, 0x24750000)
  to   space 512K,   0% used [0x24650000, 0x24650000, 0x246d0000)
 tenured generation   total 10944K, used 294K [0x29750000, 0x2a200000, 0x34200000)
   the space 10944K,   2% used [0x29750000, 0x297999c0, 0x29799a00, 0x2a200000)
 compacting perm gen  total 12288K, used 1304K [0x34200000, 0x34e00000, 0x38200000)
   the space 12288K,  10% used [0x34200000, 0x34346248, 0x34346400, 0x34e00000)
    ro space 10240K,  42% used [0x38200000, 0x38636058, 0x38636200, 0x38c00000)
    rw space 12288K,  51% used [0x38c00000, 0x3923bdb0, 0x3923be00, 0x39800000)
Event: 16.165 GC heap after
Heap after GC invocations=2 (full 0):
 def new generation   total 4928K, used 2K [0x24200000, 0x24750000, 0x29750000)
  eden space 4416K,   0% used [0x24200000, 0x24200000, 0x24650000)
  from space 512K,   0% used [0x24650000, 0x24650b10, 0x246d0000)
  to   space 512K,   0% used [0x246d0000, 0x246d0000, 0x24750000)
 tenured generation   total 10944K, used 803K [0x29750000, 0x2a200000, 0x34200000)
   the space 10944K,   7% used [0x29750000, 0x29818e48, 0x29819000, 0x2a200000)
 compacting perm gen  total 12288K, used 1304K [0x34200000, 0x34e00000, 0x38200000)
   the space 12288K,  10% used [0x34200000, 0x34346248, 0x34346400, 0x34e00000)
    ro space 10240K,  42% used [0x38200000, 0x38636058, 0x38636200, 0x38c00000)
    rw space 12288K,  51% used [0x38c00000, 0x3923bdb0, 0x3923be00, 0x39800000)
}

Deoptimization events (0 events):
No events

Internal exceptions (10 events):
Event: 15.906 Thread 0x0214c800 Threw 0x24554dc8 at C:\re\jdk7u79\2331\hotspot\src\share\vm\interpreter\linkResolver.cpp:892
Event: 15.907 Thread 0x0214c800 Threw 0x24555218 at C:\re\jdk7u79\2331\hotspot\src\share\vm\interpreter\linkResolver.cpp:892
Event: 15.907 Thread 0x0214c800 Threw 0x24555668 at C:\re\jdk7u79\2331\hotspot\src\share\vm\interpreter\linkResolver.cpp:892
Event: 15.908 Thread 0x0214c800 Threw 0x24555ab8 at C:\re\jdk7u79\2331\hotspot\src\share\vm\interpreter\linkResolver.cpp:892
Event: 15.909 Thread 0x0214c800 Threw 0x24555f08 at C:\re\jdk7u79\2331\hotspot\src\share\vm\interpreter\linkResolver.cpp:892
Event: 15.910 Thread 0x0214c800 Threw 0x24556358 at C:\re\jdk7u79\2331\hotspot\src\share\vm\interpreter\linkResolver.cpp:892
Event: 15.911 Thread 0x0214c800 Threw 0x245567a8 at C:\re\jdk7u79\2331\hotspot\src\share\vm\interpreter\linkResolver.cpp:892
Event: 15.912 Thread 0x0214c800 Threw 0x24556bf8 at C:\re\jdk7u79\2331\hotspot\src\share\vm\interpreter\linkResolver.cpp:892
Event: 15.912 Thread 0x0214c800 Threw 0x24557048 at C:\re\jdk7u79\2331\hotspot\src\share\vm\interpreter\linkResolver.cpp:892
Event: 15.913 Thread 0x0214c800 Threw 0x24557498 at C:\re\jdk7u79\2331\hotspot\src\share\vm\interpreter\linkResolver.cpp:892

Events (10 events):
Event: 15.065 Executing VM operation: RevokeBias
Event: 15.065 Executing VM operation: RevokeBias done
Event: 15.065 Executing VM operation: RevokeBias
Event: 15.065 Executing VM operation: RevokeBias done
Event: 15.065 Executing VM operation: RevokeBias
Event: 15.065 Executing VM operation: RevokeBias done
Event: 15.065 Executing VM operation: RevokeBias
Event: 15.065 Executing VM operation: RevokeBias done
Event: 16.163 Executing VM operation: GenCollectForAllocation
Event: 16.165 Executing VM operation: GenCollectForAllocation done


Dynamic libraries:
0x00280000 - 0x002af000 	C:\Program Files (x86)\Java\jre7\bin\javaw.exe
0x77320000 - 0x7749b000 	C:\WINDOWS\SYSTEM32\ntdll.dll
0x76160000 - 0x76240000 	C:\WINDOWS\SYSTEM32\KERNEL32.DLL
0x771a0000 - 0x7731e000 	C:\WINDOWS\SYSTEM32\KERNELBASE.dll
0x75f40000 - 0x75fbb000 	C:\WINDOWS\SYSTEM32\ADVAPI32.dll
0x76f60000 - 0x7701e000 	C:\WINDOWS\SYSTEM32\msvcrt.dll
0x76080000 - 0x760c4000 	C:\WINDOWS\SYSTEM32\sechost.dll
0x75e90000 - 0x75f3d000 	C:\WINDOWS\SYSTEM32\RPCRT4.dll
0x75430000 - 0x7544e000 	C:\WINDOWS\SYSTEM32\SspiCli.dll
0x75420000 - 0x7542a000 	C:\WINDOWS\SYSTEM32\CRYPTBASE.dll
0x75840000 - 0x75898000 	C:\WINDOWS\SYSTEM32\bcryptPrimitives.dll
0x76380000 - 0x764c7000 	C:\WINDOWS\SYSTEM32\USER32.dll
0x758c0000 - 0x75a0f000 	C:\WINDOWS\SYSTEM32\GDI32.dll
0x72e20000 - 0x7302f000 	C:\WINDOWS\WinSxS\x86_microsoft.windows.common-controls_6595b64144ccf1df_6.0.10586.0_none_d3c2e4e965da4528\COMCTL32.dll
0x754a0000 - 0x7565d000 	C:\WINDOWS\SYSTEM32\combase.dll
0x76630000 - 0x7665b000 	C:\WINDOWS\SYSTEM32\IMM32.DLL
0x69630000 - 0x696ef000 	C:\Program Files (x86)\Java\jre7\bin\msvcr100.dll
0x696f0000 - 0x69a79000 	C:\Program Files (x86)\Java\jre7\bin\client\jvm.dll
0x76780000 - 0x76786000 	C:\WINDOWS\SYSTEM32\PSAPI.DLL
0x723d0000 - 0x723d8000 	C:\WINDOWS\SYSTEM32\WSOCK32.dll
0x72260000 - 0x72284000 	C:\WINDOWS\SYSTEM32\WINMM.dll
0x765d0000 - 0x7662f000 	C:\WINDOWS\SYSTEM32\WS2_32.dll
0x00820000 - 0x00843000 	C:\WINDOWS\SYSTEM32\WINMMBASE.dll
0x77110000 - 0x77147000 	C:\WINDOWS\SYSTEM32\cfgmgr32.dll
0x72b60000 - 0x72b6c000 	C:\Program Files (x86)\Java\jre7\bin\verify.dll
0x72b40000 - 0x72b60000 	C:\Program Files (x86)\Java\jre7\bin\java.dll
0x72b20000 - 0x72b33000 	C:\Program Files (x86)\Java\jre7\bin\zip.dll
0x693c0000 - 0x69629000 	C:\Users\ShottyMonsta\Desktop\CraftPlanner\LGOAPCraft\bwapi_bridge2_4.dll
0x6a700000 - 0x6a771000 	C:\WINDOWS\SYSTEM32\MSVCP120.dll
0x692d0000 - 0x693be000 	C:\WINDOWS\SYSTEM32\MSVCR120.dll
0x6acc0000 - 0x6ad27000 	C:\Users\ShottyMonsta\Desktop\CraftPlanner\LGOAPCraft\libgmp-10.dll
0x6f540000 - 0x6f59e000 	C:\Users\ShottyMonsta\Desktop\CraftPlanner\LGOAPCraft\libmpfr-4.dll
0x68c50000 - 0x68d93000 	C:\Program Files (x86)\Java\jre7\bin\awt.dll
0x762e0000 - 0x76372000 	C:\WINDOWS\SYSTEM32\OLEAUT32.dll
0x73150000 - 0x731e2000 	C:\WINDOWS\system32\apphelp.dll
0x73ae0000 - 0x73afd000 	C:\WINDOWS\system32\DWMAPI.DLL
0x73c20000 - 0x73c95000 	C:\WINDOWS\system32\uxtheme.dll
0x76660000 - 0x7677f000 	C:\WINDOWS\SYSTEM32\MSCTF.dll
0x77020000 - 0x7710b000 	C:\WINDOWS\SYSTEM32\ole32.dll
0x75e20000 - 0x75e2c000 	C:\WINDOWS\SYSTEM32\kernel.appcore.dll
0x69fb0000 - 0x6a17b000 	C:\WINDOWS\system32\d3d9.dll
0x5e3d0000 - 0x5f15b000 	C:\WINDOWS\SYSTEM32\nvd3dum.dll
0x75410000 - 0x75418000 	C:\WINDOWS\SYSTEM32\VERSION.dll
0x76910000 - 0x76954000 	C:\WINDOWS\SYSTEM32\powrprof.dll
0x688a0000 - 0x68961000 	C:\Program Files (x86)\NVIDIA Corporation\3D Vision\nvSCPAPI.dll
0x75a10000 - 0x75e1b000 	C:\WINDOWS\SYSTEM32\SETUPAPI.dll
0x73d40000 - 0x7513e000 	C:\WINDOWS\SYSTEM32\SHELL32.dll
0x769c0000 - 0x76eba000 	C:\WINDOWS\SYSTEM32\windows.storage.dll
0x75450000 - 0x75495000 	C:\WINDOWS\SYSTEM32\shlwapi.dll
0x75fe0000 - 0x7606d000 	C:\WINDOWS\SYSTEM32\shcore.dll
0x760d0000 - 0x760df000 	C:\WINDOWS\SYSTEM32\profapi.dll
0x69da0000 - 0x69ef1000 	C:\WINDOWS\system32\nvspcap.dll
0x70700000 - 0x7079b000 	C:\WINDOWS\SYSTEM32\WINHTTP.dll
0x717e0000 - 0x71b2a000 	C:\WINDOWS\system32\nvapi.dll
0x72be0000 - 0x72c63000 	C:\WINDOWS\SYSTEM32\dxgi.dll
0x68860000 - 0x68899000 	C:\Program Files (x86)\Java\jre7\bin\fontmanager.dll
0x678d0000 - 0x67951000 	C:\WINDOWS\system32\RICHED20.DLL
0x75fc0000 - 0x75fd6000 	C:\WINDOWS\SYSTEM32\USP10.dll
0x6aba0000 - 0x6abd1000 	C:\WINDOWS\SYSTEM32\msls31.dll
0x76ed0000 - 0x76f54000 	C:\WINDOWS\SYSTEM32\clbcatq.dll
0x70850000 - 0x70891000 	C:\WINDOWS\system32\dataexchange.dll
0x67420000 - 0x6763a000 	C:\WINDOWS\system32\d3d11.dll
0x69f00000 - 0x69fa7000 	C:\WINDOWS\system32\dcomp.dll
0x72d40000 - 0x72e0d000 	C:\WINDOWS\system32\twinapi.appcore.dll
0x75380000 - 0x7539b000 	C:\WINDOWS\system32\bcrypt.dll
0x10000000 - 0x1000e000 	C:\Program Files (x86)\ASUS\AI Suite II\TurboV EVO\HookKey32.dll
0x69060000 - 0x6919f000 	C:\WINDOWS\SYSTEM32\dbghelp.dll

VM Arguments:
jvm_args: -Dfile.encoding=Cp1252 
java_command: Managers.GameManager
Launcher Type: SUN_STANDARD

Environment Variables:
PATH=C:/Program Files (x86)/Java/jre7/bin/client;C:/Program Files (x86)/Java/jre7/bin;C:/Program Files (x86)/Java/jre7/lib/i386;C:\WINDOWS\system32;C:\WINDOWS;C:\WINDOWS\system32\wbem;C:\Program Files\Common Files\Microsoft Shared\Windows Live;C:\Program Files (x86)\Common Files\Microsoft Shared\Windows Live;C:\Program Files (x86)\Intel\iCLS Client;C:\Program Files\Intel\iCLS Client;C:\Windows\System32\WindowsPowerShell\v1.0;C:\Program Files\Intel\Intel(R) Management Engine Components\DAL;C:\Program Files\Intel\Intel(R) Management Engine Components\IPT;C:\Program Files (x86)\Intel\Intel(R) Management Engine Components\DAL;C:\Program Files (x86)\Intel\Intel(R) Management Engine Components\IPT;C:\Program Files\Common Files\Autodesk Shared;C:\Program Files\Microsoft SQL Server\110\Tools\Binn;C:\Program Files (x86)\Java\jdk1.7.0_40\bin;C:\Program Files (x86)\nodejs\\bin;C:\Users\ShottyMonsta\AppData\Local\Smartbar\Application;C:\Program Files (x86)\Windows Live\Shared;C:\Program Files (x86)\Autodesk\Backburner;C:\Program Files (x86)\Skype\Phone;C:\Program Files (x86)\Windows Kits\8.1\Windows Performance Toolkit;C:\Program Files\doxygen\bin;C:\WINDOWS\System32\Wbem;C:\WINDOWS\System32\WindowsPowerShell\v1.0\;C:\Program Files (x86)\Skype\Phone\;C:\Program Files\Common Files\Autodesk Shared\;C:\Program Files (x86)\NVIDIA Corporation\PhysX\Common;C:\WINDOWS\system32\config\systemprofile\.dnx\bin;C:\Program Files\Microsoft DNX\Dnvm\;C:\Program Files (x86)\Windows Kits\8.1\Windows Performance Toolkit\;C:\Program Files (x86)\nodejs\;C:\Program Files (x86)\MySQL\MySQL Fabric 1.5 & MySQL Utilities 1.5\;C:\Program Files (x86)\MySQL\MySQL Fabric 1.5 & MySQL Utilities 1.5\Doctrine extensions for PHP\;C:\Users\ShottyMonsta\AppData\Roaming\npm;C:\Users\ShottyMonsta\eclipse\java-mars\eclipse;
USERNAME=ShottyMonsta
OS=Windows_NT
PROCESSOR_IDENTIFIER=Intel64 Family 6 Model 58 Stepping 9, GenuineIntel



---------------  S Y S T E M  ---------------

OS: Windows 8.1 , 64 bit Build 9600 

CPU:total 8 (4 cores per cpu, 2 threads per core) family 6 model 58 stepping 9, cmov, cx8, fxsr, mmx, sse, sse2, sse3, ssse3, sse4.1, sse4.2, popcnt, avx, aes, erms, ht, tsc, tscinvbit, tscinv

Memory: 4k page, physical 16720292k(11946616k free), swap 33497508k(27924712k free)

vm_info: Java HotSpot(TM) Client VM (24.79-b02) for windows-x86 JRE (1.7.0_79-b15), built on Apr 10 2015 16:49:13 by "java_re" with unknown MS VC++:1600

time: Thu May 05 10:54:55 2016
elapsed time: 16 seconds

