#
# A fatal error has been detected by the Java Runtime Environment:
#
#  EXCEPTION_ACCESS_VIOLATION (0xc0000005) at pc=0x5e6354bb, pid=4672, tid=6968
#
# JRE version: Java(TM) SE Runtime Environment (7.0_79-b15) (build 1.7.0_79-b15)
# Java VM: Java HotSpot(TM) Client VM (24.79-b02 mixed mode, sharing windows-x86 )
# Problematic frame:
# V  [jvm.dll+0xc54bb]
#
# Failed to write core dump. Minidumps are not enabled by default on client versions of Windows
#
# If you would like to submit a bug report, please visit:
#   http://bugreport.java.com/bugreport/crash.jsp
#

---------------  T H R E A D  ---------------

Current thread (0x0237c800):  JavaThread "main" [_thread_in_vm, id=6968, stack(0x00970000,0x009c0000)]

siginfo: ExceptionCode=0xc0000005, reading address 0x00000000

Registers:
EAX=0x00000000, EBX=0x680c0278, ECX=0x00000000, EDX=0x00000001
ESP=0x009bdaec, EBP=0x009bdb08, ESI=0x0237c930, EDI=0x0237c800
EIP=0x5e6354bb, EFLAGS=0x00010246

Top of Stack: (sp=0x009bdaec)
0x009bdaec:   00000000 0237c930 680c0278 0237c800
0x009bdafc:   00000000 0237c800 0237c930 009bdb58
0x009bdb0c:   67f4c8d5 0237c930 00000000 02370079
0x009bdb1c:   0237c930 680c0278 67f4c8a7 00000001
0x009bdb2c:   0000000f ffff0049 009bdb58 67f4c883
0x009bdb3c:   0237c930 00000001 0000000f 0237c800
0x009bdb4c:   342455c0 342455c0 0237c930 009bdb9c
0x009bdb5c:   0238aabd 0237c930 009bdbbc 06de7368 

Instructions: (pc=0x5e6354bb)
0x5e63549b:   f3 ff 83 c4 08 83 7f 04 00 89 7d f0 c7 45 f4 00
0x5e6354ab:   00 00 00 74 08 8d 4d f0 e8 a8 a6 0c 00 8b 45 0c
0x5e6354bb:   8b 08 8b 51 04 8b 42 40 50 56 e8 26 df 07 00 83
0x5e6354cb:   c4 08 83 7d f4 00 89 45 08 74 08 8d 4d f0 e8 c2 


Register to memory mapping:

EAX=0x00000000 is an unknown value
EBX=0x680c0278 is an unknown value
ECX=0x00000000 is an unknown value
EDX=0x00000001 is an unknown value
ESP=0x009bdaec is pointing into the stack for thread: 0x0237c800
EBP=0x009bdb08 is pointing into the stack for thread: 0x0237c800
ESI=0x0237c930 is an unknown value
EDI=0x0237c800 is a thread


Stack: [0x00970000,0x009c0000],  sp=0x009bdaec,  free space=310k
Native frames: (J=compiled Java code, j=interpreted, Vv=VM code, C=native code)
V  [jvm.dll+0xc54bb]
C  [bwapi_bridge2_4.dll+0x7c8d5]
j  bwapi.Unit.build_native(JLbwapi/UnitType;Lbwapi/TilePosition;)Z+0
j  bwapi.Unit.build(Lbwapi/UnitType;Lbwapi/TilePosition;)Z+7
j  Orders.BuildOrder.update()V+150
J 53 C1 GameModel.Worker.update(LCraftPlanner/CraftPlannerBlackboard;)V (403 bytes) @ 0x0241d958 [0x0241d4e0+0x478]
J 61 C1 Actuators.WorkerActuator.update()V (54 bytes) @ 0x02420078 [0x0241ffd0+0xa8]
J 130 C1 CraftPlanner.CraftPlanner.update()V (78 bytes) @ 0x02432b30 [0x02432ad0+0x60]
J 121 C1 Managers.GameManager.onFrame()V (56 bytes) @ 0x02431bb8 [0x02431990+0x228]
J 120 C1 bwapi.AIModule.onFrame()V (17 bytes) @ 0x02431744 [0x02431710+0x34]
v  ~StubRoutines::call_stub
V  [jvm.dll+0x14234a]
V  [jvm.dll+0x206ebe]
V  [jvm.dll+0x1423cd]
V  [jvm.dll+0xcb5c2]
V  [jvm.dll+0xcf213]
C  [bwapi_bridge2_4.dll+0x40e6d]
C  [bwapi_bridge2_4.dll+0x699d0]
j  bwapi.Mirror.startGame()V+0
j  Managers.GameManager.<init>()V+30
j  Managers.GameManager.main([Ljava/lang/String;)V+4
v  ~StubRoutines::call_stub
V  [jvm.dll+0x14234a]
V  [jvm.dll+0x206ebe]
V  [jvm.dll+0x1423cd]
V  [jvm.dll+0xcb345]
V  [jvm.dll+0xd5ff7]
C  [javaw.exe+0x2070]
C  [javaw.exe+0xa601]
C  [javaw.exe+0xa68b]
C  [KERNEL32.DLL+0x138f4]
C  [ntdll.dll+0x65de3]
C  [ntdll.dll+0x65dae]

Java frames: (J=compiled Java code, j=interpreted, Vv=VM code)
j  bwapi.Unit.build_native(JLbwapi/UnitType;Lbwapi/TilePosition;)Z+0
j  bwapi.Unit.build(Lbwapi/UnitType;Lbwapi/TilePosition;)Z+7
j  Orders.BuildOrder.update()V+150
J 53 C1 GameModel.Worker.update(LCraftPlanner/CraftPlannerBlackboard;)V (403 bytes) @ 0x0241d958 [0x0241d4e0+0x478]
J 61 C1 Actuators.WorkerActuator.update()V (54 bytes) @ 0x02420078 [0x0241ffd0+0xa8]
J 130 C1 CraftPlanner.CraftPlanner.update()V (78 bytes) @ 0x02432b30 [0x02432ad0+0x60]
J 121 C1 Managers.GameManager.onFrame()V (56 bytes) @ 0x02431bb8 [0x02431990+0x228]
J 120 C1 bwapi.AIModule.onFrame()V (17 bytes) @ 0x02431744 [0x02431710+0x34]
v  ~StubRoutines::call_stub
j  bwapi.Mirror.startGame()V+0
j  Managers.GameManager.<init>()V+30
j  Managers.GameManager.main([Ljava/lang/String;)V+4
v  ~StubRoutines::call_stub

---------------  P R O C E S S  ---------------

Java Threads: ( => current thread )
  0x00d00000 JavaThread "Service Thread" daemon [_thread_blocked, id=5032, stack(0x04690000,0x046e0000)]
  0x00cf4800 JavaThread "C1 CompilerThread0" daemon [_thread_blocked, id=5928, stack(0x04600000,0x04650000)]
  0x00cf3400 JavaThread "Attach Listener" daemon [_thread_blocked, id=8164, stack(0x04570000,0x045c0000)]
  0x00c87c00 JavaThread "Signal Dispatcher" daemon [_thread_blocked, id=7764, stack(0x044e0000,0x04530000)]
  0x00c84800 JavaThread "Finalizer" daemon [_thread_blocked, id=7700, stack(0x04450000,0x044a0000)]
  0x00c7f400 JavaThread "Reference Handler" daemon [_thread_blocked, id=7292, stack(0x043c0000,0x04410000)]
=>0x0237c800 JavaThread "main" [_thread_in_vm, id=6968, stack(0x00970000,0x009c0000)]

Other Threads:
  0x00c7e000 VMThread [stack: 0x00a00000,0x00a50000] [id=6588]
  0x00d10000 WatcherThread [stack: 0x04720000,0x04770000] [id=4832]

VM state:not at safepoint (normal execution)

VM Mutex/Monitor currently owned by a thread: None

Heap
 def new generation   total 4928K, used 2208K [0x24200000, 0x24750000, 0x29750000)
  eden space 4416K,  39% used [0x24200000, 0x243b20c0, 0x24650000)
  from space 512K,  92% used [0x246d0000, 0x247462d0, 0x24750000)
  to   space 512K,   0% used [0x24650000, 0x24650000, 0x246d0000)
 tenured generation   total 10944K, used 0K [0x29750000, 0x2a200000, 0x34200000)
   the space 10944K,   0% used [0x29750000, 0x29750000, 0x29750200, 0x2a200000)
 compacting perm gen  total 12288K, used 711K [0x34200000, 0x34e00000, 0x38200000)
   the space 12288K,   5% used [0x34200000, 0x342b1f08, 0x342b2000, 0x34e00000)
    ro space 10240K,  42% used [0x38200000, 0x38636058, 0x38636200, 0x38c00000)
    rw space 12288K,  51% used [0x38c00000, 0x3923bdb0, 0x3923be00, 0x39800000)

Card table byte_map: [0x02230000,0x022e0000] byte_map_base: 0x0210f000

Polling page: 0x00b00000

Code Cache  [0x02380000, 0x02450000, 0x04380000)
 total_blobs=332 nmethods=195 adapters=74 free_code_cache=31951Kb largest_free_block=32718016

Compilation events (10 events):
Event: 23.366 Thread 0x00cf4800  189             bwapi.AbstractPoint::<init> (5 bytes)
Event: 23.366 Thread 0x00cf4800 nmethod 189 0x0244b388 code [0x0244b480, 0x0244b500]
Event: 23.366 Thread 0x00cf4800  190             bwapi.TilePosition::<init> (15 bytes)
Event: 23.366 Thread 0x00cf4800 nmethod 190 0x0244b548 code [0x0244b640, 0x0244b6c0]
Event: 23.367 Thread 0x00cf4800  191             bwapi.Game::mapHeight (9 bytes)
Event: 23.367 Thread 0x00cf4800 nmethod 191 0x0244bc48 code [0x0244bd40, 0x0244bddc]
Event: 23.367 Thread 0x00cf4800  193             GameModel.Base::canBuildHere (27 bytes)
Event: 23.367 Thread 0x00cf4800 nmethod 193 0x0244be48 code [0x0244bf60, 0x0244c078]
Event: 23.367 Thread 0x00cf4800  194             bwapi.Game::canBuildHere (12 bytes)
Event: 23.367 Thread 0x00cf4800 nmethod 194 0x0244c148 code [0x0244c240, 0x0244c2ec]

GC Heap History (2 events):
Event: 19.662 GC heap before
{Heap before GC invocations=0 (full 0):
 def new generation   total 4928K, used 4416K [0x24200000, 0x24750000, 0x29750000)
  eden space 4416K, 100% used [0x24200000, 0x24650000, 0x24650000)
  from space 512K,   0% used [0x24650000, 0x24650000, 0x246d0000)
  to   space 512K,   0% used [0x246d0000, 0x246d0000, 0x24750000)
 tenured generation   total 10944K, used 0K [0x29750000, 0x2a200000, 0x34200000)
   the space 10944K,   0% used [0x29750000, 0x29750000, 0x29750200, 0x2a200000)
 compacting perm gen  total 12288K, used 711K [0x34200000, 0x34e00000, 0x38200000)
   the space 12288K,   5% used [0x34200000, 0x342b1ee8, 0x342b2000, 0x34e00000)
    ro space 10240K,  42% used [0x38200000, 0x38636058, 0x38636200, 0x38c00000)
    rw space 12288K,  51% used [0x38c00000, 0x3923bdb0, 0x3923be00, 0x39800000)
Event: 19.664 GC heap after
Heap after GC invocations=1 (full 0):
 def new generation   total 4928K, used 472K [0x24200000, 0x24750000, 0x29750000)
  eden space 4416K,   0% used [0x24200000, 0x24200000, 0x24650000)
  from space 512K,  92% used [0x246d0000, 0x247462d0, 0x24750000)
  to   space 512K,   0% used [0x24650000, 0x24650000, 0x246d0000)
 tenured generation   total 10944K, used 0K [0x29750000, 0x2a200000, 0x34200000)
   the space 10944K,   0% used [0x29750000, 0x29750000, 0x29750200, 0x2a200000)
 compacting perm gen  total 12288K, used 711K [0x34200000, 0x34e00000, 0x38200000)
   the space 12288K,   5% used [0x34200000, 0x342b1ee8, 0x342b2000, 0x34e00000)
    ro space 10240K,  42% used [0x38200000, 0x38636058, 0x38636200, 0x38c00000)
    rw space 12288K,  51% used [0x38c00000, 0x3923bdb0, 0x3923be00, 0x39800000)
}

Deoptimization events (0 events):
No events

Internal exceptions (10 events):
Event: 6.061 Thread 0x0237c800 Threw 0x243aff38 at C:\re\jdk7u79\2331\hotspot\src\share\vm\prims\jvm.cpp:1304
Event: 6.062 Thread 0x0237c800 Threw 0x243b1d18 at C:\re\jdk7u79\2331\hotspot\src\share\vm\prims\jvm.cpp:1304
Event: 6.062 Thread 0x0237c800 Threw 0x243b4f90 at C:\re\jdk7u79\2331\hotspot\src\share\vm\prims\jvm.cpp:1304
Event: 6.064 Thread 0x0237c800 Threw 0x243ba978 at C:\re\jdk7u79\2331\hotspot\src\share\vm\prims\jvm.cpp:1304
Event: 6.065 Thread 0x0237c800 Threw 0x243c36c8 at C:\re\jdk7u79\2331\hotspot\src\share\vm\prims\jvm.cpp:1304
Event: 6.066 Thread 0x0237c800 Threw 0x243c6a18 at C:\re\jdk7u79\2331\hotspot\src\share\vm\prims\jvm.cpp:1304
Event: 6.068 Thread 0x0237c800 Threw 0x243c8ca0 at C:\re\jdk7u79\2331\hotspot\src\share\vm\prims\jvm.cpp:1304
Event: 6.068 Thread 0x0237c800 Threw 0x243cbca8 at C:\re\jdk7u79\2331\hotspot\src\share\vm\prims\jvm.cpp:1304
Event: 6.069 Thread 0x0237c800 Threw 0x243cef30 at C:\re\jdk7u79\2331\hotspot\src\share\vm\prims\jvm.cpp:1304
Event: 6.069 Thread 0x0237c800 Threw 0x243d0f80 at C:\re\jdk7u79\2331\hotspot\src\share\vm\prims\jvm.cpp:1304

Events (10 events):
Event: 19.665 Executing VM operation: RevokeBias
Event: 19.665 Executing VM operation: RevokeBias done
Event: 19.665 Executing VM operation: RevokeBias
Event: 19.665 Executing VM operation: RevokeBias done
Event: 19.665 Executing VM operation: BulkRevokeBias
Event: 19.665 Executing VM operation: BulkRevokeBias done
Event: 19.665 Executing VM operation: RevokeBias
Event: 19.665 Executing VM operation: RevokeBias done
Event: 19.665 Executing VM operation: BulkRevokeBias
Event: 19.665 Executing VM operation: BulkRevokeBias done


Dynamic libraries:
0x000d0000 - 0x000ff000 	C:\Program Files (x86)\Java\jre7\bin\javaw.exe
0x76e90000 - 0x7700b000 	C:\WINDOWS\SYSTEM32\ntdll.dll
0x741f0000 - 0x742d0000 	C:\WINDOWS\SYSTEM32\KERNEL32.DLL
0x743e0000 - 0x7455e000 	C:\WINDOWS\SYSTEM32\KERNELBASE.dll
0x76e10000 - 0x76e8b000 	C:\WINDOWS\SYSTEM32\ADVAPI32.dll
0x73bc0000 - 0x73c7e000 	C:\WINDOWS\SYSTEM32\msvcrt.dll
0x74610000 - 0x74654000 	C:\WINDOWS\SYSTEM32\sechost.dll
0x747c0000 - 0x7486d000 	C:\WINDOWS\SYSTEM32\RPCRT4.dll
0x73ba0000 - 0x73bbe000 	C:\WINDOWS\SYSTEM32\SspiCli.dll
0x73b90000 - 0x73b9a000 	C:\WINDOWS\SYSTEM32\CRYPTBASE.dll
0x74080000 - 0x740d8000 	C:\WINDOWS\SYSTEM32\bcryptPrimitives.dll
0x74670000 - 0x747b7000 	C:\WINDOWS\SYSTEM32\USER32.dll
0x74870000 - 0x749bf000 	C:\WINDOWS\SYSTEM32\GDI32.dll
0x72d00000 - 0x72f0f000 	C:\WINDOWS\WinSxS\x86_microsoft.windows.common-controls_6595b64144ccf1df_6.0.10586.0_none_d3c2e4e965da4528\COMCTL32.dll
0x73e60000 - 0x7401d000 	C:\WINDOWS\SYSTEM32\combase.dll
0x73ca0000 - 0x73ccb000 	C:\WINDOWS\SYSTEM32\IMM32.DLL
0x65c00000 - 0x65cbf000 	C:\Program Files (x86)\Java\jre7\bin\msvcr100.dll
0x5e570000 - 0x5e8f9000 	C:\Program Files (x86)\Java\jre7\bin\client\jvm.dll
0x742d0000 - 0x742d6000 	C:\WINDOWS\SYSTEM32\PSAPI.DLL
0x710e0000 - 0x710e8000 	C:\WINDOWS\SYSTEM32\WSOCK32.dll
0x72cc0000 - 0x72ce4000 	C:\WINDOWS\SYSTEM32\WINMM.dll
0x74190000 - 0x741ef000 	C:\WINDOWS\SYSTEM32\WS2_32.dll
0x00a90000 - 0x00ab3000 	C:\WINDOWS\SYSTEM32\WINMMBASE.dll
0x73cd0000 - 0x73d07000 	C:\WINDOWS\SYSTEM32\cfgmgr32.dll
0x690e0000 - 0x690ec000 	C:\Program Files (x86)\Java\jre7\bin\verify.dll
0x65d70000 - 0x65d90000 	C:\Program Files (x86)\Java\jre7\bin\java.dll
0x65be0000 - 0x65bf3000 	C:\Program Files (x86)\Java\jre7\bin\zip.dll
0x67ed0000 - 0x68139000 	C:\Users\ShottyMonsta\Desktop\CraftPlannerFinal\LGOAPCraft\bwapi_bridge2_4.dll
0x69160000 - 0x691d1000 	C:\WINDOWS\SYSTEM32\MSVCP120.dll
0x68c90000 - 0x68d7e000 	C:\WINDOWS\SYSTEM32\MSVCR120.dll
0x6acc0000 - 0x6ad27000 	C:\Users\ShottyMonsta\Desktop\CraftPlannerFinal\LGOAPCraft\libgmp-10.dll
0x6f540000 - 0x6f59e000 	C:\Users\ShottyMonsta\Desktop\CraftPlannerFinal\LGOAPCraft\libmpfr-4.dll
0x5e100000 - 0x5e23f000 	C:\WINDOWS\SYSTEM32\dbghelp.dll

VM Arguments:
jvm_args: -Dfile.encoding=Cp1252 
java_command: Managers.GameManager
Launcher Type: SUN_STANDARD

Environment Variables:
PATH=C:/Program Files (x86)/Java/jre7/bin/client;C:/Program Files (x86)/Java/jre7/bin;C:/Program Files (x86)/Java/jre7/lib/i386;C:\WINDOWS\system32;C:\WINDOWS;C:\WINDOWS\system32\wbem;C:\Program Files\Common Files\Microsoft Shared\Windows Live;C:\Program Files (x86)\Common Files\Microsoft Shared\Windows Live;C:\Program Files (x86)\Intel\iCLS Client;C:\Program Files\Intel\iCLS Client;C:\Windows\System32\WindowsPowerShell\v1.0;C:\Program Files\Intel\Intel(R) Management Engine Components\DAL;C:\Program Files\Intel\Intel(R) Management Engine Components\IPT;C:\Program Files (x86)\Intel\Intel(R) Management Engine Components\DAL;C:\Program Files (x86)\Intel\Intel(R) Management Engine Components\IPT;C:\Program Files\Common Files\Autodesk Shared;C:\Program Files\Microsoft SQL Server\110\Tools\Binn;C:\Program Files (x86)\Java\jdk1.7.0_40\bin;C:\Program Files (x86)\nodejs\\bin;C:\Users\ShottyMonsta\AppData\Local\Smartbar\Application;C:\Program Files (x86)\Windows Live\Shared;C:\Program Files (x86)\Autodesk\Backburner;C:\Program Files (x86)\Skype\Phone;C:\Program Files (x86)\Windows Kits\8.1\Windows Performance Toolkit;C:\Program Files\doxygen\bin;C:\WINDOWS\System32\Wbem;C:\WINDOWS\System32\WindowsPowerShell\v1.0\;C:\Program Files (x86)\Skype\Phone\;C:\Program Files\Common Files\Autodesk Shared\;C:\Program Files (x86)\NVIDIA Corporation\PhysX\Common;C:\WINDOWS\system32\config\systemprofile\.dnx\bin;C:\Program Files\Microsoft DNX\Dnvm\;C:\Program Files (x86)\Windows Kits\8.1\Windows Performance Toolkit\;C:\Users\ShottyMonsta\eclipse\java-mars\eclipse;
USERNAME=ShottyMonsta
OS=Windows_NT
PROCESSOR_IDENTIFIER=Intel64 Family 6 Model 58 Stepping 9, GenuineIntel



---------------  S Y S T E M  ---------------

OS: Windows 8.1 , 64 bit Build 9600 

CPU:total 8 (4 cores per cpu, 2 threads per core) family 6 model 58 stepping 9, cmov, cx8, fxsr, mmx, sse, sse2, sse3, ssse3, sse4.1, sse4.2, popcnt, avx, aes, erms, ht, tsc, tscinvbit, tscinv

Memory: 4k page, physical 16720292k(11527240k free), swap 33497508k(27151144k free)

vm_info: Java HotSpot(TM) Client VM (24.79-b02) for windows-x86 JRE (1.7.0_79-b15), built on Apr 10 2015 16:49:13 by "java_re" with unknown MS VC++:1600

time: Wed Apr 13 16:35:34 2016
elapsed time: 23 seconds

