#
# A fatal error has been detected by the Java Runtime Environment:
#
#  EXCEPTION_ACCESS_VIOLATION (0xc0000005) at pc=0x632b538b, pid=2512, tid=5784
#
# JRE version: Java(TM) SE Runtime Environment (8.0_77-b03) (build 1.8.0_77-b03)
# Java VM: Java HotSpot(TM) Client VM (25.77-b03 mixed mode windows-x86 )
# Problematic frame:
# V  [jvm.dll+0xd538b]
#
# Failed to write core dump. Minidumps are not enabled by default on client versions of Windows
#
# If you would like to submit a bug report, please visit:
#   http://bugreport.java.com/bugreport/crash.jsp
#

---------------  T H R E A D  ---------------

Current thread (0x0200d400):  JavaThread "main" [_thread_in_vm, id=5784, stack(0x01f20000,0x01f70000)]

siginfo: ExceptionCode=0xc0000005, reading address 0x00000000

Registers:
EAX=0x00000000, EBX=0x0200d400, ECX=0x00000000, EDX=0x00000007
ESP=0x01f6ddb4, EBP=0x01f6ddd0, ESI=0x0200d540, EDI=0x0200d540
EIP=0x632b538b, EFLAGS=0x00010246

Top of Stack: (sp=0x01f6ddb4)
0x01f6ddb4:   0200d540 14a46910 14a46910 0200d400
0x01f6ddc4:   00000000 0200d400 14a46910 01f6de18
0x01f6ddd4:   65c9c617 0200d540 00000000 6e696f70
0x01f6dde4:   00726574 14a46910 65c9c5e7 00000007
0x01f6ddf4:   0000000f 0200004a 14a46910 14a46910
0x01f6de04:   14a46910 00000001 0000000f 0200d400
0x01f6de14:   0200d540 01f6de60 027fc0c3 0200d540
0x01f6de24:   01f6de7c 17bf3aa4 00000000 00000000 

Instructions: (pc=0x632b538b)
0x632b536b:   f3 ff 83 c4 08 83 7b 04 00 89 5d f0 c7 45 f4 00
0x632b537b:   00 00 00 74 08 8d 4d f0 e8 c8 09 0d 00 8b 45 0c
0x632b538b:   8b 08 8b 51 04 8b 42 38 50 56 e8 36 4b 08 00 83
0x632b539b:   c4 08 83 7d f4 00 89 45 08 74 08 8d 4d f0 e8 e2 


Register to memory mapping:

EAX=0x00000000 is an unknown value
EBX=0x0200d400 is a thread
ECX=0x00000000 is an unknown value
EDX=0x00000007 is an unknown value
ESP=0x01f6ddb4 is pointing into the stack for thread: 0x0200d400
EBP=0x01f6ddd0 is pointing into the stack for thread: 0x0200d400
ESI=0x0200d540 is an unknown value
EDI=0x0200d540 is an unknown value


Stack: [0x01f20000,0x01f70000],  sp=0x01f6ddb4,  free space=311k
Native frames: (J=compiled Java code, j=interpreted, Vv=VM code, C=native code)
V  [jvm.dll+0xd538b]
C  [bwapi_bridge2_4.dll+0x7c617]
j  bwapi.Unit.attack_native(JLbwapi/Unit;)Z+0
j  bwapi.Unit.attack(Lbwapi/Unit;)Z+6
j  GameModel.CombatUnit.update()V+56
j  GameModel.Squad.update(LCraftPlanner/CraftPlannerBlackboard;)V+24
J 131 C1 Actuators.SquadActuator.update()V (41 bytes) @ 0x028c612c [0x028c6080+0xac]
J 125 C1 CraftPlanner.CraftPlanner.update()V (81 bytes) @ 0x028b6f98 [0x028b6f10+0x88]
J 118 C1 Managers.GameManager.onFrame()V (56 bytes) @ 0x028b61f0 [0x028b5fd0+0x220]
J 117 C1 bwapi.AIModule.onFrame()V (17 bytes) @ 0x028b5d84 [0x028b5d50+0x34]
v  ~StubRoutines::call_stub
V  [jvm.dll+0x158f95]
V  [jvm.dll+0x21e54e]
V  [jvm.dll+0x15902e]
V  [jvm.dll+0xdb23b]
V  [jvm.dll+0xde1cc]
C  [bwapi_bridge2_4.dll+0x40e6d]
C  [bwapi_bridge2_4.dll+0x699d0]
j  bwapi.Mirror.startGame()V+0
j  Managers.GameManager.<init>()V+30
j  Managers.GameManager.main([Ljava/lang/String;)V+4
v  ~StubRoutines::call_stub
V  [jvm.dll+0x158f95]
V  [jvm.dll+0x21e54e]
V  [jvm.dll+0x15902e]
V  [jvm.dll+0xdb007]
V  [jvm.dll+0xe359f]
C  [javaw.exe+0x229a]
C  [javaw.exe+0xaebf]
C  [javaw.exe+0xaf49]
C  [kernel32.dll+0x1338a]
C  [ntdll.dll+0x39902]
C  [ntdll.dll+0x398d5]
C  0x00000000

Java frames: (J=compiled Java code, j=interpreted, Vv=VM code)
j  bwapi.Unit.attack_native(JLbwapi/Unit;)Z+0
j  bwapi.Unit.attack(Lbwapi/Unit;)Z+6
j  GameModel.CombatUnit.update()V+56
j  GameModel.Squad.update(LCraftPlanner/CraftPlannerBlackboard;)V+24
J 131 C1 Actuators.SquadActuator.update()V (41 bytes) @ 0x028c612c [0x028c6080+0xac]
J 125 C1 CraftPlanner.CraftPlanner.update()V (81 bytes) @ 0x028b6f98 [0x028b6f10+0x88]
J 118 C1 Managers.GameManager.onFrame()V (56 bytes) @ 0x028b61f0 [0x028b5fd0+0x220]
J 117 C1 bwapi.AIModule.onFrame()V (17 bytes) @ 0x028b5d84 [0x028b5d50+0x34]
v  ~StubRoutines::call_stub
j  bwapi.Mirror.startGame()V+0
j  Managers.GameManager.<init>()V+30
j  Managers.GameManager.main([Ljava/lang/String;)V+4
v  ~StubRoutines::call_stub

---------------  P R O C E S S  ---------------

Java Threads: ( => current thread )
  0x14eb4400 JavaThread "Service Thread" daemon [_thread_blocked, id=840, stack(0x15340000,0x15390000)]
  0x14ead400 JavaThread "C1 CompilerThread0" daemon [_thread_blocked, id=6000, stack(0x15220000,0x15270000)]
  0x14eba800 JavaThread "Attach Listener" daemon [_thread_blocked, id=5716, stack(0x15270000,0x152c0000)]
  0x14eb9400 JavaThread "Signal Dispatcher" daemon [_thread_blocked, id=5136, stack(0x15070000,0x150c0000)]
  0x005d3c00 JavaThread "Finalizer" daemon [_thread_blocked, id=3832, stack(0x14d70000,0x14dc0000)]
  0x005cdc00 JavaThread "Reference Handler" daemon [_thread_blocked, id=6732, stack(0x02440000,0x02490000)]
=>0x0200d400 JavaThread "main" [_thread_in_vm, id=5784, stack(0x01f20000,0x01f70000)]

Other Threads:
  0x005c7000 VMThread [stack: 0x023e0000,0x02430000] [id=6860]
  0x14eb5000 WatcherThread [stack: 0x15160000,0x151b0000] [id=6084]

VM state:not at safepoint (normal execution)

VM Mutex/Monitor currently owned by a thread: None

Heap:
 def new generation   total 4928K, used 1903K [0x04800000, 0x04d50000, 0x09d50000)
  eden space 4416K,  43% used [0x04800000, 0x049dabd0, 0x04c50000)
  from space 512K,   0% used [0x04c50000, 0x04c511e0, 0x04cd0000)
  to   space 512K,   0% used [0x04cd0000, 0x04cd0000, 0x04d50000)
 tenured generation   total 10944K, used 508K [0x09d50000, 0x0a800000, 0x14800000)
   the space 10944K,   4% used [0x09d50000, 0x09dcf200, 0x09dcf200, 0x0a800000)
 Metaspace       used 2258K, capacity 2728K, committed 2752K, reserved 4480K

Card table byte_map: [0x01e90000,0x01f20000] byte_map_base: 0x01e6c000

Polling page: 0x00110000

CodeCache: size=32768Kb used=907Kb max_used=907Kb free=31860Kb
 bounds [0x027f0000, 0x028d8000, 0x047f0000]
 total_blobs=304 nmethods=159 adapters=76
 compilation: enabled

Compilation events (10 events):
Event: 10.960 Thread 0x14ead400 nmethod 153 0x028cbd08 code [0x028cbe00, 0x028cbe9c]
Event: 11.394 Thread 0x14ead400  155             Actuators.BuildingActuator::getRequiredWorkers (60 bytes)
Event: 11.394 Thread 0x14ead400 nmethod 155 0x028cbf08 code [0x028cc040, 0x028cc1b0]
Event: 11.588 Thread 0x14ead400  156             sun.nio.cs.SingleByte$Encoder::encodeArrayLoop (236 bytes)
Event: 11.589 Thread 0x14ead400 nmethod 156 0x028cc348 code [0x028cc660, 0x028cd15c]
Event: 11.713 Thread 0x14ead400  157             GameModel.Building::update (231 bytes)
Event: 11.714 Thread 0x14ead400 nmethod 157 0x028ce748 code [0x028ce990, 0x028cf240]
Event: 11.714 Thread 0x14ead400  158   !         GameModel.Building::$SWITCH_TABLE$GameModel$BuildingStatus (61 bytes)
Event: 11.714 Thread 0x14ead400 nmethod 158 0x028cfb88 code [0x028cfcb0, 0x028cffcc]
Event: 11.856 Thread 0x14ead400  159   !         java.net.URL::<init> (543 bytes)

GC Heap History (4 events):
Event: 9.300 GC heap before
{Heap before GC invocations=0 (full 0):
 def new generation   total 4928K, used 4416K [0x04800000, 0x04d50000, 0x09d50000)
  eden space 4416K, 100% used [0x04800000, 0x04c50000, 0x04c50000)
  from space 512K,   0% used [0x04c50000, 0x04c50000, 0x04cd0000)
  to   space 512K,   0% used [0x04cd0000, 0x04cd0000, 0x04d50000)
 tenured generation   total 10944K, used 0K [0x09d50000, 0x0a800000, 0x14800000)
   the space 10944K,   0% used [0x09d50000, 0x09d50000, 0x09d50200, 0x0a800000)
 Metaspace       used 2244K, capacity 2728K, committed 2752K, reserved 4480K
Event: 9.302 GC heap after
Heap after GC invocations=1 (full 0):
 def new generation   total 4928K, used 512K [0x04800000, 0x04d50000, 0x09d50000)
  eden space 4416K,   0% used [0x04800000, 0x04800000, 0x04c50000)
  from space 512K, 100% used [0x04cd0000, 0x04d50000, 0x04d50000)
  to   space 512K,   0% used [0x04c50000, 0x04c50000, 0x04cd0000)
 tenured generation   total 10944K, used 90K [0x09d50000, 0x0a800000, 0x14800000)
   the space 10944K,   0% used [0x09d50000, 0x09d66ac8, 0x09d66c00, 0x0a800000)
 Metaspace       used 2244K, capacity 2728K, committed 2752K, reserved 4480K
}
Event: 11.133 GC heap before
{Heap before GC invocations=1 (full 0):
 def new generation   total 4928K, used 4928K [0x04800000, 0x04d50000, 0x09d50000)
  eden space 4416K, 100% used [0x04800000, 0x04c50000, 0x04c50000)
  from space 512K, 100% used [0x04cd0000, 0x04d50000, 0x04d50000)
  to   space 512K,   0% used [0x04c50000, 0x04c50000, 0x04cd0000)
 tenured generation   total 10944K, used 90K [0x09d50000, 0x0a800000, 0x14800000)
   the space 10944K,   0% used [0x09d50000, 0x09d66ac8, 0x09d66c00, 0x0a800000)
 Metaspace       used 2245K, capacity 2728K, committed 2752K, reserved 4480K
Event: 11.134 GC heap after
Heap after GC invocations=2 (full 0):
 def new generation   total 4928K, used 4K [0x04800000, 0x04d50000, 0x09d50000)
  eden space 4416K,   0% used [0x04800000, 0x04800000, 0x04c50000)
  from space 512K,   0% used [0x04c50000, 0x04c511e0, 0x04cd0000)
  to   space 512K,   0% used [0x04cd0000, 0x04cd0000, 0x04d50000)
 tenured generation   total 10944K, used 508K [0x09d50000, 0x0a800000, 0x14800000)
   the space 10944K,   4% used [0x09d50000, 0x09dcf200, 0x09dcf200, 0x0a800000)
 Metaspace       used 2245K, capacity 2728K, committed 2752K, reserved 4480K
}

Deoptimization events (0 events):
No events

Internal exceptions (10 events):
Event: 11.024 Thread 0x0200d400 Implicit null exception at 0x028c9884 to 0x028c9b7b
Event: 11.024 Thread 0x0200d400 Exception <a 'java/lang/NullPointerException'> (0x04c119a0) thrown at [C:\workspace\8-2-build-windows-i586-cygwin\jdk8u77\6540\hotspot\src\share\vm\runtime\sharedRuntime.cpp, line 605]
Event: 11.024 Thread 0x0200d400 Implicit null exception at 0x028c9884 to 0x028c9b7b
Event: 11.024 Thread 0x0200d400 Exception <a 'java/lang/NullPointerException'> (0x04c11ec0) thrown at [C:\workspace\8-2-build-windows-i586-cygwin\jdk8u77\6540\hotspot\src\share\vm\runtime\sharedRuntime.cpp, line 605]
Event: 11.025 Thread 0x0200d400 Implicit null exception at 0x028c9884 to 0x028c9b7b
Event: 11.025 Thread 0x0200d400 Exception <a 'java/lang/NullPointerException'> (0x04c123e0) thrown at [C:\workspace\8-2-build-windows-i586-cygwin\jdk8u77\6540\hotspot\src\share\vm\runtime\sharedRuntime.cpp, line 605]
Event: 11.026 Thread 0x0200d400 Implicit null exception at 0x028c9884 to 0x028c9b7b
Event: 11.026 Thread 0x0200d400 Exception <a 'java/lang/NullPointerException'> (0x04c12900) thrown at [C:\workspace\8-2-build-windows-i586-cygwin\jdk8u77\6540\hotspot\src\share\vm\runtime\sharedRuntime.cpp, line 605]
Event: 11.026 Thread 0x0200d400 Implicit null exception at 0x028c9884 to 0x028c9b7b
Event: 11.026 Thread 0x0200d400 Exception <a 'java/lang/NullPointerException'> (0x04c12e20) thrown at [C:\workspace\8-2-build-windows-i586-cygwin\jdk8u77\6540\hotspot\src\share\vm\runtime\sharedRuntime.cpp, line 605]

Events (10 events):
Event: 11.587 loading class Orders/TrainingOrderStatus
Event: 11.587 loading class Orders/TrainingOrderStatus done
Event: 11.855 loading class GameModel/Squad
Event: 11.855 loading class GameModel/Squad done
Event: 11.856 loading class GameModel/CombatUnit
Event: 11.856 loading class GameModel/CombatUnit done
Event: 11.856 loading class GameModel/CombatUnitStatus
Event: 11.856 loading class GameModel/CombatUnitStatus done
Event: 11.856 loading class GameModel/SquadStatus
Event: 11.856 loading class GameModel/SquadStatus done


Dynamic libraries:
0x002b0000 - 0x002e3000 	C:\Program Files (x86)\Java\jdk1.8.0_77\bin\javaw.exe
0x77a80000 - 0x77c00000 	C:\Windows\SysWOW64\ntdll.dll
0x76630000 - 0x76740000 	C:\Windows\syswow64\kernel32.dll
0x76770000 - 0x767b7000 	C:\Windows\syswow64\KERNELBASE.dll
0x76010000 - 0x760b1000 	C:\Windows\syswow64\ADVAPI32.dll
0x756a0000 - 0x7574c000 	C:\Windows\syswow64\msvcrt.dll
0x75670000 - 0x75689000 	C:\Windows\SysWOW64\sechost.dll
0x76540000 - 0x76630000 	C:\Windows\syswow64\RPCRT4.dll
0x753d0000 - 0x75430000 	C:\Windows\syswow64\SspiCli.dll
0x753c0000 - 0x753cc000 	C:\Windows\syswow64\CRYPTBASE.dll
0x76440000 - 0x76540000 	C:\Windows\syswow64\USER32.dll
0x767e0000 - 0x76870000 	C:\Windows\syswow64\GDI32.dll
0x760c0000 - 0x760ca000 	C:\Windows\syswow64\LPK.dll
0x76180000 - 0x7621d000 	C:\Windows\syswow64\USP10.dll
0x6f5d0000 - 0x6f76e000 	C:\Windows\WinSxS\x86_microsoft.windows.common-controls_6595b64144ccf1df_6.0.7601.18837_none_41e855142bd5705d\COMCTL32.dll
0x76220000 - 0x76277000 	C:\Windows\syswow64\SHLWAPI.dll
0x760e0000 - 0x76140000 	C:\Windows\system32\IMM32.DLL
0x75750000 - 0x7581c000 	C:\Windows\syswow64\MSCTF.dll
0x6dd10000 - 0x6ddcf000 	C:\Program Files (x86)\Java\jdk1.8.0_77\jre\bin\msvcr100.dll
0x631e0000 - 0x635a8000 	C:\Program Files (x86)\Java\jdk1.8.0_77\jre\bin\client\jvm.dll
0x743b0000 - 0x743b7000 	C:\Windows\system32\WSOCK32.dll
0x76880000 - 0x768b5000 	C:\Windows\syswow64\WS2_32.dll
0x767d0000 - 0x767d6000 	C:\Windows\syswow64\NSI.dll
0x744c0000 - 0x744f2000 	C:\Windows\system32\WINMM.dll
0x752f0000 - 0x752f9000 	C:\Windows\system32\VERSION.dll
0x769a0000 - 0x769a5000 	C:\Windows\syswow64\PSAPI.DLL
0x70170000 - 0x7017c000 	C:\Program Files (x86)\Java\jdk1.8.0_77\jre\bin\verify.dll
0x6fa30000 - 0x6fa51000 	C:\Program Files (x86)\Java\jdk1.8.0_77\jre\bin\java.dll
0x70030000 - 0x70043000 	C:\Program Files (x86)\Java\jdk1.8.0_77\jre\bin\zip.dll
0x769b0000 - 0x775fb000 	C:\Windows\syswow64\SHELL32.dll
0x75ea0000 - 0x75ffd000 	C:\Windows\syswow64\ole32.dll
0x76170000 - 0x7617b000 	C:\Windows\syswow64\profapi.dll
0x65c20000 - 0x65e89000 	G:\Thomas Cook Thesis\CraftPlannerFinal\LGOAPCraft\bwapi_bridge2_4.dll
0x70930000 - 0x709a1000 	C:\Windows\system32\MSVCP120.dll
0x6f040000 - 0x6f12e000 	C:\Windows\system32\MSVCR120.dll
0x6acc0000 - 0x6ad27000 	G:\Thomas Cook Thesis\CraftPlannerFinal\LGOAPCraft\libgmp-10.dll
0x6f540000 - 0x6f59e000 	G:\Thomas Cook Thesis\CraftPlannerFinal\LGOAPCraft\libmpfr-4.dll
0x64750000 - 0x6483b000 	C:\Windows\system32\dbghelp.dll

VM Arguments:
jvm_args: -Dfile.encoding=Cp1252 
java_command: Managers.GameManager
java_class_path (initial): G:\Thomas Cook Thesis\CraftPlannerFinal\LGOAPCraft\bin;G:\Thomas Cook Thesis\CraftPlannerFinal\LGOAP\bin;G:\Thomas Cook Thesis\CraftPlannerFinal\LGOAPCraft\lib\bwmirror_v2_4.jar
Launcher Type: SUN_STANDARD

Environment Variables:
PATH=C:/Program Files/Java/jre1.8.0_77/bin/server;C:/Program Files/Java/jre1.8.0_77/bin;C:/Program Files/Java/jre1.8.0_77/lib/amd64;C:\ProgramData\Oracle\Java\javapath;G:\Sony\usr\local\cell\host-win32\spu\bin;G:\Sony\usr\local\cell\host-win32\ppu\bin;G:\Sony\usr\local\cell\host-win32\bin;G:\Sony\usr\local\cell\host-win32\Cg\bin;C:\Program Files (x86)\SN Systems\Common\VSI\bin;C:\Program Files (x86)\SN Systems\PS3\bin;G:\Sony\usr\local\cell\host-win32\sn\bin;C:\Windows\system32;C:\Windows;C:\Windows\System32\Wbem;C:\Program Files (x86)\Microsoft Application Virtualization Client;C:\Windows\System32\WindowsPowerShell\v1.0\;C:\Windows\System32\WindowsPowerShell\v1.0\;c:\Program Files (x86)\Microsoft SQL Server\100\Tools\Binn\;c:\Program Files\Microsoft SQL Server\100\Tools\Binn\;c:\Program Files\Microsoft SQL Server\100\DTS\Binn\;C:\Program Files (x86)\QuickTime\QTSystem\;C:\Program Files (x86)\Windows Kits\8.1\Windows Performance Toolkit\;C:\Program Files\Microsoft SQL Server\110\Tools\Binn\;C:\Program Files (x86)\Microsoft SDKs\TypeScript\1.0\;c:\Program Files (x86)\Microsoft SQL Server\90\Tools\binn\;C:\Program Files (x86)\NVIDIA Corporation\PhysX\Common;G:\Thomas Cook Thesis\eclipse;
USERNAME=cmzero1
OS=Windows_NT
PROCESSOR_IDENTIFIER=Intel64 Family 6 Model 60 Stepping 3, GenuineIntel



---------------  S Y S T E M  ---------------

OS: Windows 7 , 64 bit Build 7601 (6.1.7601.23392)

CPU:total 8 (4 cores per cpu, 2 threads per core) family 6 model 60 stepping 3, cmov, cx8, fxsr, mmx, sse, sse2, sse3, ssse3, sse4.1, sse4.2, popcnt, avx, avx2, aes, clmul, erms, rtm, lzcnt, ht, tsc, tscinvbit, bmi1, bmi2

Memory: 4k page, physical 16686628k(12254104k free), swap 33371400k(27379224k free)

vm_info: Java HotSpot(TM) Client VM (25.77-b03) for windows-x86 JRE (1.8.0_77-b03), built on Mar 20 2016 22:00:03 by "java_re" with MS VC++ 10.0 (VS2010)

time: Fri Apr 22 12:50:26 2016
elapsed time: 11 seconds (0d 0h 0m 11s)

