#
# A fatal error has been detected by the Java Runtime Environment:
#
#  EXCEPTION_ACCESS_VIOLATION (0xc0000005) at pc=0x545c54bb, pid=4880, tid=1172
#
# JRE version: Java(TM) SE Runtime Environment (7.0_79-b15) (build 1.7.0_79-b15)
# Java VM: Java HotSpot(TM) Client VM (24.79-b02 mixed mode, sharing windows-x86 )
# Problematic frame:
# V  [jvm.dll+0xc54bb]
#
# Failed to write core dump. Minidumps are not enabled by default on client versions of Windows
#
# If you would like to submit a bug report, please visit:
#   http://bugreport.java.com/bugreport/crash.jsp
#

---------------  T H R E A D  ---------------

Current thread (0x0070c800):  JavaThread "main" [_thread_in_vm, id=1172, stack(0x006b0000,0x00700000)]

siginfo: ExceptionCode=0xc0000005, reading address 0x00000000

Registers:
EAX=0x00000000, EBX=0x54260278, ECX=0x00000000, EDX=0x00000001
ESP=0x006fdc3c, EBP=0x006fdc58, ESI=0x0070c930, EDI=0x0070c800
EIP=0x545c54bb, EFLAGS=0x00010246

Top of Stack: (sp=0x006fdc3c)
0x006fdc3c:   00000000 0070c930 54260278 0070c800
0x006fdc4c:   00000000 0070c800 0070c930 006fdca8
0x006fdc5c:   540ec8d5 0070c930 00000000 00700079
0x006fdc6c:   0070c930 54260278 540ec8a7 00000001
0x006fdc7c:   0000000f ffff0049 006fdca8 540ec883
0x006fdc8c:   0070c930 00000001 0000000f 0070c800
0x006fdc9c:   342455c0 342455c0 0070c930 006fdcec
0x006fdcac:   021faabd 0070c930 006fdd0c 06d65250 

Instructions: (pc=0x545c54bb)
0x545c549b:   f3 ff 83 c4 08 83 7f 04 00 89 7d f0 c7 45 f4 00
0x545c54ab:   00 00 00 74 08 8d 4d f0 e8 a8 a6 0c 00 8b 45 0c
0x545c54bb:   8b 08 8b 51 04 8b 42 40 50 56 e8 26 df 07 00 83
0x545c54cb:   c4 08 83 7d f4 00 89 45 08 74 08 8d 4d f0 e8 c2 


Register to memory mapping:

EAX=0x00000000 is an unknown value
EBX=0x54260278 is an unknown value
ECX=0x00000000 is an unknown value
EDX=0x00000001 is an unknown value
ESP=0x006fdc3c is pointing into the stack for thread: 0x0070c800
EBP=0x006fdc58 is pointing into the stack for thread: 0x0070c800
ESI=0x0070c930 is an unknown value
EDI=0x0070c800 is a thread


Stack: [0x006b0000,0x00700000],  sp=0x006fdc3c,  free space=311k
Native frames: (J=compiled Java code, j=interpreted, Vv=VM code, C=native code)
V  [jvm.dll+0xc54bb]
C  [bwapi_bridge2_4.dll+0x7c8d5]
j  bwapi.Unit.build_native(JLbwapi/UnitType;Lbwapi/TilePosition;)Z+0
j  bwapi.Unit.build(Lbwapi/UnitType;Lbwapi/TilePosition;)Z+7
j  Orders.BuildOrder.update()V+108
J 51 C1 GameModel.Worker.update(LCraftPlanner/CraftPlannerBlackboard;)V (445 bytes) @ 0x0228d3ac [0x0228ce40+0x56c]
J 62 C1 Actuators.WorkerActuator.update()V (54 bytes) @ 0x02290a78 [0x022909d0+0xa8]
J 118 C1 CraftPlanner.CraftPlanner.update()V (78 bytes) @ 0x022a5b70 [0x022a5b10+0x60]
J 105 C1 Managers.GameManager.onFrame()V (56 bytes) @ 0x0229caf8 [0x0229c8d0+0x228]
J 104 C1 bwapi.AIModule.onFrame()V (17 bytes) @ 0x0229c684 [0x0229c650+0x34]
v  ~StubRoutines::call_stub
V  [jvm.dll+0x14234a]
V  [jvm.dll+0x206ebe]
V  [jvm.dll+0x1423cd]
V  [jvm.dll+0xcb5c2]
V  [jvm.dll+0xcf213]
C  [bwapi_bridge2_4.dll+0x40e6d]
C  [bwapi_bridge2_4.dll+0x699d0]
j  bwapi.Mirror.startGame()V+0
j  Managers.GameManager.<init>()V+30
j  Managers.GameManager.main([Ljava/lang/String;)V+4
v  ~StubRoutines::call_stub
V  [jvm.dll+0x14234a]
V  [jvm.dll+0x206ebe]
V  [jvm.dll+0x1423cd]
V  [jvm.dll+0xcb345]
V  [jvm.dll+0xd5ff7]
C  [javaw.exe+0x2070]
C  [javaw.exe+0xa601]
C  [javaw.exe+0xa68b]
C  [KERNEL32.DLL+0x138f4]
C  [ntdll.dll+0x65de3]
C  [ntdll.dll+0x65dae]

Java frames: (J=compiled Java code, j=interpreted, Vv=VM code)
j  bwapi.Unit.build_native(JLbwapi/UnitType;Lbwapi/TilePosition;)Z+0
j  bwapi.Unit.build(Lbwapi/UnitType;Lbwapi/TilePosition;)Z+7
j  Orders.BuildOrder.update()V+108
J 51 C1 GameModel.Worker.update(LCraftPlanner/CraftPlannerBlackboard;)V (445 bytes) @ 0x0228d3ac [0x0228ce40+0x56c]
J 62 C1 Actuators.WorkerActuator.update()V (54 bytes) @ 0x02290a78 [0x022909d0+0xa8]
J 118 C1 CraftPlanner.CraftPlanner.update()V (78 bytes) @ 0x022a5b70 [0x022a5b10+0x60]
J 105 C1 Managers.GameManager.onFrame()V (56 bytes) @ 0x0229caf8 [0x0229c8d0+0x228]
J 104 C1 bwapi.AIModule.onFrame()V (17 bytes) @ 0x0229c684 [0x0229c650+0x34]
v  ~StubRoutines::call_stub
j  bwapi.Mirror.startGame()V+0
j  Managers.GameManager.<init>()V+30
j  Managers.GameManager.main([Ljava/lang/String;)V+4
v  ~StubRoutines::call_stub

---------------  P R O C E S S  ---------------

Java Threads: ( => current thread )
  0x02090c00 JavaThread "Service Thread" daemon [_thread_blocked, id=2892, stack(0x04600000,0x04650000)]
  0x02084800 JavaThread "C1 CompilerThread0" daemon [_thread_blocked, id=9812, stack(0x04570000,0x045c0000)]
  0x02083400 JavaThread "Attach Listener" daemon [_thread_blocked, id=7840, stack(0x044e0000,0x04530000)]
  0x02017c00 JavaThread "Signal Dispatcher" daemon [_thread_blocked, id=11324, stack(0x04450000,0x044a0000)]
  0x02014800 JavaThread "Finalizer" daemon [_thread_blocked, id=6856, stack(0x043c0000,0x04410000)]
  0x0200f400 JavaThread "Reference Handler" daemon [_thread_blocked, id=1488, stack(0x04330000,0x04380000)]
=>0x0070c800 JavaThread "main" [_thread_in_vm, id=1172, stack(0x006b0000,0x00700000)]

Other Threads:
  0x0200e000 VMThread [stack: 0x042a0000,0x042f0000] [id=5868]
  0x020a2c00 WatcherThread [stack: 0x04690000,0x046e0000] [id=11040]

VM state:not at safepoint (normal execution)

VM Mutex/Monitor currently owned by a thread: None

Heap
 def new generation   total 4928K, used 529K [0x24200000, 0x24750000, 0x29750000)
  eden space 4416K,   1% used [0x24200000, 0x2420eb40, 0x24650000)
  from space 512K,  91% used [0x246d0000, 0x24745a68, 0x24750000)
  to   space 512K,   0% used [0x24650000, 0x24650000, 0x246d0000)
 tenured generation   total 10944K, used 0K [0x29750000, 0x2a200000, 0x34200000)
   the space 10944K,   0% used [0x29750000, 0x29750000, 0x29750200, 0x2a200000)
 compacting perm gen  total 12288K, used 705K [0x34200000, 0x34e00000, 0x38200000)
   the space 12288K,   5% used [0x34200000, 0x342b0568, 0x342b0600, 0x34e00000)
    ro space 10240K,  42% used [0x38200000, 0x38636058, 0x38636200, 0x38c00000)
    rw space 12288K,  51% used [0x38c00000, 0x3923bdb0, 0x3923be00, 0x39800000)

Card table byte_map: [0x020f0000,0x021a0000] byte_map_base: 0x01fcf000

Polling page: 0x00710000

Code Cache  [0x021f0000, 0x022b0000, 0x041f0000)
 total_blobs=282 nmethods=145 adapters=74 free_code_cache=32002Kb largest_free_block=32770624

Compilation events (10 events):
Event: 10.418 Thread 0x02084800  139             bwapi.Game::mapHeight (9 bytes)
Event: 10.418 Thread 0x02084800 nmethod 139 0x022ae888 code [0x022ae980, 0x022aea1c]
Event: 10.418 Thread 0x02084800  141             bwapi.AbstractPoint::<init> (5 bytes)
Event: 10.418 Thread 0x02084800 nmethod 141 0x022aea88 code [0x022aeb80, 0x022aec00]
Event: 10.418 Thread 0x02084800  142             bwapi.TilePosition::<init> (15 bytes)
Event: 10.418 Thread 0x02084800 nmethod 142 0x022aec48 code [0x022aed40, 0x022aedc0]
Event: 10.419 Thread 0x02084800  143             GameModel.Base::canBuildHere (27 bytes)
Event: 10.419 Thread 0x02084800 nmethod 143 0x022af0c8 code [0x022af1e0, 0x022af2f8]
Event: 10.419 Thread 0x02084800  144             bwapi.Game::canBuildHere (12 bytes)
Event: 10.419 Thread 0x02084800 nmethod 144 0x022af3c8 code [0x022af4c0, 0x022af56c]

GC Heap History (2 events):
Event: 10.420 GC heap before
{Heap before GC invocations=0 (full 0):
 def new generation   total 4928K, used 4415K [0x24200000, 0x24750000, 0x29750000)
  eden space 4416K,  99% used [0x24200000, 0x2464fff0, 0x24650000)
  from space 512K,   0% used [0x24650000, 0x24650000, 0x246d0000)
  to   space 512K,   0% used [0x246d0000, 0x246d0000, 0x24750000)
 tenured generation   total 10944K, used 0K [0x29750000, 0x2a200000, 0x34200000)
   the space 10944K,   0% used [0x29750000, 0x29750000, 0x29750200, 0x2a200000)
 compacting perm gen  total 12288K, used 705K [0x34200000, 0x34e00000, 0x38200000)
   the space 12288K,   5% used [0x34200000, 0x342b0568, 0x342b0600, 0x34e00000)
    ro space 10240K,  42% used [0x38200000, 0x38636058, 0x38636200, 0x38c00000)
    rw space 12288K,  51% used [0x38c00000, 0x3923bdb0, 0x3923be00, 0x39800000)
Event: 10.421 GC heap after
Heap after GC invocations=1 (full 0):
 def new generation   total 4928K, used 470K [0x24200000, 0x24750000, 0x29750000)
  eden space 4416K,   0% used [0x24200000, 0x24200000, 0x24650000)
  from space 512K,  91% used [0x246d0000, 0x24745a68, 0x24750000)
  to   space 512K,   0% used [0x24650000, 0x24650000, 0x246d0000)
 tenured generation   total 10944K, used 0K [0x29750000, 0x2a200000, 0x34200000)
   the space 10944K,   0% used [0x29750000, 0x29750000, 0x29750200, 0x2a200000)
 compacting perm gen  total 12288K, used 705K [0x34200000, 0x34e00000, 0x38200000)
   the space 12288K,   5% used [0x34200000, 0x342b0568, 0x342b0600, 0x34e00000)
    ro space 10240K,  42% used [0x38200000, 0x38636058, 0x38636200, 0x38c00000)
    rw space 12288K,  51% used [0x38c00000, 0x3923bdb0, 0x3923be00, 0x39800000)
}

Deoptimization events (0 events):
No events

Internal exceptions (10 events):
Event: 9.857 Thread 0x0070c800 Threw 0x24565ad0 at C:\re\jdk7u79\2331\hotspot\src\share\vm\interpreter\linkResolver.cpp:892
Event: 9.858 Thread 0x0070c800 Threw 0x24565f88 at C:\re\jdk7u79\2331\hotspot\src\share\vm\interpreter\linkResolver.cpp:892
Event: 9.859 Thread 0x0070c800 Threw 0x24566440 at C:\re\jdk7u79\2331\hotspot\src\share\vm\interpreter\linkResolver.cpp:892
Event: 9.859 Thread 0x0070c800 Threw 0x245668f8 at C:\re\jdk7u79\2331\hotspot\src\share\vm\interpreter\linkResolver.cpp:892
Event: 9.860 Thread 0x0070c800 Threw 0x24566db0 at C:\re\jdk7u79\2331\hotspot\src\share\vm\interpreter\linkResolver.cpp:892
Event: 9.861 Thread 0x0070c800 Threw 0x24567268 at C:\re\jdk7u79\2331\hotspot\src\share\vm\interpreter\linkResolver.cpp:892
Event: 9.862 Thread 0x0070c800 Threw 0x24567720 at C:\re\jdk7u79\2331\hotspot\src\share\vm\interpreter\linkResolver.cpp:892
Event: 9.862 Thread 0x0070c800 Threw 0x24567bd8 at C:\re\jdk7u79\2331\hotspot\src\share\vm\interpreter\linkResolver.cpp:892
Event: 9.863 Thread 0x0070c800 Threw 0x24568090 at C:\re\jdk7u79\2331\hotspot\src\share\vm\interpreter\linkResolver.cpp:892
Event: 9.864 Thread 0x0070c800 Threw 0x24568548 at C:\re\jdk7u79\2331\hotspot\src\share\vm\interpreter\linkResolver.cpp:892

Events (10 events):
Event: 10.422 Executing VM operation: RevokeBias
Event: 10.422 Executing VM operation: RevokeBias done
Event: 10.422 Executing VM operation: RevokeBias
Event: 10.422 Executing VM operation: RevokeBias done
Event: 10.422 Executing VM operation: BulkRevokeBias
Event: 10.422 Executing VM operation: BulkRevokeBias done
Event: 10.422 Executing VM operation: RevokeBias
Event: 10.422 Executing VM operation: RevokeBias done
Event: 10.423 Executing VM operation: BulkRevokeBias
Event: 10.423 Executing VM operation: BulkRevokeBias done


Dynamic libraries:
0x00290000 - 0x002bf000 	C:\Program Files (x86)\Java\jre7\bin\javaw.exe
0x77af0000 - 0x77c6b000 	C:\WINDOWS\SYSTEM32\ntdll.dll
0x74820000 - 0x74900000 	C:\WINDOWS\SYSTEM32\KERNEL32.DLL
0x776c0000 - 0x7783e000 	C:\WINDOWS\SYSTEM32\KERNELBASE.dll
0x76f30000 - 0x76fab000 	C:\WINDOWS\SYSTEM32\ADVAPI32.dll
0x76560000 - 0x7661e000 	C:\WINDOWS\SYSTEM32\msvcrt.dll
0x76620000 - 0x76664000 	C:\WINDOWS\SYSTEM32\sechost.dll
0x76210000 - 0x762bd000 	C:\WINDOWS\SYSTEM32\RPCRT4.dll
0x74800000 - 0x7481e000 	C:\WINDOWS\SYSTEM32\SspiCli.dll
0x747f0000 - 0x747fa000 	C:\WINDOWS\SYSTEM32\CRYPTBASE.dll
0x761b0000 - 0x76208000 	C:\WINDOWS\SYSTEM32\bcryptPrimitives.dll
0x75d60000 - 0x75ea7000 	C:\WINDOWS\SYSTEM32\USER32.dll
0x77010000 - 0x7715f000 	C:\WINDOWS\SYSTEM32\GDI32.dll
0x738e0000 - 0x73aef000 	C:\WINDOWS\WinSxS\x86_microsoft.windows.common-controls_6595b64144ccf1df_6.0.10586.0_none_d3c2e4e965da4528\COMCTL32.dll
0x76d70000 - 0x76f2d000 	C:\WINDOWS\SYSTEM32\combase.dll
0x75f20000 - 0x75f4b000 	C:\WINDOWS\SYSTEM32\IMM32.DLL
0x586b0000 - 0x5876f000 	C:\Program Files (x86)\Java\jre7\bin\msvcr100.dll
0x54500000 - 0x54889000 	C:\Program Files (x86)\Java\jre7\bin\client\jvm.dll
0x760d0000 - 0x760d6000 	C:\WINDOWS\SYSTEM32\PSAPI.DLL
0x73ff0000 - 0x73ff8000 	C:\WINDOWS\SYSTEM32\WSOCK32.dll
0x738b0000 - 0x738d4000 	C:\WINDOWS\SYSTEM32\WINMM.dll
0x76fb0000 - 0x7700f000 	C:\WINDOWS\SYSTEM32\WS2_32.dll
0x72bd0000 - 0x72bf3000 	C:\WINDOWS\SYSTEM32\WINMMBASE.dll
0x77900000 - 0x77937000 	C:\WINDOWS\SYSTEM32\cfgmgr32.dll
0x6b1d0000 - 0x6b1dc000 	C:\Program Files (x86)\Java\jre7\bin\verify.dll
0x6b1b0000 - 0x6b1d0000 	C:\Program Files (x86)\Java\jre7\bin\java.dll
0x6b190000 - 0x6b1a3000 	C:\Program Files (x86)\Java\jre7\bin\zip.dll
0x54070000 - 0x542d9000 	C:\Users\ShottyMonsta\Desktop\CraftPlannerFinal\LGOAPCraft\bwapi_bridge2_4.dll
0x53f80000 - 0x5406e000 	C:\WINDOWS\SYSTEM32\MSVCR120.dll
0x58630000 - 0x586a1000 	C:\WINDOWS\SYSTEM32\MSVCP120.dll
0x6acc0000 - 0x6ad27000 	C:\Users\ShottyMonsta\Desktop\CraftPlannerFinal\LGOAPCraft\libgmp-10.dll
0x6f540000 - 0x6f59e000 	C:\Users\ShottyMonsta\Desktop\CraftPlannerFinal\LGOAPCraft\libmpfr-4.dll
0x69a90000 - 0x69bcf000 	C:\WINDOWS\SYSTEM32\dbghelp.dll

VM Arguments:
jvm_args: -Dfile.encoding=Cp1252 
java_command: Managers.GameManager
Launcher Type: SUN_STANDARD

Environment Variables:
PATH=C:/Program Files (x86)/Java/jre7/bin/client;C:/Program Files (x86)/Java/jre7/bin;C:/Program Files (x86)/Java/jre7/lib/i386;C:\WINDOWS\system32;C:\WINDOWS;C:\WINDOWS\system32\wbem;C:\Program Files\Common Files\Microsoft Shared\Windows Live;C:\Program Files (x86)\Common Files\Microsoft Shared\Windows Live;C:\Program Files (x86)\Intel\iCLS Client;C:\Program Files\Intel\iCLS Client;C:\Windows\System32\WindowsPowerShell\v1.0;C:\Program Files\Intel\Intel(R) Management Engine Components\DAL;C:\Program Files\Intel\Intel(R) Management Engine Components\IPT;C:\Program Files (x86)\Intel\Intel(R) Management Engine Components\DAL;C:\Program Files (x86)\Intel\Intel(R) Management Engine Components\IPT;C:\Program Files\Common Files\Autodesk Shared;C:\Program Files\Microsoft SQL Server\110\Tools\Binn;C:\Program Files (x86)\Java\jdk1.7.0_40\bin;C:\Program Files (x86)\nodejs\\bin;C:\Users\ShottyMonsta\AppData\Local\Smartbar\Application;C:\Program Files (x86)\Windows Live\Shared;C:\Program Files (x86)\Autodesk\Backburner;C:\Program Files (x86)\Skype\Phone;C:\Program Files (x86)\Windows Kits\8.1\Windows Performance Toolkit;C:\Program Files\doxygen\bin;C:\WINDOWS\System32\Wbem;C:\WINDOWS\System32\WindowsPowerShell\v1.0\;C:\Program Files (x86)\Skype\Phone\;C:\Program Files\Common Files\Autodesk Shared\;C:\Program Files (x86)\NVIDIA Corporation\PhysX\Common;C:\WINDOWS\system32\config\systemprofile\.dnx\bin;C:\Program Files\Microsoft DNX\Dnvm\;C:\Program Files (x86)\Windows Kits\8.1\Windows Performance Toolkit\;C:\Users\ShottyMonsta\eclipse\java-mars\eclipse;
USERNAME=ShottyMonsta
OS=Windows_NT
PROCESSOR_IDENTIFIER=Intel64 Family 6 Model 58 Stepping 9, GenuineIntel



---------------  S Y S T E M  ---------------

OS: Windows 8.1 , 64 bit Build 9600 

CPU:total 8 (4 cores per cpu, 2 threads per core) family 6 model 58 stepping 9, cmov, cx8, fxsr, mmx, sse, sse2, sse3, ssse3, sse4.1, sse4.2, popcnt, avx, aes, erms, ht, tsc, tscinvbit, tscinv

Memory: 4k page, physical 16720292k(12072904k free), swap 33497508k(27852616k free)

vm_info: Java HotSpot(TM) Client VM (24.79-b02) for windows-x86 JRE (1.7.0_79-b15), built on Apr 10 2015 16:49:13 by "java_re" with unknown MS VC++:1600

time: Thu Apr 14 11:38:10 2016
elapsed time: 10 seconds

