#
# A fatal error has been detected by the Java Runtime Environment:
#
#  EXCEPTION_ACCESS_VIOLATION (0xc0000005) at pc=0x5c5f54bb, pid=10036, tid=6628
#
# JRE version: Java(TM) SE Runtime Environment (7.0_79-b15) (build 1.7.0_79-b15)
# Java VM: Java HotSpot(TM) Client VM (24.79-b02 mixed mode, sharing windows-x86 )
# Problematic frame:
# V  [jvm.dll+0xc54bb]
#
# Failed to write core dump. Minidumps are not enabled by default on client versions of Windows
#
# If you would like to submit a bug report, please visit:
#   http://bugreport.java.com/bugreport/crash.jsp
#

---------------  T H R E A D  ---------------

Current thread (0x0236c800):  JavaThread "main" [_thread_in_vm, id=6628, stack(0x00620000,0x00670000)]

siginfo: ExceptionCode=0xc0000005, reading address 0x00000000

Registers:
EAX=0x00000000, EBX=0x5c4b0278, ECX=0x00000000, EDX=0x00000001
ESP=0x0066debc, EBP=0x0066ded8, ESI=0x0236c930, EDI=0x0236c800
EIP=0x5c5f54bb, EFLAGS=0x00010246

Top of Stack: (sp=0x0066debc)
0x0066debc:   00000000 0236c930 5c4b0278 0236c800
0x0066decc:   00000000 0236c800 0236c930 0066df28
0x0066dedc:   5c33c8d5 0236c930 00000000 02360079
0x0066deec:   0236c930 5c4b0278 5c33c8a7 00000001
0x0066defc:   0000000f ffff0049 0066df28 5c33c883
0x0066df0c:   0236c930 00000001 0000000f 0236c800
0x0066df1c:   34245538 34245538 0236c930 0066df6c
0x0066df2c:   0237aabd 0236c930 0066df8c 06da9020 

Instructions: (pc=0x5c5f54bb)
0x5c5f549b:   f3 ff 83 c4 08 83 7f 04 00 89 7d f0 c7 45 f4 00
0x5c5f54ab:   00 00 00 74 08 8d 4d f0 e8 a8 a6 0c 00 8b 45 0c
0x5c5f54bb:   8b 08 8b 51 04 8b 42 40 50 56 e8 26 df 07 00 83
0x5c5f54cb:   c4 08 83 7d f4 00 89 45 08 74 08 8d 4d f0 e8 c2 


Register to memory mapping:

EAX=0x00000000 is an unknown value
EBX=0x5c4b0278 is an unknown value
ECX=0x00000000 is an unknown value
EDX=0x00000001 is an unknown value
ESP=0x0066debc is pointing into the stack for thread: 0x0236c800
EBP=0x0066ded8 is pointing into the stack for thread: 0x0236c800
ESI=0x0236c930 is an unknown value
EDI=0x0236c800 is a thread


Stack: [0x00620000,0x00670000],  sp=0x0066debc,  free space=311k
Native frames: (J=compiled Java code, j=interpreted, Vv=VM code, C=native code)
V  [jvm.dll+0xc54bb]
C  [bwapi_bridge2_4.dll+0x7c8d5]
j  bwapi.Unit.build_native(JLbwapi/UnitType;Lbwapi/TilePosition;)Z+0
j  bwapi.Unit.build(Lbwapi/UnitType;Lbwapi/TilePosition;)Z+7
j  Orders.BuildOrder.update()V+108
J 55 C1 GameModel.Worker.update(LCraftPlanner/CraftPlannerBlackboard;)V (445 bytes) @ 0x0240e96c [0x0240e400+0x56c]
J 73 C1 Actuators.WorkerActuator.update()V (54 bytes) @ 0x02412df8 [0x02412d50+0xa8]
J 139 C1 CraftPlanner.CraftPlanner.update()V (88 bytes) @ 0x02420388 [0x02420320+0x68]
J 130 C1 Managers.GameManager.onFrame()V (56 bytes) @ 0x0241f3f8 [0x0241f1d0+0x228]
J 129 C1 bwapi.AIModule.onFrame()V (17 bytes) @ 0x0241ef84 [0x0241ef50+0x34]
v  ~StubRoutines::call_stub
V  [jvm.dll+0x14234a]
V  [jvm.dll+0x206ebe]
V  [jvm.dll+0x1423cd]
V  [jvm.dll+0xcb5c2]
V  [jvm.dll+0xcf213]
C  [bwapi_bridge2_4.dll+0x40e6d]
C  [bwapi_bridge2_4.dll+0x699d0]
j  bwapi.Mirror.startGame()V+0
j  Managers.GameManager.<init>()V+30
j  Managers.GameManager.main([Ljava/lang/String;)V+4
v  ~StubRoutines::call_stub
V  [jvm.dll+0x14234a]
V  [jvm.dll+0x206ebe]
V  [jvm.dll+0x1423cd]
V  [jvm.dll+0xcb345]
V  [jvm.dll+0xd5ff7]
C  [javaw.exe+0x2070]
C  [javaw.exe+0xa601]
C  [javaw.exe+0xa68b]
C  [KERNEL32.DLL+0x138f4]
C  [ntdll.dll+0x65de3]
C  [ntdll.dll+0x65dae]

Java frames: (J=compiled Java code, j=interpreted, Vv=VM code)
j  bwapi.Unit.build_native(JLbwapi/UnitType;Lbwapi/TilePosition;)Z+0
j  bwapi.Unit.build(Lbwapi/UnitType;Lbwapi/TilePosition;)Z+7
j  Orders.BuildOrder.update()V+108
J 55 C1 GameModel.Worker.update(LCraftPlanner/CraftPlannerBlackboard;)V (445 bytes) @ 0x0240e96c [0x0240e400+0x56c]
J 73 C1 Actuators.WorkerActuator.update()V (54 bytes) @ 0x02412df8 [0x02412d50+0xa8]
J 139 C1 CraftPlanner.CraftPlanner.update()V (88 bytes) @ 0x02420388 [0x02420320+0x68]
J 130 C1 Managers.GameManager.onFrame()V (56 bytes) @ 0x0241f3f8 [0x0241f1d0+0x228]
J 129 C1 bwapi.AIModule.onFrame()V (17 bytes) @ 0x0241ef84 [0x0241ef50+0x34]
v  ~StubRoutines::call_stub
j  bwapi.Mirror.startGame()V+0
j  Managers.GameManager.<init>()V+30
j  Managers.GameManager.main([Ljava/lang/String;)V+4
v  ~StubRoutines::call_stub

---------------  P R O C E S S  ---------------

Java Threads: ( => current thread )
  0x00d20000 JavaThread "Service Thread" daemon [_thread_blocked, id=8128, stack(0x04640000,0x04690000)]
  0x00d14800 JavaThread "C1 CompilerThread0" daemon [_thread_blocked, id=5340, stack(0x045b0000,0x04600000)]
  0x00d13400 JavaThread "Attach Listener" daemon [_thread_blocked, id=7604, stack(0x04520000,0x04570000)]
  0x00d11000 JavaThread "Signal Dispatcher" daemon [_thread_blocked, id=2148, stack(0x04490000,0x044e0000)]
  0x00ca4800 JavaThread "Finalizer" daemon [_thread_blocked, id=9472, stack(0x04400000,0x04450000)]
  0x00c9f400 JavaThread "Reference Handler" daemon [_thread_blocked, id=6876, stack(0x04370000,0x043c0000)]
=>0x0236c800 JavaThread "main" [_thread_in_vm, id=6628, stack(0x00620000,0x00670000)]

Other Threads:
  0x00c9e000 VMThread [stack: 0x022d0000,0x02320000] [id=8644]
  0x00d3a000 WatcherThread [stack: 0x046d0000,0x04720000] [id=11236]

VM state:not at safepoint (normal execution)

VM Mutex/Monitor currently owned by a thread: None

Heap
 def new generation   total 4928K, used 1965K [0x24200000, 0x24750000, 0x29750000)
  eden space 4416K,  33% used [0x24200000, 0x2436cb20, 0x24650000)
  from space 512K,  98% used [0x246d0000, 0x2474e9f0, 0x24750000)
  to   space 512K,   0% used [0x24650000, 0x24650000, 0x246d0000)
 tenured generation   total 10944K, used 0K [0x29750000, 0x2a200000, 0x34200000)
   the space 10944K,   0% used [0x29750000, 0x29750000, 0x29750200, 0x2a200000)
 compacting perm gen  total 12288K, used 712K [0x34200000, 0x34e00000, 0x38200000)
   the space 12288K,   5% used [0x34200000, 0x342b21d8, 0x342b2200, 0x34e00000)
    ro space 10240K,  42% used [0x38200000, 0x38636058, 0x38636200, 0x38c00000)
    rw space 12288K,  51% used [0x38c00000, 0x3923bdb0, 0x3923be00, 0x39800000)

Card table byte_map: [0x021c0000,0x02270000] byte_map_base: 0x0209f000

Polling page: 0x006e0000

Code Cache  [0x02370000, 0x02438000, 0x04370000)
 total_blobs=306 nmethods=169 adapters=74 free_code_cache=31981Kb largest_free_block=32749312

Compilation events (10 events):
Event: 9.207 Thread 0x00d14800  162             java.lang.Enum::ordinal (5 bytes)
Event: 9.208 Thread 0x00d14800 nmethod 162 0x02433688 code [0x02433780, 0x02433800]
Event: 9.451 Thread 0x00d14800  163             bwapi.Game::mapWidth (9 bytes)
Event: 9.451 Thread 0x00d14800 nmethod 163 0x02433ac8 code [0x02433bc0, 0x02433c5c]
Event: 9.453 Thread 0x00d14800  165             bwapi.Game::mapHeight (9 bytes)
Event: 9.453 Thread 0x00d14800 nmethod 165 0x02434208 code [0x02434300, 0x0243439c]
Event: 9.453 Thread 0x00d14800  167             GameModel.Base::canBuildHere (27 bytes)
Event: 9.453 Thread 0x00d14800 nmethod 167 0x02434408 code [0x02434520, 0x02434638]
Event: 9.453 Thread 0x00d14800  168             bwapi.Game::canBuildHere (12 bytes)
Event: 9.453 Thread 0x00d14800 nmethod 168 0x02434708 code [0x02434800, 0x024348ac]

GC Heap History (2 events):
Event: 8.666 GC heap before
{Heap before GC invocations=0 (full 0):
 def new generation   total 4928K, used 4416K [0x24200000, 0x24750000, 0x29750000)
  eden space 4416K, 100% used [0x24200000, 0x24650000, 0x24650000)
  from space 512K,   0% used [0x24650000, 0x24650000, 0x246d0000)
  to   space 512K,   0% used [0x246d0000, 0x246d0000, 0x24750000)
 tenured generation   total 10944K, used 0K [0x29750000, 0x2a200000, 0x34200000)
   the space 10944K,   0% used [0x29750000, 0x29750000, 0x29750200, 0x2a200000)
 compacting perm gen  total 12288K, used 712K [0x34200000, 0x34e00000, 0x38200000)
   the space 12288K,   5% used [0x34200000, 0x342b2198, 0x342b2200, 0x34e00000)
    ro space 10240K,  42% used [0x38200000, 0x38636058, 0x38636200, 0x38c00000)
    rw space 12288K,  51% used [0x38c00000, 0x3923bdb0, 0x3923be00, 0x39800000)
Event: 8.668 GC heap after
Heap after GC invocations=1 (full 0):
 def new generation   total 4928K, used 506K [0x24200000, 0x24750000, 0x29750000)
  eden space 4416K,   0% used [0x24200000, 0x24200000, 0x24650000)
  from space 512K,  98% used [0x246d0000, 0x2474e9f0, 0x24750000)
  to   space 512K,   0% used [0x24650000, 0x24650000, 0x246d0000)
 tenured generation   total 10944K, used 0K [0x29750000, 0x2a200000, 0x34200000)
   the space 10944K,   0% used [0x29750000, 0x29750000, 0x29750200, 0x2a200000)
 compacting perm gen  total 12288K, used 712K [0x34200000, 0x34e00000, 0x38200000)
   the space 12288K,   5% used [0x34200000, 0x342b2198, 0x342b2200, 0x34e00000)
    ro space 10240K,  42% used [0x38200000, 0x38636058, 0x38636200, 0x38c00000)
    rw space 12288K,  51% used [0x38c00000, 0x3923bdb0, 0x3923be00, 0x39800000)
}

Deoptimization events (0 events):
No events

Internal exceptions (10 events):
Event: 8.624 Thread 0x0236c800 Threw 0x24640288 at C:\re\jdk7u79\2331\hotspot\src\share\vm\interpreter\linkResolver.cpp:892
Event: 8.627 Thread 0x0236c800 Threw 0x246406d8 at C:\re\jdk7u79\2331\hotspot\src\share\vm\interpreter\linkResolver.cpp:892
Event: 8.627 Thread 0x0236c800 Threw 0x24640b28 at C:\re\jdk7u79\2331\hotspot\src\share\vm\interpreter\linkResolver.cpp:892
Event: 8.628 Thread 0x0236c800 Threw 0x24640f78 at C:\re\jdk7u79\2331\hotspot\src\share\vm\interpreter\linkResolver.cpp:892
Event: 8.629 Thread 0x0236c800 Threw 0x246413c8 at C:\re\jdk7u79\2331\hotspot\src\share\vm\interpreter\linkResolver.cpp:892
Event: 8.630 Thread 0x0236c800 Threw 0x24641818 at C:\re\jdk7u79\2331\hotspot\src\share\vm\interpreter\linkResolver.cpp:892
Event: 8.631 Thread 0x0236c800 Threw 0x24641c68 at C:\re\jdk7u79\2331\hotspot\src\share\vm\interpreter\linkResolver.cpp:892
Event: 8.632 Thread 0x0236c800 Threw 0x246420b8 at C:\re\jdk7u79\2331\hotspot\src\share\vm\interpreter\linkResolver.cpp:892
Event: 8.633 Thread 0x0236c800 Threw 0x246427d0 at C:\re\jdk7u79\2331\hotspot\src\share\vm\interpreter\linkResolver.cpp:892
Event: 8.634 Thread 0x0236c800 Threw 0x24642c20 at C:\re\jdk7u79\2331\hotspot\src\share\vm\interpreter\linkResolver.cpp:892

Events (10 events):
Event: 8.669 Executing VM operation: RevokeBias
Event: 8.669 Executing VM operation: RevokeBias done
Event: 8.669 Executing VM operation: RevokeBias
Event: 8.669 Executing VM operation: RevokeBias done
Event: 8.669 Executing VM operation: BulkRevokeBias
Event: 8.669 Executing VM operation: BulkRevokeBias done
Event: 8.669 Executing VM operation: RevokeBias
Event: 8.669 Executing VM operation: RevokeBias done
Event: 8.669 Executing VM operation: BulkRevokeBias
Event: 8.669 Executing VM operation: BulkRevokeBias done


Dynamic libraries:
0x00d90000 - 0x00dbf000 	C:\Program Files (x86)\Java\jre7\bin\javaw.exe
0x77ac0000 - 0x77c3b000 	C:\WINDOWS\SYSTEM32\ntdll.dll
0x77670000 - 0x77750000 	C:\WINDOWS\SYSTEM32\KERNEL32.DLL
0x76250000 - 0x763ce000 	C:\WINDOWS\SYSTEM32\KERNELBASE.dll
0x748e0000 - 0x7495b000 	C:\WINDOWS\SYSTEM32\ADVAPI32.dll
0x774f0000 - 0x775ae000 	C:\WINDOWS\SYSTEM32\msvcrt.dll
0x75ff0000 - 0x76034000 	C:\WINDOWS\SYSTEM32\sechost.dll
0x765e0000 - 0x7668d000 	C:\WINDOWS\SYSTEM32\RPCRT4.dll
0x747d0000 - 0x747ee000 	C:\WINDOWS\SYSTEM32\SspiCli.dll
0x747c0000 - 0x747ca000 	C:\WINDOWS\SYSTEM32\CRYPTBASE.dll
0x76d60000 - 0x76db8000 	C:\WINDOWS\SYSTEM32\bcryptPrimitives.dll
0x77750000 - 0x77897000 	C:\WINDOWS\SYSTEM32\USER32.dll
0x766b0000 - 0x767ff000 	C:\WINDOWS\SYSTEM32\GDI32.dll
0x73870000 - 0x73a7f000 	C:\WINDOWS\WinSxS\x86_microsoft.windows.common-controls_6595b64144ccf1df_6.0.10586.0_none_d3c2e4e965da4528\COMCTL32.dll
0x778a0000 - 0x77a5d000 	C:\WINDOWS\SYSTEM32\combase.dll
0x74b70000 - 0x74b9b000 	C:\WINDOWS\SYSTEM32\IMM32.DLL
0x62eb0000 - 0x62f6f000 	C:\Program Files (x86)\Java\jre7\bin\msvcr100.dll
0x5c530000 - 0x5c8b9000 	C:\Program Files (x86)\Java\jre7\bin\client\jvm.dll
0x74960000 - 0x74966000 	C:\WINDOWS\SYSTEM32\PSAPI.DLL
0x73fe0000 - 0x73fe8000 	C:\WINDOWS\SYSTEM32\WSOCK32.dll
0x733a0000 - 0x733c4000 	C:\WINDOWS\SYSTEM32\WINMM.dll
0x77260000 - 0x772bf000 	C:\WINDOWS\SYSTEM32\WS2_32.dll
0x00760000 - 0x00783000 	C:\WINDOWS\SYSTEM32\WINMMBASE.dll
0x77200000 - 0x77237000 	C:\WINDOWS\SYSTEM32\cfgmgr32.dll
0x6a4a0000 - 0x6a4ac000 	C:\Program Files (x86)\Java\jre7\bin\verify.dll
0x6a480000 - 0x6a4a0000 	C:\Program Files (x86)\Java\jre7\bin\java.dll
0x63870000 - 0x63883000 	C:\Program Files (x86)\Java\jre7\bin\zip.dll
0x5c2c0000 - 0x5c529000 	C:\Users\ShottyMonsta\Desktop\CraftPlannerFinal\LGOAPCraft\bwapi_bridge2_4.dll
0x63730000 - 0x637a1000 	C:\WINDOWS\SYSTEM32\MSVCP120.dll
0x62dc0000 - 0x62eae000 	C:\WINDOWS\SYSTEM32\MSVCR120.dll
0x6acc0000 - 0x6ad27000 	C:\Users\ShottyMonsta\Desktop\CraftPlannerFinal\LGOAPCraft\libgmp-10.dll
0x6f540000 - 0x6f59e000 	C:\Users\ShottyMonsta\Desktop\CraftPlannerFinal\LGOAPCraft\libmpfr-4.dll
0x69bd0000 - 0x69d0f000 	C:\WINDOWS\SYSTEM32\dbghelp.dll

VM Arguments:
jvm_args: -Dfile.encoding=Cp1252 
java_command: Managers.GameManager
Launcher Type: SUN_STANDARD

Environment Variables:
PATH=C:/Program Files (x86)/Java/jre7/bin/client;C:/Program Files (x86)/Java/jre7/bin;C:/Program Files (x86)/Java/jre7/lib/i386;C:\WINDOWS\system32;C:\WINDOWS;C:\WINDOWS\system32\wbem;C:\Program Files\Common Files\Microsoft Shared\Windows Live;C:\Program Files (x86)\Common Files\Microsoft Shared\Windows Live;C:\Program Files (x86)\Intel\iCLS Client;C:\Program Files\Intel\iCLS Client;C:\Windows\System32\WindowsPowerShell\v1.0;C:\Program Files\Intel\Intel(R) Management Engine Components\DAL;C:\Program Files\Intel\Intel(R) Management Engine Components\IPT;C:\Program Files (x86)\Intel\Intel(R) Management Engine Components\DAL;C:\Program Files (x86)\Intel\Intel(R) Management Engine Components\IPT;C:\Program Files\Common Files\Autodesk Shared;C:\Program Files\Microsoft SQL Server\110\Tools\Binn;C:\Program Files (x86)\Java\jdk1.7.0_40\bin;C:\Program Files (x86)\nodejs\\bin;C:\Users\ShottyMonsta\AppData\Local\Smartbar\Application;C:\Program Files (x86)\Windows Live\Shared;C:\Program Files (x86)\Autodesk\Backburner;C:\Program Files (x86)\Skype\Phone;C:\Program Files (x86)\Windows Kits\8.1\Windows Performance Toolkit;C:\Program Files\doxygen\bin;C:\WINDOWS\System32\Wbem;C:\WINDOWS\System32\WindowsPowerShell\v1.0\;C:\Program Files (x86)\Skype\Phone\;C:\Program Files\Common Files\Autodesk Shared\;C:\Program Files (x86)\NVIDIA Corporation\PhysX\Common;C:\WINDOWS\system32\config\systemprofile\.dnx\bin;C:\Program Files\Microsoft DNX\Dnvm\;C:\Program Files (x86)\Windows Kits\8.1\Windows Performance Toolkit\;C:\Users\ShottyMonsta\eclipse\java-mars\eclipse;
USERNAME=ShottyMonsta
OS=Windows_NT
PROCESSOR_IDENTIFIER=Intel64 Family 6 Model 58 Stepping 9, GenuineIntel



---------------  S Y S T E M  ---------------

OS: Windows 8.1 , 64 bit Build 9600 

CPU:total 8 (4 cores per cpu, 2 threads per core) family 6 model 58 stepping 9, cmov, cx8, fxsr, mmx, sse, sse2, sse3, ssse3, sse4.1, sse4.2, popcnt, avx, aes, erms, ht, tsc, tscinvbit, tscinv

Memory: 4k page, physical 16720292k(12900108k free), swap 33497508k(28903040k free)

vm_info: Java HotSpot(TM) Client VM (24.79-b02) for windows-x86 JRE (1.7.0_79-b15), built on Apr 10 2015 16:49:13 by "java_re" with unknown MS VC++:1600

time: Fri Apr 22 19:37:58 2016
elapsed time: 9 seconds

